2021-05-04 00:26:56.821 [http-nio-8090-exec-1] ERROR com.ling.handler.exception.MyGlobalException - java.lang.NullPointerException
2021-05-04 16:29:01.593 [restartedMain] ERROR o.s.orm.jpa.LocalContainerEntityManagerFactoryBean - Failed to initialize JPA EntityManagerFactory: [PersistenceUnit: default] Unable to build Hibernate SessionFactory; nested exception is org.hibernate.MappingException: Could not get constructor for org.hibernate.persister.entity.SingleTableEntityPersister
2021-05-04 16:29:01.595 [restartedMain] ERROR o.s.boot.web.embedded.tomcat.TomcatStarter - Error starting Tomcat context. Exception: org.springframework.beans.factory.UnsatisfiedDependencyException. Message: Error creating bean with name 'securityConfig': Unsatisfied dependency expressed through method 'setContentNegotationStrategy' parameter 0; nested exception is org.springframework.beans.factory.UnsatisfiedDependencyException: Error creating bean with name 'org.springframework.boot.autoconfigure.web.servlet.WebMvcAutoConfiguration$EnableWebMvcConfiguration': Unsatisfied dependency expressed through method 'setConfigurers' parameter 0; nested exception is org.springframework.beans.factory.UnsatisfiedDependencyException: Error creating bean with name 'openEntityManagerInViewInterceptorConfigurer' defined in class path resource [org/springframework/boot/autoconfigure/orm/jpa/JpaBaseConfiguration$JpaWebConfiguration.class]: Unsatisfied dependency expressed through method 'openEntityManagerInViewInterceptorConfigurer' parameter 0; nested exception is org.springframework.beans.factory.BeanCreationException: Error creating bean with name 'openEntityManagerInViewInterceptor' defined in class path resource [org/springframework/boot/autoconfigure/orm/jpa/JpaBaseConfiguration$JpaWebConfiguration.class]: Initialization of bean failed; nested exception is org.springframework.beans.factory.BeanCreationException: Error creating bean with name 'entityManagerFactory' defined in class path resource [org/springframework/boot/autoconfigure/orm/jpa/HibernateJpaConfiguration.class]: Invocation of init method failed; nested exception is javax.persistence.PersistenceException: [PersistenceUnit: default] Unable to build Hibernate SessionFactory; nested exception is org.hibernate.MappingException: Could not get constructor for org.hibernate.persister.entity.SingleTableEntityPersister
2021-05-04 16:29:01.664 [restartedMain] ERROR org.springframework.boot.SpringApplication - Application run failed
org.springframework.context.ApplicationContextException: Unable to start web server; nested exception is org.springframework.boot.web.server.WebServerException: Unable to start embedded Tomcat
	at org.springframework.boot.web.servlet.context.ServletWebServerApplicationContext.onRefresh(ServletWebServerApplicationContext.java:162)
	at org.springframework.context.support.AbstractApplicationContext.refresh(AbstractApplicationContext.java:577)
	at org.springframework.boot.web.servlet.context.ServletWebServerApplicationContext.refresh(ServletWebServerApplicationContext.java:144)
	at org.springframework.boot.SpringApplication.refresh(SpringApplication.java:769)
	at org.springframework.boot.SpringApplication.refresh(SpringApplication.java:761)
	at org.springframework.boot.SpringApplication.refreshContext(SpringApplication.java:426)
	at org.springframework.boot.SpringApplication.run(SpringApplication.java:326)
	at org.springframework.boot.SpringApplication.run(SpringApplication.java:1313)
	at org.springframework.boot.SpringApplication.run(SpringApplication.java:1302)
	at com.ling.LingApplication.main(LingApplication.java:10)
	at java.base/jdk.internal.reflect.NativeMethodAccessorImpl.invoke0(Native Method)
	at java.base/jdk.internal.reflect.NativeMethodAccessorImpl.invoke(NativeMethodAccessorImpl.java:62)
	at java.base/jdk.internal.reflect.DelegatingMethodAccessorImpl.invoke(DelegatingMethodAccessorImpl.java:43)
	at java.base/java.lang.reflect.Method.invoke(Method.java:564)
	at org.springframework.boot.devtools.restart.RestartLauncher.run(RestartLauncher.java:49)
Caused by: org.springframework.boot.web.server.WebServerException: Unable to start embedded Tomcat
	at org.springframework.boot.web.embedded.tomcat.TomcatWebServer.initialize(TomcatWebServer.java:142)
	at org.springframework.boot.web.embedded.tomcat.TomcatWebServer.<init>(TomcatWebServer.java:104)
	at org.springframework.boot.web.embedded.tomcat.TomcatServletWebServerFactory.getTomcatWebServer(TomcatServletWebServerFactory.java:450)
	at org.springframework.boot.web.embedded.tomcat.TomcatServletWebServerFactory.getWebServer(TomcatServletWebServerFactory.java:199)
	at org.springframework.boot.web.servlet.context.ServletWebServerApplicationContext.createWebServer(ServletWebServerApplicationContext.java:181)
	at org.springframework.boot.web.servlet.context.ServletWebServerApplicationContext.onRefresh(ServletWebServerApplicationContext.java:159)
	... 14 common frames omitted
Caused by: org.springframework.beans.factory.UnsatisfiedDependencyException: Error creating bean with name 'securityConfig': Unsatisfied dependency expressed through method 'setContentNegotationStrategy' parameter 0; nested exception is org.springframework.beans.factory.UnsatisfiedDependencyException: Error creating bean with name 'org.springframework.boot.autoconfigure.web.servlet.WebMvcAutoConfiguration$EnableWebMvcConfiguration': Unsatisfied dependency expressed through method 'setConfigurers' parameter 0; nested exception is org.springframework.beans.factory.UnsatisfiedDependencyException: Error creating bean with name 'openEntityManagerInViewInterceptorConfigurer' defined in class path resource [org/springframework/boot/autoconfigure/orm/jpa/JpaBaseConfiguration$JpaWebConfiguration.class]: Unsatisfied dependency expressed through method 'openEntityManagerInViewInterceptorConfigurer' parameter 0; nested exception is org.springframework.beans.factory.BeanCreationException: Error creating bean with name 'openEntityManagerInViewInterceptor' defined in class path resource [org/springframework/boot/autoconfigure/orm/jpa/JpaBaseConfiguration$JpaWebConfiguration.class]: Initialization of bean failed; nested exception is org.springframework.beans.factory.BeanCreationException: Error creating bean with name 'entityManagerFactory' defined in class path resource [org/springframework/boot/autoconfigure/orm/jpa/HibernateJpaConfiguration.class]: Invocation of init method failed; nested exception is javax.persistence.PersistenceException: [PersistenceUnit: default] Unable to build Hibernate SessionFactory; nested exception is org.hibernate.MappingException: Could not get constructor for org.hibernate.persister.entity.SingleTableEntityPersister
	at org.springframework.beans.factory.annotation.AutowiredAnnotationBeanPostProcessor$AutowiredMethodElement.resolveMethodArguments(AutowiredAnnotationBeanPostProcessor.java:768)
	at org.springframework.beans.factory.annotation.AutowiredAnnotationBeanPostProcessor$AutowiredMethodElement.inject(AutowiredAnnotationBeanPostProcessor.java:720)
	at org.springframework.beans.factory.annotation.InjectionMetadata.inject(InjectionMetadata.java:119)
	at org.springframework.beans.factory.annotation.AutowiredAnnotationBeanPostProcessor.postProcessProperties(AutowiredAnnotationBeanPostProcessor.java:399)
	at org.springframework.beans.factory.support.AbstractAutowireCapableBeanFactory.populateBean(AbstractAutowireCapableBeanFactory.java:1413)
	at org.springframework.beans.factory.support.AbstractAutowireCapableBeanFactory.doCreateBean(AbstractAutowireCapableBeanFactory.java:601)
	at org.springframework.beans.factory.support.AbstractAutowireCapableBeanFactory.createBean(AbstractAutowireCapableBeanFactory.java:524)
	at org.springframework.beans.factory.support.AbstractBeanFactory.lambda$doGetBean$0(AbstractBeanFactory.java:335)
	at org.springframework.beans.factory.support.DefaultSingletonBeanRegistry.getSingleton(DefaultSingletonBeanRegistry.java:234)
	at org.springframework.beans.factory.support.AbstractBeanFactory.doGetBean(AbstractBeanFactory.java:333)
	at org.springframework.beans.factory.support.AbstractBeanFactory.getBean(AbstractBeanFactory.java:208)
	at org.springframework.beans.factory.support.ConstructorResolver.instantiateUsingFactoryMethod(ConstructorResolver.java:410)
	at org.springframework.beans.factory.support.AbstractAutowireCapableBeanFactory.instantiateUsingFactoryMethod(AbstractAutowireCapableBeanFactory.java:1334)
	at org.springframework.beans.factory.support.AbstractAutowireCapableBeanFactory.createBeanInstance(AbstractAutowireCapableBeanFactory.java:1177)
	at org.springframework.beans.factory.support.AbstractAutowireCapableBeanFactory.doCreateBean(AbstractAutowireCapableBeanFactory.java:564)
	at org.springframework.beans.factory.support.AbstractAutowireCapableBeanFactory.createBean(AbstractAutowireCapableBeanFactory.java:524)
	at org.springframework.beans.factory.support.AbstractBeanFactory.lambda$doGetBean$0(AbstractBeanFactory.java:335)
	at org.springframework.beans.factory.support.DefaultSingletonBeanRegistry.getSingleton(DefaultSingletonBeanRegistry.java:234)
	at org.springframework.beans.factory.support.AbstractBeanFactory.doGetBean(AbstractBeanFactory.java:333)
	at org.springframework.beans.factory.support.AbstractBeanFactory.getBean(AbstractBeanFactory.java:213)
	at org.springframework.boot.web.servlet.ServletContextInitializerBeans.getOrderedBeansOfType(ServletContextInitializerBeans.java:212)
	at org.springframework.boot.web.servlet.ServletContextInitializerBeans.addAsRegistrationBean(ServletContextInitializerBeans.java:175)
	at org.springframework.boot.web.servlet.ServletContextInitializerBeans.addAsRegistrationBean(ServletContextInitializerBeans.java:170)
	at org.springframework.boot.web.servlet.ServletContextInitializerBeans.addAdaptableBeans(ServletContextInitializerBeans.java:155)
	at org.springframework.boot.web.servlet.ServletContextInitializerBeans.<init>(ServletContextInitializerBeans.java:87)
	at org.springframework.boot.web.servlet.context.ServletWebServerApplicationContext.getServletContextInitializerBeans(ServletWebServerApplicationContext.java:259)
	at org.springframework.boot.web.servlet.context.ServletWebServerApplicationContext.selfInitialize(ServletWebServerApplicationContext.java:233)
	at org.springframework.boot.web.embedded.tomcat.TomcatStarter.onStartup(TomcatStarter.java:53)
	at org.apache.catalina.core.StandardContext.startInternal(StandardContext.java:5166)
	at org.apache.catalina.util.LifecycleBase.start(LifecycleBase.java:183)
	at org.apache.catalina.core.ContainerBase$StartChild.call(ContainerBase.java:1384)
	at org.apache.catalina.core.ContainerBase$StartChild.call(ContainerBase.java:1374)
	at java.base/java.util.concurrent.FutureTask.run(FutureTask.java:264)
	at org.apache.tomcat.util.threads.InlineExecutorService.execute(InlineExecutorService.java:75)
	at java.base/java.util.concurrent.AbstractExecutorService.submit(AbstractExecutorService.java:140)
	at org.apache.catalina.core.ContainerBase.startInternal(ContainerBase.java:909)
	at org.apache.catalina.core.StandardHost.startInternal(StandardHost.java:843)
	at org.apache.catalina.util.LifecycleBase.start(LifecycleBase.java:183)
	at org.apache.catalina.core.ContainerBase$StartChild.call(ContainerBase.java:1384)
	at org.apache.catalina.core.ContainerBase$StartChild.call(ContainerBase.java:1374)
	at java.base/java.util.concurrent.FutureTask.run(FutureTask.java:264)
	at org.apache.tomcat.util.threads.InlineExecutorService.execute(InlineExecutorService.java:75)
	at java.base/java.util.concurrent.AbstractExecutorService.submit(AbstractExecutorService.java:140)
	at org.apache.catalina.core.ContainerBase.startInternal(ContainerBase.java:909)
	at org.apache.catalina.core.StandardEngine.startInternal(StandardEngine.java:262)
	at org.apache.catalina.util.LifecycleBase.start(LifecycleBase.java:183)
	at org.apache.catalina.core.StandardService.startInternal(StandardService.java:434)
	at org.apache.catalina.util.LifecycleBase.start(LifecycleBase.java:183)
	at org.apache.catalina.core.StandardServer.startInternal(StandardServer.java:930)
	at org.apache.catalina.util.LifecycleBase.start(LifecycleBase.java:183)
	at org.apache.catalina.startup.Tomcat.start(Tomcat.java:486)
	at org.springframework.boot.web.embedded.tomcat.TomcatWebServer.initialize(TomcatWebServer.java:123)
	... 19 common frames omitted
Caused by: org.springframework.beans.factory.UnsatisfiedDependencyException: Error creating bean with name 'org.springframework.boot.autoconfigure.web.servlet.WebMvcAutoConfiguration$EnableWebMvcConfiguration': Unsatisfied dependency expressed through method 'setConfigurers' parameter 0; nested exception is org.springframework.beans.factory.UnsatisfiedDependencyException: Error creating bean with name 'openEntityManagerInViewInterceptorConfigurer' defined in class path resource [org/springframework/boot/autoconfigure/orm/jpa/JpaBaseConfiguration$JpaWebConfiguration.class]: Unsatisfied dependency expressed through method 'openEntityManagerInViewInterceptorConfigurer' parameter 0; nested exception is org.springframework.beans.factory.BeanCreationException: Error creating bean with name 'openEntityManagerInViewInterceptor' defined in class path resource [org/springframework/boot/autoconfigure/orm/jpa/JpaBaseConfiguration$JpaWebConfiguration.class]: Initialization of bean failed; nested exception is org.springframework.beans.factory.BeanCreationException: Error creating bean with name 'entityManagerFactory' defined in class path resource [org/springframework/boot/autoconfigure/orm/jpa/HibernateJpaConfiguration.class]: Invocation of init method failed; nested exception is javax.persistence.PersistenceException: [PersistenceUnit: default] Unable to build Hibernate SessionFactory; nested exception is org.hibernate.MappingException: Could not get constructor for org.hibernate.persister.entity.SingleTableEntityPersister
	at org.springframework.beans.factory.annotation.AutowiredAnnotationBeanPostProcessor$AutowiredMethodElement.resolveMethodArguments(AutowiredAnnotationBeanPostProcessor.java:768)
	at org.springframework.beans.factory.annotation.AutowiredAnnotationBeanPostProcessor$AutowiredMethodElement.inject(AutowiredAnnotationBeanPostProcessor.java:720)
	at org.springframework.beans.factory.annotation.InjectionMetadata.inject(InjectionMetadata.java:119)
	at org.springframework.beans.factory.annotation.AutowiredAnnotationBeanPostProcessor.postProcessProperties(AutowiredAnnotationBeanPostProcessor.java:399)
	at org.springframework.beans.factory.support.AbstractAutowireCapableBeanFactory.populateBean(AbstractAutowireCapableBeanFactory.java:1413)
	at org.springframework.beans.factory.support.AbstractAutowireCapableBeanFactory.doCreateBean(AbstractAutowireCapableBeanFactory.java:601)
	at org.springframework.beans.factory.support.AbstractAutowireCapableBeanFactory.createBean(AbstractAutowireCapableBeanFactory.java:524)
	at org.springframework.beans.factory.support.AbstractBeanFactory.lambda$doGetBean$0(AbstractBeanFactory.java:335)
	at org.springframework.beans.factory.support.DefaultSingletonBeanRegistry.getSingleton(DefaultSingletonBeanRegistry.java:234)
	at org.springframework.beans.factory.support.AbstractBeanFactory.doGetBean(AbstractBeanFactory.java:333)
	at org.springframework.beans.factory.support.AbstractBeanFactory.getBean(AbstractBeanFactory.java:208)
	at org.springframework.beans.factory.support.ConstructorResolver.instantiateUsingFactoryMethod(ConstructorResolver.java:410)
	at org.springframework.beans.factory.support.AbstractAutowireCapableBeanFactory.instantiateUsingFactoryMethod(AbstractAutowireCapableBeanFactory.java:1334)
	at org.springframework.beans.factory.support.AbstractAutowireCapableBeanFactory.createBeanInstance(AbstractAutowireCapableBeanFactory.java:1177)
	at org.springframework.beans.factory.support.AbstractAutowireCapableBeanFactory.doCreateBean(AbstractAutowireCapableBeanFactory.java:564)
	at org.springframework.beans.factory.support.AbstractAutowireCapableBeanFactory.createBean(AbstractAutowireCapableBeanFactory.java:524)
	at org.springframework.beans.factory.support.AbstractBeanFactory.lambda$doGetBean$0(AbstractBeanFactory.java:335)
	at org.springframework.beans.factory.support.DefaultSingletonBeanRegistry.getSingleton(DefaultSingletonBeanRegistry.java:234)
	at org.springframework.beans.factory.support.AbstractBeanFactory.doGetBean(AbstractBeanFactory.java:333)
	at org.springframework.beans.factory.support.AbstractBeanFactory.getBean(AbstractBeanFactory.java:208)
	at org.springframework.beans.factory.config.DependencyDescriptor.resolveCandidate(DependencyDescriptor.java:276)
	at org.springframework.beans.factory.support.DefaultListableBeanFactory.doResolveDependency(DefaultListableBeanFactory.java:1380)
	at org.springframework.beans.factory.support.DefaultListableBeanFactory.resolveDependency(DefaultListableBeanFactory.java:1300)
	at org.springframework.beans.factory.annotation.AutowiredAnnotationBeanPostProcessor$AutowiredMethodElement.resolveMethodArguments(AutowiredAnnotationBeanPostProcessor.java:760)
	... 70 common frames omitted
Caused by: org.springframework.beans.factory.UnsatisfiedDependencyException: Error creating bean with name 'openEntityManagerInViewInterceptorConfigurer' defined in class path resource [org/springframework/boot/autoconfigure/orm/jpa/JpaBaseConfiguration$JpaWebConfiguration.class]: Unsatisfied dependency expressed through method 'openEntityManagerInViewInterceptorConfigurer' parameter 0; nested exception is org.springframework.beans.factory.BeanCreationException: Error creating bean with name 'openEntityManagerInViewInterceptor' defined in class path resource [org/springframework/boot/autoconfigure/orm/jpa/JpaBaseConfiguration$JpaWebConfiguration.class]: Initialization of bean failed; nested exception is org.springframework.beans.factory.BeanCreationException: Error creating bean with name 'entityManagerFactory' defined in class path resource [org/springframework/boot/autoconfigure/orm/jpa/HibernateJpaConfiguration.class]: Invocation of init method failed; nested exception is javax.persistence.PersistenceException: [PersistenceUnit: default] Unable to build Hibernate SessionFactory; nested exception is org.hibernate.MappingException: Could not get constructor for org.hibernate.persister.entity.SingleTableEntityPersister
	at org.springframework.beans.factory.support.ConstructorResolver.createArgumentArray(ConstructorResolver.java:800)
	at org.springframework.beans.factory.support.ConstructorResolver.instantiateUsingFactoryMethod(ConstructorResolver.java:541)
	at org.springframework.beans.factory.support.AbstractAutowireCapableBeanFactory.instantiateUsingFactoryMethod(AbstractAutowireCapableBeanFactory.java:1334)
	at org.springframework.beans.factory.support.AbstractAutowireCapableBeanFactory.createBeanInstance(AbstractAutowireCapableBeanFactory.java:1177)
	at org.springframework.beans.factory.support.AbstractAutowireCapableBeanFactory.doCreateBean(AbstractAutowireCapableBeanFactory.java:564)
	at org.springframework.beans.factory.support.AbstractAutowireCapableBeanFactory.createBean(AbstractAutowireCapableBeanFactory.java:524)
	at org.springframework.beans.factory.support.AbstractBeanFactory.lambda$doGetBean$0(AbstractBeanFactory.java:335)
	at org.springframework.beans.factory.support.DefaultSingletonBeanRegistry.getSingleton(DefaultSingletonBeanRegistry.java:234)
	at org.springframework.beans.factory.support.AbstractBeanFactory.doGetBean(AbstractBeanFactory.java:333)
	at org.springframework.beans.factory.support.AbstractBeanFactory.getBean(AbstractBeanFactory.java:208)
	at org.springframework.beans.factory.config.DependencyDescriptor.resolveCandidate(DependencyDescriptor.java:276)
	at org.springframework.beans.factory.support.DefaultListableBeanFactory.addCandidateEntry(DefaultListableBeanFactory.java:1598)
	at org.springframework.beans.factory.support.DefaultListableBeanFactory.findAutowireCandidates(DefaultListableBeanFactory.java:1562)
	at org.springframework.beans.factory.support.DefaultListableBeanFactory.resolveMultipleBeans(DefaultListableBeanFactory.java:1451)
	at org.springframework.beans.factory.support.DefaultListableBeanFactory.doResolveDependency(DefaultListableBeanFactory.java:1338)
	at org.springframework.beans.factory.support.DefaultListableBeanFactory.resolveDependency(DefaultListableBeanFactory.java:1300)
	at org.springframework.beans.factory.annotation.AutowiredAnnotationBeanPostProcessor$AutowiredMethodElement.resolveMethodArguments(AutowiredAnnotationBeanPostProcessor.java:760)
	... 93 common frames omitted
Caused by: org.springframework.beans.factory.BeanCreationException: Error creating bean with name 'openEntityManagerInViewInterceptor' defined in class path resource [org/springframework/boot/autoconfigure/orm/jpa/JpaBaseConfiguration$JpaWebConfiguration.class]: Initialization of bean failed; nested exception is org.springframework.beans.factory.BeanCreationException: Error creating bean with name 'entityManagerFactory' defined in class path resource [org/springframework/boot/autoconfigure/orm/jpa/HibernateJpaConfiguration.class]: Invocation of init method failed; nested exception is javax.persistence.PersistenceException: [PersistenceUnit: default] Unable to build Hibernate SessionFactory; nested exception is org.hibernate.MappingException: Could not get constructor for org.hibernate.persister.entity.SingleTableEntityPersister
	at org.springframework.beans.factory.support.AbstractAutowireCapableBeanFactory.doCreateBean(AbstractAutowireCapableBeanFactory.java:610)
	at org.springframework.beans.factory.support.AbstractAutowireCapableBeanFactory.createBean(AbstractAutowireCapableBeanFactory.java:524)
	at org.springframework.beans.factory.support.AbstractBeanFactory.lambda$doGetBean$0(AbstractBeanFactory.java:335)
	at org.springframework.beans.factory.support.DefaultSingletonBeanRegistry.getSingleton(DefaultSingletonBeanRegistry.java:234)
	at org.springframework.beans.factory.support.AbstractBeanFactory.doGetBean(AbstractBeanFactory.java:333)
	at org.springframework.beans.factory.support.AbstractBeanFactory.getBean(AbstractBeanFactory.java:208)
	at org.springframework.beans.factory.config.DependencyDescriptor.resolveCandidate(DependencyDescriptor.java:276)
	at org.springframework.beans.factory.support.DefaultListableBeanFactory.doResolveDependency(DefaultListableBeanFactory.java:1380)
	at org.springframework.beans.factory.support.DefaultListableBeanFactory.resolveDependency(DefaultListableBeanFactory.java:1300)
	at org.springframework.beans.factory.support.ConstructorResolver.resolveAutowiredArgument(ConstructorResolver.java:887)
	at org.springframework.beans.factory.support.ConstructorResolver.createArgumentArray(ConstructorResolver.java:791)
	... 109 common frames omitted
Caused by: org.springframework.beans.factory.BeanCreationException: Error creating bean with name 'entityManagerFactory' defined in class path resource [org/springframework/boot/autoconfigure/orm/jpa/HibernateJpaConfiguration.class]: Invocation of init method failed; nested exception is javax.persistence.PersistenceException: [PersistenceUnit: default] Unable to build Hibernate SessionFactory; nested exception is org.hibernate.MappingException: Could not get constructor for org.hibernate.persister.entity.SingleTableEntityPersister
	at org.springframework.beans.factory.support.AbstractAutowireCapableBeanFactory.initializeBean(AbstractAutowireCapableBeanFactory.java:1786)
	at org.springframework.beans.factory.support.AbstractAutowireCapableBeanFactory.doCreateBean(AbstractAutowireCapableBeanFactory.java:602)
	at org.springframework.beans.factory.support.AbstractAutowireCapableBeanFactory.createBean(AbstractAutowireCapableBeanFactory.java:524)
	at org.springframework.beans.factory.support.AbstractBeanFactory.lambda$doGetBean$0(AbstractBeanFactory.java:335)
	at org.springframework.beans.factory.support.DefaultSingletonBeanRegistry.getSingleton(DefaultSingletonBeanRegistry.java:234)
	at org.springframework.beans.factory.support.AbstractBeanFactory.doGetBean(AbstractBeanFactory.java:333)
	at org.springframework.beans.factory.support.AbstractBeanFactory.getBean(AbstractBeanFactory.java:233)
	at org.springframework.beans.factory.support.DefaultListableBeanFactory.resolveNamedBean(DefaultListableBeanFactory.java:1273)
	at org.springframework.beans.factory.support.DefaultListableBeanFactory.resolveNamedBean(DefaultListableBeanFactory.java:1234)
	at org.springframework.beans.factory.support.DefaultListableBeanFactory.resolveBean(DefaultListableBeanFactory.java:494)
	at org.springframework.beans.factory.support.DefaultListableBeanFactory.getBean(DefaultListableBeanFactory.java:349)
	at org.springframework.beans.factory.support.DefaultListableBeanFactory.getBean(DefaultListableBeanFactory.java:342)
	at org.springframework.orm.jpa.EntityManagerFactoryUtils.findEntityManagerFactory(EntityManagerFactoryUtils.java:121)
	at org.springframework.orm.jpa.EntityManagerFactoryAccessor.setBeanFactory(EntityManagerFactoryAccessor.java:155)
	at org.springframework.beans.factory.support.AbstractAutowireCapableBeanFactory.invokeAwareMethods(AbstractAutowireCapableBeanFactory.java:1808)
	at org.springframework.beans.factory.support.AbstractAutowireCapableBeanFactory.initializeBean(AbstractAutowireCapableBeanFactory.java:1773)
	at org.springframework.beans.factory.support.AbstractAutowireCapableBeanFactory.doCreateBean(AbstractAutowireCapableBeanFactory.java:602)
	... 119 common frames omitted
Caused by: javax.persistence.PersistenceException: [PersistenceUnit: default] Unable to build Hibernate SessionFactory; nested exception is org.hibernate.MappingException: Could not get constructor for org.hibernate.persister.entity.SingleTableEntityPersister
	at org.springframework.orm.jpa.AbstractEntityManagerFactoryBean.buildNativeEntityManagerFactory(AbstractEntityManagerFactoryBean.java:421)
	at org.springframework.orm.jpa.AbstractEntityManagerFactoryBean.afterPropertiesSet(AbstractEntityManagerFactoryBean.java:396)
	at org.springframework.orm.jpa.LocalContainerEntityManagerFactoryBean.afterPropertiesSet(LocalContainerEntityManagerFactoryBean.java:341)
	at org.springframework.beans.factory.support.AbstractAutowireCapableBeanFactory.invokeInitMethods(AbstractAutowireCapableBeanFactory.java:1845)
	at org.springframework.beans.factory.support.AbstractAutowireCapableBeanFactory.initializeBean(AbstractAutowireCapableBeanFactory.java:1782)
	... 135 common frames omitted
Caused by: org.hibernate.MappingException: Could not get constructor for org.hibernate.persister.entity.SingleTableEntityPersister
	at org.hibernate.persister.internal.PersisterFactoryImpl.createEntityPersister(PersisterFactoryImpl.java:123)
	at org.hibernate.persister.internal.PersisterFactoryImpl.createEntityPersister(PersisterFactoryImpl.java:77)
	at org.hibernate.metamodel.internal.MetamodelImpl.initialize(MetamodelImpl.java:181)
	at org.hibernate.internal.SessionFactoryImpl.<init>(SessionFactoryImpl.java:303)
	at org.hibernate.boot.internal.SessionFactoryBuilderImpl.build(SessionFactoryBuilderImpl.java:468)
	at org.hibernate.jpa.boot.internal.EntityManagerFactoryBuilderImpl.build(EntityManagerFactoryBuilderImpl.java:1259)
	at org.springframework.orm.jpa.vendor.SpringHibernateJpaPersistenceProvider.createContainerEntityManagerFactory(SpringHibernateJpaPersistenceProvider.java:58)
	at org.springframework.orm.jpa.LocalContainerEntityManagerFactoryBean.createNativeEntityManagerFactory(LocalContainerEntityManagerFactoryBean.java:365)
	at org.springframework.orm.jpa.AbstractEntityManagerFactoryBean.buildNativeEntityManagerFactory(AbstractEntityManagerFactoryBean.java:409)
	... 139 common frames omitted
Caused by: org.hibernate.InstantiationException: could not instantiate test object : com.ling.pojo.Article
	at org.hibernate.engine.internal.UnsavedValueFactory.instantiate(UnsavedValueFactory.java:43)
	at org.hibernate.engine.internal.UnsavedValueFactory.getUnsavedIdentifierValue(UnsavedValueFactory.java:68)
	at org.hibernate.tuple.PropertyFactory.buildIdentifierAttribute(PropertyFactory.java:63)
	at org.hibernate.tuple.entity.EntityMetamodel.<init>(EntityMetamodel.java:140)
	at org.hibernate.persister.entity.AbstractEntityPersister.<init>(AbstractEntityPersister.java:609)
	at org.hibernate.persister.entity.SingleTableEntityPersister.<init>(SingleTableEntityPersister.java:128)
	at java.base/jdk.internal.reflect.NativeConstructorAccessorImpl.newInstance0(Native Method)
	at java.base/jdk.internal.reflect.NativeConstructorAccessorImpl.newInstance(NativeConstructorAccessorImpl.java:62)
	at java.base/jdk.internal.reflect.DelegatingConstructorAccessorImpl.newInstance(DelegatingConstructorAccessorImpl.java:45)
	at java.base/java.lang.reflect.Constructor.newInstanceWithCaller(Constructor.java:500)
	at java.base/java.lang.reflect.Constructor.newInstance(Constructor.java:481)
	at org.hibernate.persister.internal.PersisterFactoryImpl.createEntityPersister(PersisterFactoryImpl.java:96)
	... 147 common frames omitted
Caused by: java.lang.reflect.InvocationTargetException: null
	at java.base/jdk.internal.reflect.NativeConstructorAccessorImpl.newInstance0(Native Method)
	at java.base/jdk.internal.reflect.NativeConstructorAccessorImpl.newInstance(NativeConstructorAccessorImpl.java:62)
	at java.base/jdk.internal.reflect.DelegatingConstructorAccessorImpl.newInstance(DelegatingConstructorAccessorImpl.java:45)
	at java.base/java.lang.reflect.Constructor.newInstanceWithCaller(Constructor.java:500)
	at java.base/java.lang.reflect.Constructor.newInstance(Constructor.java:481)
	at org.hibernate.engine.internal.UnsavedValueFactory.instantiate(UnsavedValueFactory.java:40)
	... 158 common frames omitted
Caused by: java.lang.NullPointerException: null
	at com.ling.pojo.Article.<init>(Article.java:63)
	... 164 common frames omitted
2021-05-04 16:31:23.789 [http-nio-8090-exec-4] ERROR com.ling.handler.exception.MyGlobalException - org.springframework.web.bind.MissingServletRequestParameterException: Required Integer parameter 'articleId' is not present
2021-05-04 16:31:48.829 [http-nio-8090-exec-2] ERROR com.ling.handler.exception.MyGlobalException - org.springframework.web.bind.MissingServletRequestParameterException: Required Integer parameter 'articleId' is not present
2021-05-04 16:31:55.470 [http-nio-8090-exec-5] ERROR com.ling.handler.exception.MyGlobalException - org.springframework.web.bind.MissingServletRequestParameterException: Required Integer parameter 'articleId' is not present
2021-05-04 16:41:23.124 [http-nio-8090-exec-3] ERROR com.ling.handler.exception.MyGlobalException - org.springframework.http.converter.HttpMessageNotWritableException: Could not write JSON: Infinite recursion (StackOverflowError); nested exception is com.fasterxml.jackson.databind.JsonMappingException: Infinite recursion (StackOverflowError) (through reference chain: org.hibernate.collection.internal.PersistentBag[0]->com.ling.pojo.Tag["articles"]->org.hibernate.collection.internal.PersistentBag[0]->com.ling.pojo.Article["tags"]->org.hibernate.collection.internal.PersistentBag[0]->com.ling.pojo.Tag["articles"]->org.hibernate.collection.internal.PersistentBag[0]->com.ling.pojo.Article["tags"]->org.hibernate.collection.internal.PersistentBag[0]->com.ling.pojo.Tag["articles"]->org.hibernate.collection.internal.PersistentBag[0]->com.ling.pojo.Article["tags"]->org.hibernate.collection.internal.PersistentBag[0]->com.ling.pojo.Tag["articles"]->org.hibernate.collection.internal.PersistentBag[0]->com.ling.pojo.Article["tags"]->org.hibernate.collection.internal.PersistentBag[0]->com.ling.pojo.Tag["articles"]->org.hibernate.collection.internal.PersistentBag[0]->com.ling.pojo.Article["tags"]->org.hibernate.collection.internal.PersistentBag[0]->com.ling.pojo.Tag["articles"]->org.hibernate.collection.internal.PersistentBag[0]->com.ling.pojo.Article["tags"]->org.hibernate.collection.internal.PersistentBag[0]->com.ling.pojo.Tag["articles"]->org.hibernate.collection.internal.PersistentBag[0]->com.ling.pojo.Article["tags"]->org.hibernate.collection.internal.PersistentBag[0]->com.ling.pojo.Tag["articles"]->org.hibernate.collection.internal.PersistentBag[0]->com.ling.pojo.Article["tags"]->org.hibernate.collection.internal.PersistentBag[0]->com.ling.pojo.Tag["articles"]->org.hibernate.collection.internal.PersistentBag[0]->com.ling.pojo.Article["tags"]->org.hibernate.collection.internal.PersistentBag[0]->com.ling.pojo.Tag["articles"]->org.hibernate.collection.internal.PersistentBag[0]->com.ling.pojo.Article["tags"]->org.hibernate.collection.internal.PersistentBag[0]->com.ling.pojo.Tag["articles"]->org.hibernate.collection.internal.PersistentBag[0]->com.ling.pojo.Article["tags"]->org.hibernate.collection.internal.PersistentBag[0]->com.ling.pojo.Tag["articles"]->org.hibernate.collection.internal.PersistentBag[0]->com.ling.pojo.Article["tags"]->org.hibernate.collection.internal.PersistentBag[0]->com.ling.pojo.Tag["articles"]->org.hibernate.collection.internal.PersistentBag[0]->com.ling.pojo.Article["tags"]->org.hibernate.collection.internal.PersistentBag[0]->com.ling.pojo.Tag["articles"]->org.hibernate.collection.internal.PersistentBag[0]->com.ling.pojo.Article["tags"]->org.hibernate.collection.internal.PersistentBag[0]->com.ling.pojo.Tag["articles"]->org.hibernate.collection.internal.PersistentBag[0]->com.ling.pojo.Article["tags"]->org.hibernate.collection.internal.PersistentBag[0]->com.ling.pojo.Tag["articles"]->org.hibernate.collection.internal.PersistentBag[0]->com.ling.pojo.Article["tags"]->org.hibernate.collection.internal.PersistentBag[0]->com.ling.pojo.Tag["articles"]->org.hibernate.collection.internal.PersistentBag[0]->com.ling.pojo.Article["tags"]->org.hibernate.collection.internal.PersistentBag[0]->com.ling.pojo.Tag["articles"]->org.hibernate.collection.internal.PersistentBag[0]->com.ling.pojo.Article["tags"]->org.hibernate.collection.internal.PersistentBag[0]->com.ling.pojo.Tag["articles"]->org.hibernate.collection.internal.PersistentBag[0]->com.ling.pojo.Article["tags"]->org.hibernate.collection.internal.PersistentBag[0]->com.ling.pojo.Tag["articles"]->org.hibernate.collection.internal.PersistentBag[0]->com.ling.pojo.Article["tags"]->org.hibernate.collection.internal.PersistentBag[0]->com.ling.pojo.Tag["articles"]->org.hibernate.collection.internal.PersistentBag[0]->com.ling.pojo.Article["tags"]->org.hibernate.collection.internal.PersistentBag[0]->com.ling.pojo.Tag["articles"]->org.hibernate.collection.internal.PersistentBag[0]->com.ling.pojo.Article["tags"]->org.hibernate.collection.internal.PersistentBag[0]->com.ling.pojo.Tag["articles"]->org.hibernate.collection.internal.PersistentBag[0]->com.ling.pojo.Article["tags"]->org.hibernate.collection.internal.PersistentBag[0]->com.ling.pojo.Tag["articles"]->org.hibernate.collection.internal.PersistentBag[0]->com.ling.pojo.Article["tags"]->org.hibernate.collection.internal.PersistentBag[0]->com.ling.pojo.Tag["articles"]->org.hibernate.collection.internal.PersistentBag[0]->com.ling.pojo.Article["tags"]->org.hibernate.collection.internal.PersistentBag[0]->com.ling.pojo.Tag["articles"]->org.hibernate.collection.internal.PersistentBag[0]->com.ling.pojo.Article["tags"]->org.hibernate.collection.internal.PersistentBag[0]->com.ling.pojo.Tag["articles"]->org.hibernate.collection.internal.PersistentBag[0]->com.ling.pojo.Article["tags"]->org.hibernate.collection.internal.PersistentBag[0]->com.ling.pojo.Tag["articles"]->org.hibernate.collection.internal.PersistentBag[0]->com.ling.pojo.Article["tags"]->org.hibernate.collection.internal.PersistentBag[0]->com.ling.pojo.Tag["articles"]->org.hibernate.collection.internal.PersistentBag[0]->com.ling.pojo.Article["tags"]->org.hibernate.collection.internal.PersistentBag[0]->com.ling.pojo.Tag["articles"]->org.hibernate.collection.internal.PersistentBag[0]->com.ling.pojo.Article["tags"]->org.hibernate.collection.internal.PersistentBag[0]->com.ling.pojo.Tag["articles"]->org.hibernate.collection.internal.PersistentBag[0]->com.ling.pojo.Article["tags"]->org.hibernate.collection.internal.PersistentBag[0]->com.ling.pojo.Tag["articles"]->org.hibernate.collection.internal.PersistentBag[0]->com.ling.pojo.Article["tags"]->org.hibernate.collection.internal.PersistentBag[0]->com.ling.pojo.Tag["articles"]->org.hibernate.collection.internal.PersistentBag[0]->com.ling.pojo.Article["tags"]->org.hibernate.collection.internal.PersistentBag[0]->com.ling.pojo.Tag["articles"]->org.hibernate.collection.internal.PersistentBag[0]->com.ling.pojo.Article["tags"]->org.hibernate.collection.internal.PersistentBag[0]->com.ling.pojo.Tag["articles"]->org.hibernate.collection.internal.PersistentBag[0]->com.ling.pojo.Article["tags"]->org.hibernate.collection.internal.PersistentBag[0]->com.ling.pojo.Tag["articles"]->org.hibernate.collection.internal.PersistentBag[0]->com.ling.pojo.Article["tags"]->org.hibernate.collection.internal.PersistentBag[0]->com.ling.pojo.Tag["articles"]->org.hibernate.collection.internal.PersistentBag[0]->com.ling.pojo.Article["tags"]->org.hibernate.collection.internal.PersistentBag[0]->com.ling.pojo.Tag["articles"]->org.hibernate.collection.internal.PersistentBag[0]->com.ling.pojo.Article["tags"]->org.hibernate.collection.internal.PersistentBag[0]->com.ling.pojo.Tag["articles"]->org.hibernate.collection.internal.PersistentBag[0]->com.ling.pojo.Article["tags"]->org.hibernate.collection.internal.PersistentBag[0]->com.ling.pojo.Tag["articles"]->org.hibernate.collection.internal.PersistentBag[0]->com.ling.pojo.Article["tags"]->org.hibernate.collection.internal.PersistentBag[0]->com.ling.pojo.Tag["articles"]->org.hibernate.collection.internal.PersistentBag[0]->com.ling.pojo.Article["tags"]->org.hibernate.collection.internal.PersistentBag[0]->com.ling.pojo.Tag["articles"]->org.hibernate.collection.internal.PersistentBag[0]->com.ling.pojo.Article["tags"]->org.hibernate.collection.internal.PersistentBag[0]->com.ling.pojo.Tag["articles"]->org.hibernate.collection.internal.PersistentBag[0]->com.ling.pojo.Article["tags"]->org.hibernate.collection.internal.PersistentBag[0]->com.ling.pojo.Tag["articles"]->org.hibernate.collection.internal.PersistentBag[0]->com.ling.pojo.Article["tags"]->org.hibernate.collection.internal.PersistentBag[0]->com.ling.pojo.Tag["articles"]->org.hibernate.collection.internal.PersistentBag[0]->com.ling.pojo.Article["tags"]->org.hibernate.collection.internal.PersistentBag[0]->com.ling.pojo.Tag["articles"]->org.hibernate.collection.internal.PersistentBag[0]->com.ling.pojo.Article["tags"]->org.hibernate.collection.internal.PersistentBag[0]->com.ling.pojo.Tag["articles"]->org.hibernate.collection.internal.PersistentBag[0]->com.ling.pojo.Article["tags"]->org.hibernate.collection.internal.PersistentBag[0]->com.ling.pojo.Tag["articles"]->org.hibernate.collection.internal.PersistentBag[0]->com.ling.pojo.Article["tags"]->org.hibernate.collection.internal.PersistentBag[0]->com.ling.pojo.Tag["articles"]->org.hibernate.collection.internal.PersistentBag[0]->com.ling.pojo.Article["tags"]->org.hibernate.collection.internal.PersistentBag[0]->com.ling.pojo.Tag["articles"]->org.hibernate.collection.internal.PersistentBag[0]->com.ling.pojo.Article["tags"]->org.hibernate.collection.internal.PersistentBag[0]->com.ling.pojo.Tag["articles"]->org.hibernate.collection.internal.PersistentBag[0]->com.ling.pojo.Article["tags"]->org.hibernate.collection.internal.PersistentBag[0]->com.ling.pojo.Tag["articles"]->org.hibernate.collection.internal.PersistentBag[0]->com.ling.pojo.Article["tags"]->org.hibernate.collection.internal.PersistentBag[0]->com.ling.pojo.Tag["articles"]->org.hibernate.collection.internal.PersistentBag[0]->com.ling.pojo.Article["tags"]->org.hibernate.collection.internal.PersistentBag[0]->com.ling.pojo.Tag["articles"]->org.hibernate.collection.internal.PersistentBag[0]->com.ling.pojo.Article["tags"]->org.hibernate.collection.internal.PersistentBag[0]->com.ling.pojo.Tag["articles"]->org.hibernate.collection.internal.PersistentBag[0]->com.ling.pojo.Article["tags"]->org.hibernate.collection.internal.PersistentBag[0]->com.ling.pojo.Tag["articles"]->org.hibernate.collection.internal.PersistentBag[0]->com.ling.pojo.Article["tags"]->org.hibernate.collection.internal.PersistentBag[0]->com.ling.pojo.Tag["articles"]->org.hibernate.collection.internal.PersistentBag[0]->com.ling.pojo.Article["tags"]->org.hibernate.collection.internal.PersistentBag[0]->com.ling.pojo.Tag["articles"]->org.hibernate.collection.internal.PersistentBag[0]->com.ling.pojo.Article["tags"]->org.hibernate.collection.internal.PersistentBag[0]->com.ling.pojo.Tag["articles"]->org.hibernate.collection.internal.PersistentBag[0]->com.ling.pojo.Article["tags"]->org.hibernate.collection.internal.PersistentBag[0]->com.ling.pojo.Tag["articles"]->org.hibernate.collection.internal.PersistentBag[0]->com.ling.pojo.Article["tags"]->org.hibernate.collection.internal.PersistentBag[0]->com.ling.pojo.Tag["articles"]->org.hibernate.collection.internal.PersistentBag[0]->com.ling.pojo.Article["tags"]->org.hibernate.collection.internal.PersistentBag[0]->com.ling.pojo.Tag["articles"]->org.hibernate.collection.internal.PersistentBag[0]->com.ling.pojo.Article["tags"]->org.hibernate.collection.internal.PersistentBag[0]->com.ling.pojo.Tag["articles"]->org.hibernate.collection.internal.PersistentBag[0]->com.ling.pojo.Article["tags"]->org.hibernate.collection.internal.PersistentBag[0]->com.ling.pojo.Tag["articles"]->org.hibernate.collection.internal.PersistentBag[0]->com.ling.pojo.Article["tags"]->org.hibernate.collection.internal.PersistentBag[0]->com.ling.pojo.Tag["articles"]->org.hibernate.collection.internal.PersistentBag[0]->com.ling.pojo.Article["tags"]->org.hibernate.collection.internal.PersistentBag[0]->com.ling.pojo.Tag["articles"]->org.hibernate.collection.internal.PersistentBag[0]->com.ling.pojo.Article["tags"]->org.hibernate.collection.internal.PersistentBag[0]->com.ling.pojo.Tag["articles"]->org.hibernate.collection.internal.PersistentBag[0]->com.ling.pojo.Article["tags"]->org.hibernate.collection.internal.PersistentBag[0]->com.ling.pojo.Tag["articles"]->org.hibernate.collection.internal.PersistentBag[0]->com.ling.pojo.Article["tags"]->org.hibernate.collection.internal.PersistentBag[0]->com.ling.pojo.Tag["articles"]->org.hibernate.collection.internal.PersistentBag[0]->com.ling.pojo.Article["tags"]->org.hibernate.collection.internal.PersistentBag[0]->com.ling.pojo.Tag["articles"]->org.hibernate.collection.internal.PersistentBag[0]->com.ling.pojo.Article["tags"]->org.hibernate.collection.internal.PersistentBag[0]->com.ling.pojo.Tag["articles"]->org.hibernate.collection.internal.PersistentBag[0]->com.ling.pojo.Article["tags"]->org.hibernate.collection.internal.PersistentBag[0]->com.ling.pojo.Tag["articles"]->org.hibernate.collection.internal.PersistentBag[0]->com.ling.pojo.Article["tags"]->org.hibernate.collection.internal.PersistentBag[0]->com.ling.pojo.Tag["articles"]->org.hibernate.collection.internal.PersistentBag[0]->com.ling.pojo.Article["tags"]->org.hibernate.collection.internal.PersistentBag[0]->com.ling.pojo.Tag["articles"]->org.hibernate.collection.internal.PersistentBag[0]->com.ling.pojo.Article["tags"]->org.hibernate.collection.internal.PersistentBag[0]->com.ling.pojo.Tag["articles"]->org.hibernate.collection.internal.PersistentBag[0]->com.ling.pojo.Article["tags"]->org.hibernate.collection.internal.PersistentBag[0]->com.ling.pojo.Tag["articles"]->org.hibernate.collection.internal.PersistentBag[0]->com.ling.pojo.Article["tags"]->org.hibernate.collection.internal.PersistentBag[0]->com.ling.pojo.Tag["articles"]->org.hibernate.collection.internal.PersistentBag[0]->com.ling.pojo.Article["tags"]->org.hibernate.collection.internal.PersistentBag[0]->com.ling.pojo.Tag["articles"]->org.hibernate.collection.internal.PersistentBag[0]->com.ling.pojo.Article["tags"]->org.hibernate.collection.internal.PersistentBag[0]->com.ling.pojo.Tag["articles"]->org.hibernate.collection.internal.PersistentBag[0]->com.ling.pojo.Article["tags"]->org.hibernate.collection.internal.PersistentBag[0]->com.ling.pojo.Tag["articles"]->org.hibernate.collection.internal.PersistentBag[0]->com.ling.pojo.Article["tags"]->org.hibernate.collection.internal.PersistentBag[0]->com.ling.pojo.Tag["articles"]->org.hibernate.collection.internal.PersistentBag[0]->com.ling.pojo.Article["tags"]->org.hibernate.collection.internal.PersistentBag[0]->com.ling.pojo.Tag["articles"]->org.hibernate.collection.internal.PersistentBag[0]->com.ling.pojo.Article["tags"]->org.hibernate.collection.internal.PersistentBag[0]->com.ling.pojo.Tag["articles"]->org.hibernate.collection.internal.PersistentBag[0]->com.ling.pojo.Article["tags"]->org.hibernate.collection.internal.PersistentBag[0]->com.ling.pojo.Tag["articles"]->org.hibernate.collection.internal.PersistentBag[0]->com.ling.pojo.Article["tags"]->org.hibernate.collection.internal.PersistentBag[0]->com.ling.pojo.Tag["articles"]->org.hibernate.collection.internal.PersistentBag[0]->com.ling.pojo.Article["tags"]->org.hibernate.collection.internal.PersistentBag[0]->com.ling.pojo.Tag["articles"]->org.hibernate.collection.internal.PersistentBag[0]->com.ling.pojo.Article["tags"]->org.hibernate.collection.internal.PersistentBag[0]->com.ling.pojo.Tag["articles"]->org.hibernate.collection.internal.PersistentBag[0]->com.ling.pojo.Article["tags"]->org.hibernate.collection.internal.PersistentBag[0]->com.ling.pojo.Tag["articles"]->org.hibernate.collection.internal.PersistentBag[0]->com.ling.pojo.Article["tags"]->org.hibernate.collection.internal.PersistentBag[0]->com.ling.pojo.Tag["articles"]->org.hibernate.collection.internal.PersistentBag[0]->com.ling.pojo.Article["tags"]->org.hibernate.collection.internal.PersistentBag[0]->com.ling.pojo.Tag["articles"]->org.hibernate.collection.internal.PersistentBag[0]->com.ling.pojo.Article["tags"]->org.hibernate.collection.internal.PersistentBag[0]->com.ling.pojo.Tag["articles"]->org.hibernate.collection.internal.PersistentBag[0]->com.ling.pojo.Article["tags"]->org.hibernate.collection.internal.PersistentBag[0]->com.ling.pojo.Tag["articles"]->org.hibernate.collection.internal.PersistentBag[0]->com.ling.pojo.Article["tags"]->org.hibernate.collection.internal.PersistentBag[0]->com.ling.pojo.Tag["articles"]->org.hibernate.collection.internal.PersistentBag[0]->com.ling.pojo.Article["tags"]->org.hibernate.collection.internal.PersistentBag[0]->com.ling.pojo.Tag["articles"]->org.hibernate.collection.internal.PersistentBag[0]->com.ling.pojo.Article["tags"]->org.hibernate.collection.internal.PersistentBag[0]->com.ling.pojo.Tag["articles"]->org.hibernate.collection.internal.PersistentBag[0]->com.ling.pojo.Article["tags"]->org.hibernate.collection.internal.PersistentBag[0]->com.ling.pojo.Tag["articles"]->org.hibernate.collection.internal.PersistentBag[0]->com.ling.pojo.Article["tags"]->org.hibernate.collection.internal.PersistentBag[0]->com.ling.pojo.Tag["articles"]->org.hibernate.collection.internal.PersistentBag[0]->com.ling.pojo.Article["tags"]->org.hibernate.collection.internal.PersistentBag[0]->com.ling.pojo.Tag["articles"]->org.hibernate.collection.internal.PersistentBag[0]->com.ling.pojo.Article["tags"]->org.hibernate.collection.internal.PersistentBag[0]->com.ling.pojo.Tag["articles"]->org.hibernate.collection.internal.PersistentBag[0]->com.ling.pojo.Article["tags"]->org.hibernate.collection.internal.PersistentBag[0]->com.ling.pojo.Tag["articles"]->org.hibernate.collection.internal.PersistentBag[0]->com.ling.pojo.Article["tags"]->org.hibernate.collection.internal.PersistentBag[0]->com.ling.pojo.Tag["articles"]->org.hibernate.collection.internal.PersistentBag[0]->com.ling.pojo.Article["tags"]->org.hibernate.collection.internal.PersistentBag[0]->com.ling.pojo.Tag["articles"]->org.hibernate.collection.internal.PersistentBag[0]->com.ling.pojo.Article["tags"]->org.hibernate.collection.internal.PersistentBag[0]->com.ling.pojo.Tag["articles"]->org.hibernate.collection.internal.PersistentBag[0]->com.ling.pojo.Article["tags"]->org.hibernate.collection.internal.PersistentBag[0]->com.ling.pojo.Tag["articles"]->org.hibernate.collection.internal.PersistentBag[0]->com.ling.pojo.Article["tags"]->org.hibernate.collection.internal.PersistentBag[0]->com.ling.pojo.Tag["articles"]->org.hibernate.collection.internal.PersistentBag[0]->com.ling.pojo.Article["tags"]->org.hibernate.collection.internal.PersistentBag[0]->com.ling.pojo.Tag["articles"]->org.hibernate.collection.internal.PersistentBag[0]->com.ling.pojo.Article["tags"]->org.hibernate.collection.internal.PersistentBag[0]->com.ling.pojo.Tag["articles"]->org.hibernate.collection.internal.PersistentBag[0]->com.ling.pojo.Article["tags"]->org.hibernate.collection.internal.PersistentBag[0]->com.ling.pojo.Tag["articles"]->org.hibernate.collection.internal.PersistentBag[0]->com.ling.pojo.Article["tags"]->org.hibernate.collection.internal.PersistentBag[0]->com.ling.pojo.Tag["articles"]->org.hibernate.collection.internal.PersistentBag[0]->com.ling.pojo.Article["tags"]->org.hibernate.collection.internal.PersistentBag[0]->com.ling.pojo.Tag["articles"]->org.hibernate.collection.internal.PersistentBag[0]->com.ling.pojo.Article["tags"]->org.hibernate.collection.internal.PersistentBag[0]->com.ling.pojo.Tag["articles"]->org.hibernate.collection.internal.PersistentBag[0]->com.ling.pojo.Article["tags"]->org.hibernate.collection.internal.PersistentBag[0]->com.ling.pojo.Tag["articles"]->org.hibernate.collection.internal.PersistentBag[0]->com.ling.pojo.Article["tags"]->org.hibernate.collection.internal.PersistentBag[0]->com.ling.pojo.Tag["articles"]->org.hibernate.collection.internal.PersistentBag[0]->com.ling.pojo.Article["tags"]->org.hibernate.collection.internal.PersistentBag[0]->com.ling.pojo.Tag["articles"]->org.hibernate.collection.internal.PersistentBag[0]->com.ling.pojo.Article["tags"]->org.hibernate.collection.internal.PersistentBag[0]->com.ling.pojo.Tag["articles"]->org.hibernate.collection.internal.PersistentBag[0]->com.ling.pojo.Article["tags"]->org.hibernate.collection.internal.PersistentBag[0]->com.ling.pojo.Tag["articles"]->org.hibernate.collection.internal.PersistentBag[0]->com.ling.pojo.Article["tags"]->org.hibernate.collection.internal.PersistentBag[0]->com.ling.pojo.Tag["articles"]->org.hibernate.collection.internal.PersistentBag[0]->com.ling.pojo.Article["tags"]->org.hibernate.collection.internal.PersistentBag[0]->com.ling.pojo.Tag["articles"]->org.hibernate.collection.internal.PersistentBag[0]->com.ling.pojo.Article["tags"]->org.hibernate.collection.internal.PersistentBag[0]->com.ling.pojo.Tag["articles"]->org.hibernate.collection.internal.PersistentBag[0]->com.ling.pojo.Article["tags"]->org.hibernate.collection.internal.PersistentBag[0]->com.ling.pojo.Tag["articles"]->org.hibernate.collection.internal.PersistentBag[0]->com.ling.pojo.Article["tags"]->org.hibernate.collection.internal.PersistentBag[0]->com.ling.pojo.Tag["articles"]->org.hibernate.collection.internal.PersistentBag[0]->com.ling.pojo.Article["tags"]->org.hibernate.collection.internal.PersistentBag[0]->com.ling.pojo.Tag["articles"]->org.hibernate.collection.internal.PersistentBag[0]->com.ling.pojo.Article["tags"]->org.hibernate.collection.internal.PersistentBag[0]->com.ling.pojo.Tag["articles"]->org.hibernate.collection.internal.PersistentBag[0]->com.ling.pojo.Article["tags"]->org.hibernate.collection.internal.PersistentBag[0]->com.ling.pojo.Tag["articles"]->org.hibernate.collection.internal.PersistentBag[0]->com.ling.pojo.Article["tags"]->org.hibernate.collection.internal.PersistentBag[0]->com.ling.pojo.Tag["articles"]->org.hibernate.collection.internal.PersistentBag[0]->com.ling.pojo.Article["tags"]->org.hibernate.collection.internal.PersistentBag[0]->com.ling.pojo.Tag["articles"]->org.hibernate.collection.internal.PersistentBag[0]->com.ling.pojo.Article["tags"]->org.hibernate.collection.internal.PersistentBag[0]->com.ling.pojo.Tag["articles"]->org.hibernate.collection.internal.PersistentBag[0]->com.ling.pojo.Article["tags"]->org.hibernate.collection.internal.PersistentBag[0]->com.ling.pojo.Tag["articles"]->org.hibernate.collection.internal.PersistentBag[0]->com.ling.pojo.Article["tags"]->org.hibernate.collection.internal.PersistentBag[0]->com.ling.pojo.Tag["articles"]->org.hibernate.collection.internal.PersistentBag[0]->com.ling.pojo.Article["tags"]->org.hibernate.collection.internal.PersistentBag[0]->com.ling.pojo.Tag["articles"]->org.hibernate.collection.internal.PersistentBag[0]->com.ling.pojo.Article["tags"]->org.hibernate.collection.internal.PersistentBag[0]->com.ling.pojo.Tag["articles"]->org.hibernate.collection.internal.PersistentBag[0]->com.ling.pojo.Article["tags"]->org.hibernate.collection.internal.PersistentBag[0]->com.ling.pojo.Tag["articles"]->org.hibernate.collection.internal.PersistentBag[0]->com.ling.pojo.Article["tags"]->org.hibernate.collection.internal.PersistentBag[0]->com.ling.pojo.Tag["articles"]->org.hibernate.collection.internal.PersistentBag[0]->com.ling.pojo.Article["tags"]->org.hibernate.collection.internal.PersistentBag[0]->com.ling.pojo.Tag["articles"]->org.hibernate.collection.internal.PersistentBag[0]->com.ling.pojo.Article["tags"]->org.hibernate.collection.internal.PersistentBag[0]->com.ling.pojo.Tag["articles"]->org.hibernate.collection.internal.PersistentBag[0]->com.ling.pojo.Article["tags"]->org.hibernate.collection.internal.PersistentBag[0]->com.ling.pojo.Tag["articles"]->org.hibernate.collection.internal.PersistentBag[0]->com.ling.pojo.Article["tags"]->org.hibernate.collection.internal.PersistentBag[0]->com.ling.pojo.Tag["articles"]->org.hibernate.collection.internal.PersistentBag[0]->com.ling.pojo.Article["tags"]->org.hibernate.collection.internal.PersistentBag[0]->com.ling.pojo.Tag["articles"]->org.hibernate.collection.internal.PersistentBag[0]->com.ling.pojo.Article["tags"]->org.hibernate.collection.internal.PersistentBag[0]->com.ling.pojo.Tag["articles"]->org.hibernate.collection.internal.PersistentBag[0]->com.ling.pojo.Article["tags"]->org.hibernate.collection.internal.PersistentBag[0]->com.ling.pojo.Tag["articles"]->org.hibernate.collection.internal.PersistentBag[0]->com.ling.pojo.Article["tags"]->org.hibernate.collection.internal.PersistentBag[0]->com.ling.pojo.Tag["articles"]->org.hibernate.collection.internal.PersistentBag[0]->com.ling.pojo.Article["tags"]->org.hibernate.collection.internal.PersistentBag[0]->com.ling.pojo.Tag["articles"]->org.hibernate.collection.internal.PersistentBag[0]->com.ling.pojo.Article["tags"]->org.hibernate.collection.internal.PersistentBag[0]->com.ling.pojo.Tag["articles"]->org.hibernate.collection.internal.PersistentBag[0]->com.ling.pojo.Article["tags"]->org.hibernate.collection.internal.PersistentBag[0]->com.ling.pojo.Tag["articles"]->org.hibernate.collection.internal.PersistentBag[0]->com.ling.pojo.Article["tags"]->org.hibernate.collection.internal.PersistentBag[0]->com.ling.pojo.Tag["articles"]->org.hibernate.collection.internal.PersistentBag[0]->com.ling.pojo.Article["tags"]->org.hibernate.collection.internal.PersistentBag[0]->com.ling.pojo.Tag["articles"]->org.hibernate.collection.internal.PersistentBag[0]->com.ling.pojo.Article["tags"]->org.hibernate.collection.internal.PersistentBag[0]->com.ling.pojo.Tag["articles"]->org.hibernate.collection.internal.PersistentBag[0]->com.ling.pojo.Article["tags"]->org.hibernate.collection.internal.PersistentBag[0]->com.ling.pojo.Tag["articles"]->org.hibernate.collection.internal.PersistentBag[0]->com.ling.pojo.Article["tags"]->org.hibernate.collection.internal.PersistentBag[0]->com.ling.pojo.Tag["articles"]->org.hibernate.collection.internal.PersistentBag[0]->com.ling.pojo.Article["tags"]->org.hibernate.collection.internal.PersistentBag[0]->com.ling.pojo.Tag["articles"]->org.hibernate.collection.internal.PersistentBag[0]->com.ling.pojo.Article["tags"]->org.hibernate.collection.internal.PersistentBag[0]->com.ling.pojo.Tag["articles"]->org.hibernate.collection.internal.PersistentBag[0]->com.ling.pojo.Article["tags"]->org.hibernate.collection.internal.PersistentBag[0]->com.ling.pojo.Tag["articles"]->org.hibernate.collection.internal.PersistentBag[0]->com.ling.pojo.Article["tags"]->org.hibernate.collection.internal.PersistentBag[0]->com.ling.pojo.Tag["articles"]->org.hibernate.collection.internal.PersistentBag[0]->com.ling.pojo.Article["tags"]->org.hibernate.collection.internal.PersistentBag[0]->com.ling.pojo.Tag["articles"]->org.hibernate.collection.internal.PersistentBag[0]->com.ling.pojo.Article["tags"]->org.hibernate.collection.internal.PersistentBag[0]->com.ling.pojo.Tag["articles"]->org.hibernate.collection.internal.PersistentBag[0]->com.ling.pojo.Article["tags"]->org.hibernate.collection.internal.PersistentBag[0]->com.ling.pojo.Tag["articles"]->org.hibernate.collection.internal.PersistentBag[0]->com.ling.pojo.Article["tags"]->org.hibernate.collection.internal.PersistentBag[0]->com.ling.pojo.Tag["articles"]->org.hibernate.collection.internal.PersistentBag[0]->com.ling.pojo.Article["tags"]->org.hibernate.collection.internal.PersistentBag[0]->com.ling.pojo.Tag["articles"]->org.hibernate.collection.internal.PersistentBag[0]->com.ling.pojo.Article["tags"]->org.hibernate.collection.internal.PersistentBag[0]->com.ling.pojo.Tag["articles"]->org.hibernate.collection.internal.PersistentBag[0]->com.ling.pojo.Article["tags"]->org.hibernate.collection.internal.PersistentBag[0]->com.ling.pojo.Tag["articles"]->org.hibernate.collection.internal.PersistentBag[0]->com.ling.pojo.Article["tags"]->org.hibernate.collection.internal.PersistentBag[0]->com.ling.pojo.Tag["articles"]->org.hibernate.collection.internal.PersistentBag[0]->com.ling.pojo.Article["tags"]->org.hibernate.collection.internal.PersistentBag[0]->com.ling.pojo.Tag["articles"]->org.hibernate.collection.internal.PersistentBag[0]->com.ling.pojo.Article["tags"]->org.hibernate.collection.internal.PersistentBag[0]->com.ling.pojo.Tag["articles"]->org.hibernate.collection.internal.PersistentBag[0]->com.ling.pojo.Article["tags"]->org.hibernate.collection.internal.PersistentBag[0]->com.ling.pojo.Tag["articles"]->org.hibernate.collection.internal.PersistentBag[0]->com.ling.pojo.Article["tags"]->org.hibernate.collection.internal.PersistentBag[0]->com.ling.pojo.Tag["articles"]->org.hibernate.collection.internal.PersistentBag[0]->com.ling.pojo.Article["tags"]->org.hibernate.collection.internal.PersistentBag[0]->com.ling.pojo.Tag["articles"]->org.hibernate.collection.internal.PersistentBag[0]->com.ling.pojo.Article["tags"]->org.hibernate.collection.internal.PersistentBag[0]->com.ling.pojo.Tag["articles"]->org.hibernate.collection.internal.PersistentBag[0]->com.ling.pojo.Article["tags"]->org.hibernate.collection.internal.PersistentBag[0]->com.ling.pojo.Tag["articles"]->org.hibernate.collection.internal.PersistentBag[0]->com.ling.pojo.Article["tags"]->org.hibernate.collection.internal.PersistentBag[0]->com.ling.pojo.Tag["articles"]->org.hibernate.collection.internal.PersistentBag[0]->com.ling.pojo.Article["tags"]->org.hibernate.collection.internal.PersistentBag[0]->com.ling.pojo.Tag["articles"]->org.hibernate.collection.internal.PersistentBag[0]->com.ling.pojo.Article["tags"]->org.hibernate.collection.internal.PersistentBag[0]->com.ling.pojo.Tag["articles"]->org.hibernate.collection.internal.PersistentBag[0]->com.ling.pojo.Article["tags"]->org.hibernate.collection.internal.PersistentBag[0]->com.ling.pojo.Tag["articles"]->org.hibernate.collection.internal.PersistentBag[0]->com.ling.pojo.Article["tags"]->org.hibernate.collection.internal.PersistentBag[0]->com.ling.pojo.Tag["articles"]->org.hibernate.collection.internal.PersistentBag[0]->com.ling.pojo.Article["tags"]->org.hibernate.collection.internal.PersistentBag[0]->com.ling.pojo.Tag["articles"]->org.hibernate.collection.internal.PersistentBag[0]->com.ling.pojo.Article["tags"]->org.hibernate.collection.internal.PersistentBag[0]->com.ling.pojo.Tag["articles"]->org.hibernate.collection.internal.PersistentBag[0]->com.ling.pojo.Article["tags"]->org.hibernate.collection.internal.PersistentBag[0]->com.ling.pojo.Tag["articles"]->org.hibernate.collection.internal.PersistentBag[0]->com.ling.pojo.Article["tags"]->org.hibernate.collection.internal.PersistentBag[0]->com.ling.pojo.Tag["articles"]->org.hibernate.collection.internal.PersistentBag[0]->com.ling.pojo.Article["tags"]->org.hibernate.collection.internal.PersistentBag[0]->com.ling.pojo.Tag["articles"]->org.hibernate.collection.internal.PersistentBag[0]->com.ling.pojo.Article["tags"]->org.hibernate.collection.internal.PersistentBag[0]->com.ling.pojo.Tag["articles"]->org.hibernate.collection.internal.PersistentBag[0]->com.ling.pojo.Article["tags"]->org.hibernate.collection.internal.PersistentBag[0]->com.ling.pojo.Tag["articles"]->org.hibernate.collection.internal.PersistentBag[0]->com.ling.pojo.Article["tags"]->org.hibernate.collection.internal.PersistentBag[0]->com.ling.pojo.Tag["articles"]->org.hibernate.collection.internal.PersistentBag[0]->com.ling.pojo.Article["tags"]->org.hibernate.collection.internal.PersistentBag[0]->com.ling.pojo.Tag["articles"]->org.hibernate.collection.internal.PersistentBag[0]->com.ling.pojo.Article["tags"]->org.hibernate.collection.internal.PersistentBag[0]->com.ling.pojo.Tag["articles"]->org.hibernate.collection.internal.PersistentBag[0]->com.ling.pojo.Article["tags"]->org.hibernate.collection.internal.PersistentBag[0]->com.ling.pojo.Tag["articles"]->org.hibernate.collection.internal.PersistentBag[0]->com.ling.pojo.Article["tags"]->org.hibernate.collection.internal.PersistentBag[0]->com.ling.pojo.Tag["articles"]->org.hibernate.collection.internal.PersistentBag[0]->com.ling.pojo.Article["tags"]->org.hibernate.collection.internal.PersistentBag[0]->com.ling.pojo.Tag["articles"]->org.hibernate.collection.internal.PersistentBag[0]->com.ling.pojo.Article["tags"]->org.hibernate.collection.internal.PersistentBag[0]->com.ling.pojo.Tag["articles"]->org.hibernate.collection.internal.PersistentBag[0]->com.ling.pojo.Article["tags"]->org.hibernate.collection.internal.PersistentBag[0]->com.ling.pojo.Tag["articles"]->org.hibernate.collection.internal.PersistentBag[0]->com.ling.pojo.Article["tags"]->org.hibernate.collection.internal.PersistentBag[0]->com.ling.pojo.Tag["articles"]->org.hibernate.collection.internal.PersistentBag[0]->com.ling.pojo.Article["tags"]->org.hibernate.collection.internal.PersistentBag[0]->com.ling.pojo.Tag["articles"]->org.hibernate.collection.internal.PersistentBag[0]->com.ling.pojo.Article["tags"]->org.hibernate.collection.internal.PersistentBag[0]->com.ling.pojo.Tag["articles"]->org.hibernate.collection.internal.PersistentBag[0]->com.ling.pojo.Article["tags"]->org.hibernate.collection.internal.PersistentBag[0]->com.ling.pojo.Tag["articles"]->org.hibernate.collection.internal.PersistentBag[0]->com.ling.pojo.Article["tags"]->org.hibernate.collection.internal.PersistentBag[0]->com.ling.pojo.Tag["articles"]->org.hibernate.collection.internal.PersistentBag[0]->com.ling.pojo.Article["tags"]->org.hibernate.collection.internal.PersistentBag[0]->com.ling.pojo.Tag["articles"]->org.hibernate.collection.internal.PersistentBag[0]->com.ling.pojo.Article["tags"]->org.hibernate.collection.internal.PersistentBag[0]->com.ling.pojo.Tag["articles"]->org.hibernate.collection.internal.PersistentBag[0]->com.ling.pojo.Article["tags"]->org.hibernate.collection.internal.PersistentBag[0]->com.ling.pojo.Tag["articles"]->org.hibernate.collection.internal.PersistentBag[0]->com.ling.pojo.Article["tags"]->org.hibernate.collection.internal.PersistentBag[0]->com.ling.pojo.Tag["articles"]->org.hibernate.collection.internal.PersistentBag[0]->com.ling.pojo.Article["tags"]->org.hibernate.collection.internal.PersistentBag[0]->com.ling.pojo.Tag["articles"]->org.hibernate.collection.internal.PersistentBag[0]->com.ling.pojo.Article["tags"]->org.hibernate.collection.internal.PersistentBag[0]->com.ling.pojo.Tag["articles"]->org.hibernate.collection.internal.PersistentBag[0]->com.ling.pojo.Article["tags"]->org.hibernate.collection.internal.PersistentBag[0]->com.ling.pojo.Tag["articles"]->org.hibernate.collection.internal.PersistentBag[0]->com.ling.pojo.Article["tags"]->org.hibernate.collection.internal.PersistentBag[0]->com.ling.pojo.Tag["articles"]->org.hibernate.collection.internal.PersistentBag[0]->com.ling.pojo.Article["tags"]->org.hibernate.collection.internal.PersistentBag[0]->com.ling.pojo.Tag["articles"]->org.hibernate.collection.internal.PersistentBag[0]->com.ling.pojo.Article["tags"]->org.hibernate.collection.internal.PersistentBag[0]->com.ling.pojo.Tag["articles"]->org.hibernate.collection.internal.PersistentBag[0]->com.ling.pojo.Article["tags"]->org.hibernate.collection.internal.PersistentBag[0]->com.ling.pojo.Tag["articles"]->org.hibernate.collection.internal.PersistentBag[0]->com.ling.pojo.Article["tags"]->org.hibernate.collection.internal.PersistentBag[0]->com.ling.pojo.Tag["articles"]->org.hibernate.collection.internal.PersistentBag[0]->com.ling.pojo.Article["tags"]->org.hibernate.collection.internal.PersistentBag[0]->com.ling.pojo.Tag["articles"]->org.hibernate.collection.internal.PersistentBag[0]->com.ling.pojo.Article["tags"]->org.hibernate.collection.internal.PersistentBag[0]->com.ling.pojo.Tag["articles"]->org.hibernate.collection.internal.PersistentBag[0]->com.ling.pojo.Article["tags"]->org.hibernate.collection.internal.PersistentBag[0]->com.ling.pojo.Tag["articles"]->org.hibernate.collection.internal.PersistentBag[0]->com.ling.pojo.Article["tags"]->org.hibernate.collection.internal.PersistentBag[0]->com.ling.pojo.Tag["articles"]->org.hibernate.collection.internal.PersistentBag[0]->com.ling.pojo.Article["tags"]->org.hibernate.collection.internal.PersistentBag[0]->com.ling.pojo.Tag["articles"]->org.hibernate.collection.internal.PersistentBag[0]->com.ling.pojo.Article["tags"]->org.hibernate.collection.internal.PersistentBag[0]->com.ling.pojo.Tag["articles"]->org.hibernate.collection.internal.PersistentBag[0]->com.ling.pojo.Article["tags"]->org.hibernate.collection.internal.PersistentBag[0]->com.ling.pojo.Tag["articles"]->org.hibernate.collection.internal.PersistentBag[0]->com.ling.pojo.Article["tags"]->org.hibernate.collection.internal.PersistentBag[0]->com.ling.pojo.Tag["articles"]->org.hibernate.collection.internal.PersistentBag[0]->com.ling.pojo.Article["tags"]->org.hibernate.collection.internal.PersistentBag[0]->com.ling.pojo.Tag["articles"]->org.hibernate.collection.internal.PersistentBag[0]->com.ling.pojo.Article["tags"]->org.hibernate.collection.internal.PersistentBag[0]->com.ling.pojo.Tag["articles"]->org.hibernate.collection.internal.PersistentBag[0]->com.ling.pojo.Article["tags"]->org.hibernate.collection.internal.PersistentBag[0]->com.ling.pojo.Tag["articles"]->org.hibernate.collection.internal.PersistentBag[0]->com.ling.pojo.Article["tags"]->org.hibernate.collection.internal.PersistentBag[0]->com.ling.pojo.Tag["articles"]->org.hibernate.collection.internal.PersistentBag[0]->com.ling.pojo.Article["tags"]->org.hibernate.collection.internal.PersistentBag[0]->com.ling.pojo.Tag["articles"]->org.hibernate.collection.internal.PersistentBag[0]->com.ling.pojo.Article["tags"]->org.hibernate.collection.internal.PersistentBag[0]->com.ling.pojo.Tag["articles"]->org.hibernate.collection.internal.PersistentBag[0]->com.ling.pojo.Article["tags"]->org.hibernate.collection.internal.PersistentBag[0]->com.ling.pojo.Tag["articles"]->org.hibernate.collection.internal.PersistentBag[0]->com.ling.pojo.Article["tags"]->org.hibernate.collection.internal.PersistentBag[0]->com.ling.pojo.Tag["articles"]->org.hibernate.collection.internal.PersistentBag[0]->com.ling.pojo.Article["tags"]->org.hibernate.collection.internal.PersistentBag[0]->com.ling.pojo.Tag["articles"]->org.hibernate.collection.internal.PersistentBag[0]->com.ling.pojo.Article["tags"]->org.hibernate.collection.internal.PersistentBag[0]->com.ling.pojo.Tag["articles"]->org.hibernate.collection.internal.PersistentBag[0]->com.ling.pojo.Article["tags"]->org.hibernate.collection.internal.PersistentBag[0]->com.ling.pojo.Tag["articles"]->org.hibernate.collection.internal.PersistentBag[0]->com.ling.pojo.Article["tags"]->org.hibernate.collection.internal.PersistentBag[0]->com.ling.pojo.Tag["articles"]->org.hibernate.collection.internal.PersistentBag[0]->com.ling.pojo.Article["tags"]->org.hibernate.collection.internal.PersistentBag[0]->com.ling.pojo.Tag["articles"]->org.hibernate.collection.internal.PersistentBag[0]->com.ling.pojo.Article["tags"]->org.hibernate.collection.internal.PersistentBag[0]->com.ling.pojo.Tag["articles"]->org.hibernate.collection.internal.PersistentBag[0]->com.ling.pojo.Article["tags"]->org.hibernate.collection.internal.PersistentBag[0]->com.ling.pojo.Tag["articles"]->org.hibernate.collection.internal.PersistentBag[0]->com.ling.pojo.Article["tags"]->org.hibernate.collection.internal.PersistentBag[0]->com.ling.pojo.Tag["articles"]->org.hibernate.collection.internal.PersistentBag[0]->com.ling.pojo.Article["tags"]->org.hibernate.collection.internal.PersistentBag[0]->com.ling.pojo.Tag["articles"]->org.hibernate.collection.internal.PersistentBag[0]->com.ling.pojo.Article["tags"]->org.hibernate.collection.internal.PersistentBag[0]->com.ling.pojo.Tag["articles"]->org.hibernate.collection.internal.PersistentBag[0]->com.ling.pojo.Article["tags"]->org.hibernate.collection.internal.PersistentBag[0]->com.ling.pojo.Tag["articles"]->org.hibernate.collection.internal.PersistentBag[0]->com.ling.pojo.Article["tags"]->org.hibernate.collection.internal.PersistentBag[0]->com.ling.pojo.Tag["articles"]->org.hibernate.collection.internal.PersistentBag[0]->com.ling.pojo.Article["tags"]->org.hibernate.collection.internal.PersistentBag[0]->com.ling.pojo.Tag["articles"]->org.hibernate.collection.internal.PersistentBag[0]->com.ling.pojo.Article["tags"]->org.hibernate.collection.internal.PersistentBag[0]->com.ling.pojo.Tag["articles"]->org.hibernate.collection.internal.PersistentBag[0]->com.ling.pojo.Article["tags"]->org.hibernate.collection.internal.PersistentBag[0]->com.ling.pojo.Tag["articles"]->org.hibernate.collection.internal.PersistentBag[0]->com.ling.pojo.Article["tags"]->org.hibernate.collection.internal.PersistentBag[0]->com.ling.pojo.Tag["articles"]->org.hibernate.collection.internal.PersistentBag[0]->com.ling.pojo.Article["tags"]->org.hibernate.collection.internal.PersistentBag[0]->com.ling.pojo.Tag["articles"]->org.hibernate.collection.internal.PersistentBag[0]->com.ling.pojo.Article["tags"]->org.hibernate.collection.internal.PersistentBag[0]->com.ling.pojo.Tag["articles"]->org.hibernate.collection.internal.PersistentBag[0]->com.ling.pojo.Article["tags"]->org.hibernate.collection.internal.PersistentBag[0]->com.ling.pojo.Tag["articles"]->org.hibernate.collection.internal.PersistentBag[0]->com.ling.pojo.Article["tags"]->org.hibernate.collection.internal.PersistentBag[0]->com.ling.pojo.Tag["articles"]->org.hibernate.collection.internal.PersistentBag[0]->com.ling.pojo.Article["tags"]->org.hibernate.collection.internal.PersistentBag[0]->com.ling.pojo.Tag["articles"]->org.hibernate.collection.internal.PersistentBag[0]->com.ling.pojo.Article["tags"]->org.hibernate.collection.internal.PersistentBag[0]->com.ling.pojo.Tag["articles"]->org.hibernate.collection.internal.PersistentBag[0]->com.ling.pojo.Article["tags"]->org.hibernate.collection.internal.PersistentBag[0]->com.ling.pojo.Tag["articles"]->org.hibernate.collection.internal.PersistentBag[0]->com.ling.pojo.Article["tags"]->org.hibernate.collection.internal.PersistentBag[0]->com.ling.pojo.Tag["articles"]->org.hibernate.collection.internal.PersistentBag[0]->com.ling.pojo.Article["tags"]->org.hibernate.collection.internal.PersistentBag[0]->com.ling.pojo.Tag["articles"]->org.hibernate.collection.internal.PersistentBag[0]->com.ling.pojo.Article["tags"]->org.hibernate.collection.internal.PersistentBag[0]->com.ling.pojo.Tag["articles"]->org.hibernate.collection.internal.PersistentBag[0]->com.ling.pojo.Article["tags"]->org.hibernate.collection.internal.PersistentBag[0]->com.ling.pojo.Tag["articles"]->org.hibernate.collection.internal.PersistentBag[0]->com.ling.pojo.Article["tags"]->org.hibernate.collection.internal.PersistentBag[0]->com.ling.pojo.Tag["articles"]->org.hibernate.collection.internal.PersistentBag[0]->com.ling.pojo.Article["tags"]->org.hibernate.collection.internal.PersistentBag[0]->com.ling.pojo.Tag["articles"]->org.hibernate.collection.internal.PersistentBag[0]->com.ling.pojo.Article["tags"])
