2021-04-27 00:30:06.139 [INFO ] com.ling.LingApplication - Starting LingApplication using Java 14.0.1 on DESKTOP-RMQ6CGU with PID 12920 (D:\Application\project\JAVA_PROJECT\separate\background\jpa_blog\target\classes started by FEET in D:\Application\project\JAVA_PROJECT\separate\background\jpa_blog)
2021-04-27 00:30:06.143 [INFO ] com.ling.LingApplication - No active profile set, falling back to default profiles: default
2021-04-27 00:30:06.204 [INFO ] org.springframework.boot.devtools.env.DevToolsPropertyDefaultsPostProcessor - Devtools property defaults active! Set 'spring.devtools.add-properties' to 'false' to disable
2021-04-27 00:30:06.204 [INFO ] org.springframework.boot.devtools.env.DevToolsPropertyDefaultsPostProcessor - For additional web related logging consider setting the 'logging.level.web' property to 'DEBUG'
2021-04-27 00:30:07.179 [INFO ] org.springframework.data.repository.config.RepositoryConfigurationDelegate - Multiple Spring Data modules found, entering strict repository configuration mode!
2021-04-27 00:30:07.179 [INFO ] org.springframework.data.repository.config.RepositoryConfigurationDelegate - Bootstrapping Spring Data JPA repositories in DEFAULT mode.
2021-04-27 00:30:07.253 [INFO ] org.springframework.data.repository.config.RepositoryConfigurationDelegate - Finished Spring Data repository scanning in 67 ms. Found 3 JPA repository interfaces.
2021-04-27 00:30:07.269 [INFO ] org.springframework.data.repository.config.RepositoryConfigurationDelegate - Multiple Spring Data modules found, entering strict repository configuration mode!
2021-04-27 00:30:07.270 [INFO ] org.springframework.data.repository.config.RepositoryConfigurationDelegate - Bootstrapping Spring Data Redis repositories in DEFAULT mode.
2021-04-27 00:30:07.293 [INFO ] org.springframework.data.repository.config.RepositoryConfigurationExtensionSupport - Spring Data Redis - Could not safely identify store assignment for repository candidate interface com.ling.dao.MenuRepositry. If you want this repository to be a Redis repository, consider annotating your entities with one of these annotations: org.springframework.data.redis.core.RedisHash (preferred), or consider extending one of the following types with your repository: org.springframework.data.keyvalue.repository.KeyValueRepository.
2021-04-27 00:30:07.293 [INFO ] org.springframework.data.repository.config.RepositoryConfigurationExtensionSupport - Spring Data Redis - Could not safely identify store assignment for repository candidate interface com.ling.dao.RoleRepositry. If you want this repository to be a Redis repository, consider annotating your entities with one of these annotations: org.springframework.data.redis.core.RedisHash (preferred), or consider extending one of the following types with your repository: org.springframework.data.keyvalue.repository.KeyValueRepository.
2021-04-27 00:30:07.294 [INFO ] org.springframework.data.repository.config.RepositoryConfigurationExtensionSupport - Spring Data Redis - Could not safely identify store assignment for repository candidate interface com.ling.dao.UserRepositry. If you want this repository to be a Redis repository, consider annotating your entities with one of these annotations: org.springframework.data.redis.core.RedisHash (preferred), or consider extending one of the following types with your repository: org.springframework.data.keyvalue.repository.KeyValueRepository.
2021-04-27 00:30:07.295 [INFO ] org.springframework.data.repository.config.RepositoryConfigurationDelegate - Finished Spring Data repository scanning in 9 ms. Found 0 Redis repository interfaces.
2021-04-27 00:30:07.847 [INFO ] org.springframework.boot.web.embedded.tomcat.TomcatWebServer - Tomcat initialized with port(s): 8090 (http)
2021-04-27 00:30:07.855 [INFO ] org.apache.coyote.http11.Http11NioProtocol - Initializing ProtocolHandler ["http-nio-8090"]
2021-04-27 00:30:07.856 [INFO ] org.apache.catalina.core.StandardService - Starting service [Tomcat]
2021-04-27 00:30:07.856 [INFO ] org.apache.catalina.core.StandardEngine - Starting Servlet engine: [Apache Tomcat/9.0.44]
2021-04-27 00:30:07.858 [INFO ] org.apache.catalina.core.AprLifecycleListener - Loaded Apache Tomcat Native library [1.2.26] using APR version [1.7.0].
2021-04-27 00:30:07.858 [INFO ] org.apache.catalina.core.AprLifecycleListener - APR capabilities: IPv6 [true], sendfile [true], accept filters [false], random [true].
2021-04-27 00:30:07.858 [INFO ] org.apache.catalina.core.AprLifecycleListener - APR/OpenSSL configuration: useAprConnector [false], useOpenSSL [true]
2021-04-27 00:30:07.861 [INFO ] org.apache.catalina.core.AprLifecycleListener - OpenSSL successfully initialized [OpenSSL 1.1.1i  8 Dec 2020]
2021-04-27 00:30:07.935 [INFO ] org.apache.catalina.core.ContainerBase.[Tomcat].[localhost].[/] - Initializing Spring embedded WebApplicationContext
2021-04-27 00:30:07.936 [INFO ] org.springframework.boot.web.servlet.context.ServletWebServerApplicationContext - Root WebApplicationContext: initialization completed in 1729 ms
2021-04-27 00:30:08.116 [INFO ] org.hibernate.jpa.internal.util.LogHelper - HHH000204: Processing PersistenceUnitInfo [name: default]
2021-04-27 00:30:08.159 [INFO ] org.hibernate.Version - HHH000412: Hibernate ORM core version 5.4.29.Final
2021-04-27 00:30:08.255 [INFO ] org.hibernate.annotations.common.Version - HCANN000001: Hibernate Commons Annotations {5.1.2.Final}
2021-04-27 00:30:08.347 [INFO ] com.zaxxer.hikari.HikariDataSource - HikariPool-1 - Starting...
2021-04-27 00:30:08.612 [INFO ] com.zaxxer.hikari.HikariDataSource - HikariPool-1 - Start completed.
2021-04-27 00:30:08.622 [INFO ] org.hibernate.dialect.Dialect - HHH000400: Using dialect: org.hibernate.dialect.MySQL57Dialect
2021-04-27 00:30:09.189 [INFO ] org.hibernate.engine.transaction.jta.platform.internal.JtaPlatformInitiator - HHH000490: Using JtaPlatform implementation: [org.hibernate.engine.transaction.jta.platform.internal.NoJtaPlatform]
2021-04-27 00:30:09.197 [INFO ] org.springframework.orm.jpa.LocalContainerEntityManagerFactoryBean - Initialized JPA EntityManagerFactory for persistence unit 'default'
2021-04-27 00:30:09.831 [INFO ] org.springframework.boot.devtools.autoconfigure.OptionalLiveReloadServer - LiveReload server is running on port 35729
2021-04-27 00:30:10.173 [INFO ] org.springframework.security.web.DefaultSecurityFilterChain - Will secure any request with [org.springframework.security.web.context.request.async.WebAsyncManagerIntegrationFilter@1987681e, org.springframework.security.web.context.SecurityContextPersistenceFilter@34a0f7c9, org.springframework.security.web.header.HeaderWriterFilter@49a7e768, org.springframework.security.web.authentication.logout.LogoutFilter@3a57cb0d, com.ling.auth.MyUsernamePasswordAuthenticationFilter@77f4a12b, org.springframework.security.web.authentication.UsernamePasswordAuthenticationFilter@6e3f796a, org.springframework.security.web.savedrequest.RequestCacheAwareFilter@749ef470, org.springframework.security.web.servletapi.SecurityContextHolderAwareRequestFilter@795bdb5b, org.springframework.security.web.authentication.AnonymousAuthenticationFilter@27d89001, org.springframework.security.web.session.SessionManagementFilter@3c0090bb, org.springframework.security.web.access.ExceptionTranslationFilter@313c30f2, org.springframework.security.web.access.intercept.FilterSecurityInterceptor@5166684c]
2021-04-27 00:30:10.195 [INFO ] springfox.documentation.spring.web.PropertySourcedRequestMappingHandlerMapping - Mapped URL path [/v2/api-docs] onto method [springfox.documentation.swagger2.web.Swagger2Controller#getDocumentation(String, HttpServletRequest)]
2021-04-27 00:30:10.273 [INFO ] org.springframework.scheduling.concurrent.ThreadPoolTaskExecutor - Initializing ExecutorService 'applicationTaskExecutor'
2021-04-27 00:30:10.465 [INFO ] org.apache.coyote.http11.Http11NioProtocol - Starting ProtocolHandler ["http-nio-8090"]
2021-04-27 00:30:10.489 [INFO ] org.springframework.boot.web.embedded.tomcat.TomcatWebServer - Tomcat started on port(s): 8090 (http) with context path ''
2021-04-27 00:30:10.490 [INFO ] springfox.documentation.spring.web.plugins.DocumentationPluginsBootstrapper - Context refreshed
2021-04-27 00:30:10.511 [INFO ] springfox.documentation.spring.web.plugins.DocumentationPluginsBootstrapper - Found 1 custom documentation plugin(s)
2021-04-27 00:30:10.536 [INFO ] springfox.documentation.spring.web.scanners.ApiListingReferenceScanner - Scanning for api listing references
2021-04-27 00:30:10.552 [INFO ] com.ling.LingApplication - Started LingApplication in 4.991 seconds (JVM running for 5.806)
2021-04-27 00:30:23.531 [INFO ] org.apache.catalina.core.ContainerBase.[Tomcat].[localhost].[/] - Initializing Spring DispatcherServlet 'dispatcherServlet'
2021-04-27 00:33:08.014 [INFO ] com.ling.LingApplication - Starting LingApplication using Java 14.0.1 on DESKTOP-RMQ6CGU with PID 1496 (D:\Application\project\JAVA_PROJECT\separate\background\jpa_blog\target\classes started by FEET in D:\Application\project\JAVA_PROJECT\separate\background\jpa_blog)
2021-04-27 00:33:08.016 [INFO ] com.ling.LingApplication - No active profile set, falling back to default profiles: default
2021-04-27 00:33:08.066 [INFO ] org.springframework.boot.devtools.env.DevToolsPropertyDefaultsPostProcessor - Devtools property defaults active! Set 'spring.devtools.add-properties' to 'false' to disable
2021-04-27 00:33:08.067 [INFO ] org.springframework.boot.devtools.env.DevToolsPropertyDefaultsPostProcessor - For additional web related logging consider setting the 'logging.level.web' property to 'DEBUG'
2021-04-27 00:33:30.624 [INFO ] com.ling.LingApplication - Starting LingApplication using Java 14.0.1 on DESKTOP-RMQ6CGU with PID 9300 (D:\Application\project\JAVA_PROJECT\separate\background\jpa_blog\target\classes started by FEET in D:\Application\project\JAVA_PROJECT\separate\background\jpa_blog)
2021-04-27 00:33:30.627 [INFO ] com.ling.LingApplication - No active profile set, falling back to default profiles: default
2021-04-27 00:33:30.678 [INFO ] org.springframework.boot.devtools.env.DevToolsPropertyDefaultsPostProcessor - Devtools property defaults active! Set 'spring.devtools.add-properties' to 'false' to disable
2021-04-27 00:33:30.679 [INFO ] org.springframework.boot.devtools.env.DevToolsPropertyDefaultsPostProcessor - For additional web related logging consider setting the 'logging.level.web' property to 'DEBUG'
2021-04-27 00:33:31.550 [INFO ] org.springframework.data.repository.config.RepositoryConfigurationDelegate - Multiple Spring Data modules found, entering strict repository configuration mode!
2021-04-27 00:33:31.551 [INFO ] org.springframework.data.repository.config.RepositoryConfigurationDelegate - Bootstrapping Spring Data JPA repositories in DEFAULT mode.
2021-04-27 00:33:31.627 [INFO ] org.springframework.data.repository.config.RepositoryConfigurationDelegate - Finished Spring Data repository scanning in 69 ms. Found 3 JPA repository interfaces.
2021-04-27 00:33:31.647 [INFO ] org.springframework.data.repository.config.RepositoryConfigurationDelegate - Multiple Spring Data modules found, entering strict repository configuration mode!
2021-04-27 00:33:31.648 [INFO ] org.springframework.data.repository.config.RepositoryConfigurationDelegate - Bootstrapping Spring Data Redis repositories in DEFAULT mode.
2021-04-27 00:33:31.662 [INFO ] org.springframework.data.repository.config.RepositoryConfigurationExtensionSupport - Spring Data Redis - Could not safely identify store assignment for repository candidate interface com.ling.dao.MenuRepositry. If you want this repository to be a Redis repository, consider annotating your entities with one of these annotations: org.springframework.data.redis.core.RedisHash (preferred), or consider extending one of the following types with your repository: org.springframework.data.keyvalue.repository.KeyValueRepository.
2021-04-27 00:33:31.663 [INFO ] org.springframework.data.repository.config.RepositoryConfigurationExtensionSupport - Spring Data Redis - Could not safely identify store assignment for repository candidate interface com.ling.dao.RoleRepositry. If you want this repository to be a Redis repository, consider annotating your entities with one of these annotations: org.springframework.data.redis.core.RedisHash (preferred), or consider extending one of the following types with your repository: org.springframework.data.keyvalue.repository.KeyValueRepository.
2021-04-27 00:33:31.663 [INFO ] org.springframework.data.repository.config.RepositoryConfigurationExtensionSupport - Spring Data Redis - Could not safely identify store assignment for repository candidate interface com.ling.dao.UserRepositry. If you want this repository to be a Redis repository, consider annotating your entities with one of these annotations: org.springframework.data.redis.core.RedisHash (preferred), or consider extending one of the following types with your repository: org.springframework.data.keyvalue.repository.KeyValueRepository.
2021-04-27 00:33:31.664 [INFO ] org.springframework.data.repository.config.RepositoryConfigurationDelegate - Finished Spring Data repository scanning in 8 ms. Found 0 Redis repository interfaces.
2021-04-27 00:33:32.219 [INFO ] org.springframework.boot.web.embedded.tomcat.TomcatWebServer - Tomcat initialized with port(s): 8090 (http)
2021-04-27 00:33:32.226 [INFO ] org.apache.coyote.http11.Http11NioProtocol - Initializing ProtocolHandler ["http-nio-8090"]
2021-04-27 00:33:32.226 [INFO ] org.apache.catalina.core.StandardService - Starting service [Tomcat]
2021-04-27 00:33:32.226 [INFO ] org.apache.catalina.core.StandardEngine - Starting Servlet engine: [Apache Tomcat/9.0.44]
2021-04-27 00:33:32.228 [INFO ] org.apache.catalina.core.AprLifecycleListener - Loaded Apache Tomcat Native library [1.2.26] using APR version [1.7.0].
2021-04-27 00:33:32.228 [INFO ] org.apache.catalina.core.AprLifecycleListener - APR capabilities: IPv6 [true], sendfile [true], accept filters [false], random [true].
2021-04-27 00:33:32.228 [INFO ] org.apache.catalina.core.AprLifecycleListener - APR/OpenSSL configuration: useAprConnector [false], useOpenSSL [true]
2021-04-27 00:33:32.232 [INFO ] org.apache.catalina.core.AprLifecycleListener - OpenSSL successfully initialized [OpenSSL 1.1.1i  8 Dec 2020]
2021-04-27 00:33:32.307 [INFO ] org.apache.catalina.core.ContainerBase.[Tomcat].[localhost].[/] - Initializing Spring embedded WebApplicationContext
2021-04-27 00:33:32.307 [INFO ] org.springframework.boot.web.servlet.context.ServletWebServerApplicationContext - Root WebApplicationContext: initialization completed in 1627 ms
2021-04-27 00:33:32.487 [INFO ] org.hibernate.jpa.internal.util.LogHelper - HHH000204: Processing PersistenceUnitInfo [name: default]
2021-04-27 00:33:32.539 [INFO ] org.hibernate.Version - HHH000412: Hibernate ORM core version 5.4.29.Final
2021-04-27 00:33:32.624 [INFO ] org.hibernate.annotations.common.Version - HCANN000001: Hibernate Commons Annotations {5.1.2.Final}
2021-04-27 00:33:32.713 [INFO ] com.zaxxer.hikari.HikariDataSource - HikariPool-1 - Starting...
2021-04-27 00:33:32.964 [INFO ] com.zaxxer.hikari.HikariDataSource - HikariPool-1 - Start completed.
2021-04-27 00:33:32.973 [INFO ] org.hibernate.dialect.Dialect - HHH000400: Using dialect: org.hibernate.dialect.MySQL57Dialect
2021-04-27 00:33:33.575 [INFO ] org.hibernate.engine.transaction.jta.platform.internal.JtaPlatformInitiator - HHH000490: Using JtaPlatform implementation: [org.hibernate.engine.transaction.jta.platform.internal.NoJtaPlatform]
2021-04-27 00:33:33.583 [INFO ] org.springframework.orm.jpa.LocalContainerEntityManagerFactoryBean - Initialized JPA EntityManagerFactory for persistence unit 'default'
2021-04-27 00:33:34.206 [INFO ] org.springframework.boot.devtools.autoconfigure.OptionalLiveReloadServer - LiveReload server is running on port 35729
2021-04-27 00:33:34.564 [INFO ] org.springframework.security.web.DefaultSecurityFilterChain - Will secure any request with [org.springframework.security.web.context.request.async.WebAsyncManagerIntegrationFilter@3dbf25bb, org.springframework.security.web.context.SecurityContextPersistenceFilter@51e1bb02, org.springframework.security.web.header.HeaderWriterFilter@79fe35e2, org.springframework.security.web.authentication.logout.LogoutFilter@b4ca3c2, com.ling.auth.MyUsernamePasswordAuthenticationFilter@8a52cde, org.springframework.security.web.authentication.UsernamePasswordAuthenticationFilter@1068878e, org.springframework.security.web.savedrequest.RequestCacheAwareFilter@42f17a5c, org.springframework.security.web.servletapi.SecurityContextHolderAwareRequestFilter@5b5ff394, org.springframework.security.web.authentication.AnonymousAuthenticationFilter@3990b3f6, org.springframework.security.web.session.SessionManagementFilter@103650fa, org.springframework.security.web.access.ExceptionTranslationFilter@795bdb5b, org.springframework.security.web.access.intercept.FilterSecurityInterceptor@680bb7d1]
2021-04-27 00:33:34.582 [INFO ] springfox.documentation.spring.web.PropertySourcedRequestMappingHandlerMapping - Mapped URL path [/v2/api-docs] onto method [springfox.documentation.swagger2.web.Swagger2Controller#getDocumentation(String, HttpServletRequest)]
2021-04-27 00:33:34.652 [INFO ] org.springframework.scheduling.concurrent.ThreadPoolTaskExecutor - Initializing ExecutorService 'applicationTaskExecutor'
2021-04-27 00:33:34.852 [INFO ] org.apache.coyote.http11.Http11NioProtocol - Starting ProtocolHandler ["http-nio-8090"]
2021-04-27 00:33:34.875 [INFO ] org.springframework.boot.web.embedded.tomcat.TomcatWebServer - Tomcat started on port(s): 8090 (http) with context path ''
2021-04-27 00:33:34.876 [INFO ] springfox.documentation.spring.web.plugins.DocumentationPluginsBootstrapper - Context refreshed
2021-04-27 00:33:34.889 [INFO ] springfox.documentation.spring.web.plugins.DocumentationPluginsBootstrapper - Found 1 custom documentation plugin(s)
2021-04-27 00:33:34.914 [INFO ] springfox.documentation.spring.web.scanners.ApiListingReferenceScanner - Scanning for api listing references
2021-04-27 00:33:34.930 [INFO ] com.ling.LingApplication - Started LingApplication in 4.843 seconds (JVM running for 5.558)
2021-04-27 00:33:42.349 [INFO ] org.apache.catalina.core.ContainerBase.[Tomcat].[localhost].[/] - Initializing Spring DispatcherServlet 'dispatcherServlet'
2021-04-27 00:35:38.130 [INFO ] com.ling.LingApplication - Starting LingApplication using Java 14.0.1 on DESKTOP-RMQ6CGU with PID 5864 (D:\Application\project\JAVA_PROJECT\separate\background\jpa_blog\target\classes started by FEET in D:\Application\project\JAVA_PROJECT\separate\background\jpa_blog)
2021-04-27 00:35:38.133 [INFO ] com.ling.LingApplication - No active profile set, falling back to default profiles: default
2021-04-27 00:35:38.196 [INFO ] org.springframework.boot.devtools.env.DevToolsPropertyDefaultsPostProcessor - Devtools property defaults active! Set 'spring.devtools.add-properties' to 'false' to disable
2021-04-27 00:35:38.197 [INFO ] org.springframework.boot.devtools.env.DevToolsPropertyDefaultsPostProcessor - For additional web related logging consider setting the 'logging.level.web' property to 'DEBUG'
2021-04-27 00:35:39.106 [INFO ] org.springframework.data.repository.config.RepositoryConfigurationDelegate - Multiple Spring Data modules found, entering strict repository configuration mode!
2021-04-27 00:35:39.106 [INFO ] org.springframework.data.repository.config.RepositoryConfigurationDelegate - Bootstrapping Spring Data JPA repositories in DEFAULT mode.
2021-04-27 00:35:39.191 [INFO ] org.springframework.data.repository.config.RepositoryConfigurationDelegate - Finished Spring Data repository scanning in 77 ms. Found 3 JPA repository interfaces.
2021-04-27 00:35:39.207 [INFO ] org.springframework.data.repository.config.RepositoryConfigurationDelegate - Multiple Spring Data modules found, entering strict repository configuration mode!
2021-04-27 00:35:39.208 [INFO ] org.springframework.data.repository.config.RepositoryConfigurationDelegate - Bootstrapping Spring Data Redis repositories in DEFAULT mode.
2021-04-27 00:35:39.221 [INFO ] org.springframework.data.repository.config.RepositoryConfigurationExtensionSupport - Spring Data Redis - Could not safely identify store assignment for repository candidate interface com.ling.dao.MenuRepositry. If you want this repository to be a Redis repository, consider annotating your entities with one of these annotations: org.springframework.data.redis.core.RedisHash (preferred), or consider extending one of the following types with your repository: org.springframework.data.keyvalue.repository.KeyValueRepository.
2021-04-27 00:35:39.222 [INFO ] org.springframework.data.repository.config.RepositoryConfigurationExtensionSupport - Spring Data Redis - Could not safely identify store assignment for repository candidate interface com.ling.dao.RoleRepositry. If you want this repository to be a Redis repository, consider annotating your entities with one of these annotations: org.springframework.data.redis.core.RedisHash (preferred), or consider extending one of the following types with your repository: org.springframework.data.keyvalue.repository.KeyValueRepository.
2021-04-27 00:35:39.223 [INFO ] org.springframework.data.repository.config.RepositoryConfigurationExtensionSupport - Spring Data Redis - Could not safely identify store assignment for repository candidate interface com.ling.dao.UserRepositry. If you want this repository to be a Redis repository, consider annotating your entities with one of these annotations: org.springframework.data.redis.core.RedisHash (preferred), or consider extending one of the following types with your repository: org.springframework.data.keyvalue.repository.KeyValueRepository.
2021-04-27 00:35:39.223 [INFO ] org.springframework.data.repository.config.RepositoryConfigurationDelegate - Finished Spring Data repository scanning in 8 ms. Found 0 Redis repository interfaces.
2021-04-27 00:35:39.790 [INFO ] org.springframework.boot.web.embedded.tomcat.TomcatWebServer - Tomcat initialized with port(s): 8090 (http)
2021-04-27 00:35:39.797 [INFO ] org.apache.coyote.http11.Http11NioProtocol - Initializing ProtocolHandler ["http-nio-8090"]
2021-04-27 00:35:39.798 [INFO ] org.apache.catalina.core.StandardService - Starting service [Tomcat]
2021-04-27 00:35:39.798 [INFO ] org.apache.catalina.core.StandardEngine - Starting Servlet engine: [Apache Tomcat/9.0.44]
2021-04-27 00:35:39.800 [INFO ] org.apache.catalina.core.AprLifecycleListener - Loaded Apache Tomcat Native library [1.2.26] using APR version [1.7.0].
2021-04-27 00:35:39.800 [INFO ] org.apache.catalina.core.AprLifecycleListener - APR capabilities: IPv6 [true], sendfile [true], accept filters [false], random [true].
2021-04-27 00:35:39.801 [INFO ] org.apache.catalina.core.AprLifecycleListener - APR/OpenSSL configuration: useAprConnector [false], useOpenSSL [true]
2021-04-27 00:35:39.803 [INFO ] org.apache.catalina.core.AprLifecycleListener - OpenSSL successfully initialized [OpenSSL 1.1.1i  8 Dec 2020]
2021-04-27 00:35:39.880 [INFO ] org.apache.catalina.core.ContainerBase.[Tomcat].[localhost].[/] - Initializing Spring embedded WebApplicationContext
2021-04-27 00:35:39.881 [INFO ] org.springframework.boot.web.servlet.context.ServletWebServerApplicationContext - Root WebApplicationContext: initialization completed in 1683 ms
2021-04-27 00:35:40.076 [INFO ] org.hibernate.jpa.internal.util.LogHelper - HHH000204: Processing PersistenceUnitInfo [name: default]
2021-04-27 00:35:40.113 [INFO ] org.hibernate.Version - HHH000412: Hibernate ORM core version 5.4.29.Final
2021-04-27 00:35:40.198 [INFO ] org.hibernate.annotations.common.Version - HCANN000001: Hibernate Commons Annotations {5.1.2.Final}
2021-04-27 00:35:40.287 [INFO ] com.zaxxer.hikari.HikariDataSource - HikariPool-1 - Starting...
2021-04-27 00:35:40.541 [INFO ] com.zaxxer.hikari.HikariDataSource - HikariPool-1 - Start completed.
2021-04-27 00:35:40.550 [INFO ] org.hibernate.dialect.Dialect - HHH000400: Using dialect: org.hibernate.dialect.MySQL57Dialect
2021-04-27 00:35:41.150 [INFO ] org.hibernate.engine.transaction.jta.platform.internal.JtaPlatformInitiator - HHH000490: Using JtaPlatform implementation: [org.hibernate.engine.transaction.jta.platform.internal.NoJtaPlatform]
2021-04-27 00:35:41.158 [INFO ] org.springframework.orm.jpa.LocalContainerEntityManagerFactoryBean - Initialized JPA EntityManagerFactory for persistence unit 'default'
2021-04-27 00:35:41.799 [INFO ] org.springframework.boot.devtools.autoconfigure.OptionalLiveReloadServer - LiveReload server is running on port 35729
2021-04-27 00:35:42.165 [INFO ] org.springframework.security.web.DefaultSecurityFilterChain - Will secure any request with [org.springframework.security.web.context.request.async.WebAsyncManagerIntegrationFilter@37020833, org.springframework.security.web.context.SecurityContextPersistenceFilter@1534eff0, org.springframework.security.web.header.HeaderWriterFilter@59ec1a85, org.springframework.security.web.authentication.logout.LogoutFilter@6371d1cc, com.ling.auth.MyUsernamePasswordAuthenticationFilter@545295be, org.springframework.security.web.authentication.UsernamePasswordAuthenticationFilter@5584caf2, org.springframework.security.web.savedrequest.RequestCacheAwareFilter@30bfca3e, org.springframework.security.web.servletapi.SecurityContextHolderAwareRequestFilter@2e5bccf9, org.springframework.security.web.authentication.AnonymousAuthenticationFilter@6c950cba, org.springframework.security.web.session.SessionManagementFilter@4cfbe8d5, org.springframework.security.web.access.ExceptionTranslationFilter@4f69880, org.springframework.security.web.access.intercept.FilterSecurityInterceptor@6437fe2d]
2021-04-27 00:35:42.186 [INFO ] springfox.documentation.spring.web.PropertySourcedRequestMappingHandlerMapping - Mapped URL path [/v2/api-docs] onto method [springfox.documentation.swagger2.web.Swagger2Controller#getDocumentation(String, HttpServletRequest)]
2021-04-27 00:35:42.264 [INFO ] org.springframework.scheduling.concurrent.ThreadPoolTaskExecutor - Initializing ExecutorService 'applicationTaskExecutor'
2021-04-27 00:35:42.461 [INFO ] org.apache.coyote.http11.Http11NioProtocol - Starting ProtocolHandler ["http-nio-8090"]
2021-04-27 00:35:42.485 [INFO ] org.springframework.boot.web.embedded.tomcat.TomcatWebServer - Tomcat started on port(s): 8090 (http) with context path ''
2021-04-27 00:35:42.485 [INFO ] springfox.documentation.spring.web.plugins.DocumentationPluginsBootstrapper - Context refreshed
2021-04-27 00:35:42.497 [INFO ] springfox.documentation.spring.web.plugins.DocumentationPluginsBootstrapper - Found 1 custom documentation plugin(s)
2021-04-27 00:35:42.521 [INFO ] springfox.documentation.spring.web.scanners.ApiListingReferenceScanner - Scanning for api listing references
2021-04-27 00:35:42.537 [INFO ] com.ling.LingApplication - Started LingApplication in 4.987 seconds (JVM running for 5.723)
2021-04-27 00:35:48.423 [INFO ] org.apache.catalina.core.ContainerBase.[Tomcat].[localhost].[/] - Initializing Spring DispatcherServlet 'dispatcherServlet'
2021-04-27 00:39:38.521 [INFO ] com.ling.LingApplication - Starting LingApplication using Java 14.0.1 on DESKTOP-RMQ6CGU with PID 18016 (D:\Application\project\JAVA_PROJECT\separate\background\jpa_blog\target\classes started by FEET in D:\Application\project\JAVA_PROJECT\separate\background\jpa_blog)
2021-04-27 00:39:38.524 [INFO ] com.ling.LingApplication - No active profile set, falling back to default profiles: default
2021-04-27 00:39:38.577 [INFO ] org.springframework.boot.devtools.env.DevToolsPropertyDefaultsPostProcessor - Devtools property defaults active! Set 'spring.devtools.add-properties' to 'false' to disable
2021-04-27 00:39:38.577 [INFO ] org.springframework.boot.devtools.env.DevToolsPropertyDefaultsPostProcessor - For additional web related logging consider setting the 'logging.level.web' property to 'DEBUG'
2021-04-27 00:39:39.429 [INFO ] org.springframework.data.repository.config.RepositoryConfigurationDelegate - Multiple Spring Data modules found, entering strict repository configuration mode!
2021-04-27 00:39:39.430 [INFO ] org.springframework.data.repository.config.RepositoryConfigurationDelegate - Bootstrapping Spring Data JPA repositories in DEFAULT mode.
2021-04-27 00:39:39.506 [INFO ] org.springframework.data.repository.config.RepositoryConfigurationDelegate - Finished Spring Data repository scanning in 69 ms. Found 3 JPA repository interfaces.
2021-04-27 00:39:39.522 [INFO ] org.springframework.data.repository.config.RepositoryConfigurationDelegate - Multiple Spring Data modules found, entering strict repository configuration mode!
2021-04-27 00:39:39.524 [INFO ] org.springframework.data.repository.config.RepositoryConfigurationDelegate - Bootstrapping Spring Data Redis repositories in DEFAULT mode.
2021-04-27 00:39:39.538 [INFO ] org.springframework.data.repository.config.RepositoryConfigurationExtensionSupport - Spring Data Redis - Could not safely identify store assignment for repository candidate interface com.ling.dao.MenuRepositry. If you want this repository to be a Redis repository, consider annotating your entities with one of these annotations: org.springframework.data.redis.core.RedisHash (preferred), or consider extending one of the following types with your repository: org.springframework.data.keyvalue.repository.KeyValueRepository.
2021-04-27 00:39:39.538 [INFO ] org.springframework.data.repository.config.RepositoryConfigurationExtensionSupport - Spring Data Redis - Could not safely identify store assignment for repository candidate interface com.ling.dao.RoleRepositry. If you want this repository to be a Redis repository, consider annotating your entities with one of these annotations: org.springframework.data.redis.core.RedisHash (preferred), or consider extending one of the following types with your repository: org.springframework.data.keyvalue.repository.KeyValueRepository.
2021-04-27 00:39:39.540 [INFO ] org.springframework.data.repository.config.RepositoryConfigurationExtensionSupport - Spring Data Redis - Could not safely identify store assignment for repository candidate interface com.ling.dao.UserRepositry. If you want this repository to be a Redis repository, consider annotating your entities with one of these annotations: org.springframework.data.redis.core.RedisHash (preferred), or consider extending one of the following types with your repository: org.springframework.data.keyvalue.repository.KeyValueRepository.
2021-04-27 00:39:39.540 [INFO ] org.springframework.data.repository.config.RepositoryConfigurationDelegate - Finished Spring Data repository scanning in 8 ms. Found 0 Redis repository interfaces.
2021-04-27 00:39:40.094 [INFO ] org.springframework.boot.web.embedded.tomcat.TomcatWebServer - Tomcat initialized with port(s): 8090 (http)
2021-04-27 00:39:40.101 [INFO ] org.apache.coyote.http11.Http11NioProtocol - Initializing ProtocolHandler ["http-nio-8090"]
2021-04-27 00:39:40.101 [INFO ] org.apache.catalina.core.StandardService - Starting service [Tomcat]
2021-04-27 00:39:40.101 [INFO ] org.apache.catalina.core.StandardEngine - Starting Servlet engine: [Apache Tomcat/9.0.44]
2021-04-27 00:39:40.103 [INFO ] org.apache.catalina.core.AprLifecycleListener - Loaded Apache Tomcat Native library [1.2.26] using APR version [1.7.0].
2021-04-27 00:39:40.104 [INFO ] org.apache.catalina.core.AprLifecycleListener - APR capabilities: IPv6 [true], sendfile [true], accept filters [false], random [true].
2021-04-27 00:39:40.104 [INFO ] org.apache.catalina.core.AprLifecycleListener - APR/OpenSSL configuration: useAprConnector [false], useOpenSSL [true]
2021-04-27 00:39:40.107 [INFO ] org.apache.catalina.core.AprLifecycleListener - OpenSSL successfully initialized [OpenSSL 1.1.1i  8 Dec 2020]
2021-04-27 00:39:40.198 [INFO ] org.apache.catalina.core.ContainerBase.[Tomcat].[localhost].[/] - Initializing Spring embedded WebApplicationContext
2021-04-27 00:39:40.198 [INFO ] org.springframework.boot.web.servlet.context.ServletWebServerApplicationContext - Root WebApplicationContext: initialization completed in 1619 ms
2021-04-27 00:39:40.373 [INFO ] org.hibernate.jpa.internal.util.LogHelper - HHH000204: Processing PersistenceUnitInfo [name: default]
2021-04-27 00:39:40.409 [INFO ] org.hibernate.Version - HHH000412: Hibernate ORM core version 5.4.29.Final
2021-04-27 00:39:40.494 [INFO ] org.hibernate.annotations.common.Version - HCANN000001: Hibernate Commons Annotations {5.1.2.Final}
2021-04-27 00:39:40.581 [INFO ] com.zaxxer.hikari.HikariDataSource - HikariPool-1 - Starting...
2021-04-27 00:39:40.840 [INFO ] com.zaxxer.hikari.HikariDataSource - HikariPool-1 - Start completed.
2021-04-27 00:39:40.849 [INFO ] org.hibernate.dialect.Dialect - HHH000400: Using dialect: org.hibernate.dialect.MySQL57Dialect
2021-04-27 00:39:41.707 [INFO ] org.hibernate.engine.transaction.jta.platform.internal.JtaPlatformInitiator - HHH000490: Using JtaPlatform implementation: [org.hibernate.engine.transaction.jta.platform.internal.NoJtaPlatform]
2021-04-27 00:39:41.714 [INFO ] org.springframework.orm.jpa.LocalContainerEntityManagerFactoryBean - Initialized JPA EntityManagerFactory for persistence unit 'default'
2021-04-27 00:39:42.341 [INFO ] org.springframework.boot.devtools.autoconfigure.OptionalLiveReloadServer - LiveReload server is running on port 35729
2021-04-27 00:39:42.678 [INFO ] org.springframework.security.web.DefaultSecurityFilterChain - Will secure any request with [org.springframework.security.web.context.request.async.WebAsyncManagerIntegrationFilter@3fcf9054, org.springframework.security.web.context.SecurityContextPersistenceFilter@5d322924, org.springframework.security.web.header.HeaderWriterFilter@51be2264, org.springframework.security.web.authentication.logout.LogoutFilter@d49ff50, com.ling.auth.MyUsernamePasswordAuthenticationFilter@4bd89cc6, org.springframework.security.web.authentication.UsernamePasswordAuthenticationFilter@51abbbb7, org.springframework.security.web.savedrequest.RequestCacheAwareFilter@76399558, org.springframework.security.web.servletapi.SecurityContextHolderAwareRequestFilter@10f6ed7, org.springframework.security.web.authentication.AnonymousAuthenticationFilter@4ebacb6b, org.springframework.security.web.session.SessionManagementFilter@78b37b52, org.springframework.security.web.access.ExceptionTranslationFilter@228ef284, org.springframework.security.web.access.intercept.FilterSecurityInterceptor@5cf9a949]
2021-04-27 00:39:42.697 [INFO ] springfox.documentation.spring.web.PropertySourcedRequestMappingHandlerMapping - Mapped URL path [/v2/api-docs] onto method [springfox.documentation.swagger2.web.Swagger2Controller#getDocumentation(String, HttpServletRequest)]
2021-04-27 00:39:42.769 [INFO ] org.springframework.scheduling.concurrent.ThreadPoolTaskExecutor - Initializing ExecutorService 'applicationTaskExecutor'
2021-04-27 00:39:42.955 [INFO ] org.apache.coyote.http11.Http11NioProtocol - Starting ProtocolHandler ["http-nio-8090"]
2021-04-27 00:39:42.977 [INFO ] org.springframework.boot.web.embedded.tomcat.TomcatWebServer - Tomcat started on port(s): 8090 (http) with context path ''
2021-04-27 00:39:42.978 [INFO ] springfox.documentation.spring.web.plugins.DocumentationPluginsBootstrapper - Context refreshed
2021-04-27 00:39:42.990 [INFO ] springfox.documentation.spring.web.plugins.DocumentationPluginsBootstrapper - Found 1 custom documentation plugin(s)
2021-04-27 00:39:43.014 [INFO ] springfox.documentation.spring.web.scanners.ApiListingReferenceScanner - Scanning for api listing references
2021-04-27 00:39:43.029 [INFO ] com.ling.LingApplication - Started LingApplication in 5.03 seconds (JVM running for 5.955)
2021-04-27 00:41:04.336 [INFO ] org.apache.catalina.core.ContainerBase.[Tomcat].[localhost].[/] - Initializing Spring DispatcherServlet 'dispatcherServlet'
2021-04-27 00:49:48.625 [INFO ] com.ling.LingApplication - Starting LingApplication using Java 14.0.1 on DESKTOP-RMQ6CGU with PID 1324 (D:\Application\project\JAVA_PROJECT\separate\background\jpa_blog\target\classes started by FEET in D:\Application\project\JAVA_PROJECT\separate\background\jpa_blog)
2021-04-27 00:49:48.629 [INFO ] com.ling.LingApplication - No active profile set, falling back to default profiles: default
2021-04-27 00:49:48.687 [INFO ] org.springframework.boot.devtools.env.DevToolsPropertyDefaultsPostProcessor - Devtools property defaults active! Set 'spring.devtools.add-properties' to 'false' to disable
2021-04-27 00:49:48.688 [INFO ] org.springframework.boot.devtools.env.DevToolsPropertyDefaultsPostProcessor - For additional web related logging consider setting the 'logging.level.web' property to 'DEBUG'
2021-04-27 00:49:49.569 [INFO ] org.springframework.data.repository.config.RepositoryConfigurationDelegate - Multiple Spring Data modules found, entering strict repository configuration mode!
2021-04-27 00:49:49.570 [INFO ] org.springframework.data.repository.config.RepositoryConfigurationDelegate - Bootstrapping Spring Data JPA repositories in DEFAULT mode.
2021-04-27 00:49:49.670 [INFO ] org.springframework.data.repository.config.RepositoryConfigurationDelegate - Finished Spring Data repository scanning in 93 ms. Found 3 JPA repository interfaces.
2021-04-27 00:49:49.686 [INFO ] org.springframework.data.repository.config.RepositoryConfigurationDelegate - Multiple Spring Data modules found, entering strict repository configuration mode!
2021-04-27 00:49:49.688 [INFO ] org.springframework.data.repository.config.RepositoryConfigurationDelegate - Bootstrapping Spring Data Redis repositories in DEFAULT mode.
2021-04-27 00:49:49.701 [INFO ] org.springframework.data.repository.config.RepositoryConfigurationExtensionSupport - Spring Data Redis - Could not safely identify store assignment for repository candidate interface com.ling.dao.MenuRepositry. If you want this repository to be a Redis repository, consider annotating your entities with one of these annotations: org.springframework.data.redis.core.RedisHash (preferred), or consider extending one of the following types with your repository: org.springframework.data.keyvalue.repository.KeyValueRepository.
2021-04-27 00:49:49.701 [INFO ] org.springframework.data.repository.config.RepositoryConfigurationExtensionSupport - Spring Data Redis - Could not safely identify store assignment for repository candidate interface com.ling.dao.RoleRepositry. If you want this repository to be a Redis repository, consider annotating your entities with one of these annotations: org.springframework.data.redis.core.RedisHash (preferred), or consider extending one of the following types with your repository: org.springframework.data.keyvalue.repository.KeyValueRepository.
2021-04-27 00:49:49.702 [INFO ] org.springframework.data.repository.config.RepositoryConfigurationExtensionSupport - Spring Data Redis - Could not safely identify store assignment for repository candidate interface com.ling.dao.UserRepositry. If you want this repository to be a Redis repository, consider annotating your entities with one of these annotations: org.springframework.data.redis.core.RedisHash (preferred), or consider extending one of the following types with your repository: org.springframework.data.keyvalue.repository.KeyValueRepository.
2021-04-27 00:49:49.702 [INFO ] org.springframework.data.repository.config.RepositoryConfigurationDelegate - Finished Spring Data repository scanning in 9 ms. Found 0 Redis repository interfaces.
2021-04-27 00:49:50.291 [INFO ] org.springframework.boot.web.embedded.tomcat.TomcatWebServer - Tomcat initialized with port(s): 8090 (http)
2021-04-27 00:49:50.299 [INFO ] org.apache.coyote.http11.Http11NioProtocol - Initializing ProtocolHandler ["http-nio-8090"]
2021-04-27 00:49:50.300 [INFO ] org.apache.catalina.core.StandardService - Starting service [Tomcat]
2021-04-27 00:49:50.300 [INFO ] org.apache.catalina.core.StandardEngine - Starting Servlet engine: [Apache Tomcat/9.0.44]
2021-04-27 00:49:50.300 [INFO ] org.apache.catalina.core.AprLifecycleListener - Loaded Apache Tomcat Native library [1.2.26] using APR version [1.7.0].
2021-04-27 00:49:50.300 [INFO ] org.apache.catalina.core.AprLifecycleListener - APR capabilities: IPv6 [true], sendfile [true], accept filters [false], random [true].
2021-04-27 00:49:50.301 [INFO ] org.apache.catalina.core.AprLifecycleListener - APR/OpenSSL configuration: useAprConnector [false], useOpenSSL [true]
2021-04-27 00:49:50.304 [INFO ] org.apache.catalina.core.AprLifecycleListener - OpenSSL successfully initialized [OpenSSL 1.1.1i  8 Dec 2020]
2021-04-27 00:49:50.382 [INFO ] org.apache.catalina.core.ContainerBase.[Tomcat].[localhost].[/] - Initializing Spring embedded WebApplicationContext
2021-04-27 00:49:50.382 [INFO ] org.springframework.boot.web.servlet.context.ServletWebServerApplicationContext - Root WebApplicationContext: initialization completed in 1692 ms
2021-04-27 00:49:50.577 [INFO ] org.hibernate.jpa.internal.util.LogHelper - HHH000204: Processing PersistenceUnitInfo [name: default]
2021-04-27 00:49:50.613 [INFO ] org.hibernate.Version - HHH000412: Hibernate ORM core version 5.4.29.Final
2021-04-27 00:49:50.707 [INFO ] org.hibernate.annotations.common.Version - HCANN000001: Hibernate Commons Annotations {5.1.2.Final}
2021-04-27 00:49:50.796 [INFO ] com.zaxxer.hikari.HikariDataSource - HikariPool-1 - Starting...
2021-04-27 00:49:51.061 [INFO ] com.zaxxer.hikari.HikariDataSource - HikariPool-1 - Start completed.
2021-04-27 00:49:51.072 [INFO ] org.hibernate.dialect.Dialect - HHH000400: Using dialect: org.hibernate.dialect.MySQL57Dialect
2021-04-27 00:49:51.655 [INFO ] org.hibernate.engine.transaction.jta.platform.internal.JtaPlatformInitiator - HHH000490: Using JtaPlatform implementation: [org.hibernate.engine.transaction.jta.platform.internal.NoJtaPlatform]
2021-04-27 00:49:51.662 [INFO ] org.springframework.orm.jpa.LocalContainerEntityManagerFactoryBean - Initialized JPA EntityManagerFactory for persistence unit 'default'
2021-04-27 00:49:52.298 [INFO ] org.springframework.boot.devtools.autoconfigure.OptionalLiveReloadServer - LiveReload server is running on port 35729
2021-04-27 00:49:52.641 [INFO ] org.springframework.security.web.DefaultSecurityFilterChain - Will secure any request with [org.springframework.security.web.context.request.async.WebAsyncManagerIntegrationFilter@32bdc50e, org.springframework.security.web.context.SecurityContextPersistenceFilter@7c4119a9, org.springframework.security.web.header.HeaderWriterFilter@75c9a81e, org.springframework.security.web.authentication.logout.LogoutFilter@777907f9, com.ling.auth.MyUsernamePasswordAuthenticationFilter@6a8ff3e9, org.springframework.security.web.authentication.UsernamePasswordAuthenticationFilter@5266dd49, org.springframework.security.web.savedrequest.RequestCacheAwareFilter@4166657e, org.springframework.security.web.servletapi.SecurityContextHolderAwareRequestFilter@ea39472, org.springframework.security.web.authentication.AnonymousAuthenticationFilter@4105bb4a, org.springframework.security.web.session.SessionManagementFilter@3c68ba, org.springframework.security.web.access.ExceptionTranslationFilter@665afb5f, org.springframework.security.web.access.intercept.FilterSecurityInterceptor@73514296]
2021-04-27 00:49:52.661 [INFO ] springfox.documentation.spring.web.PropertySourcedRequestMappingHandlerMapping - Mapped URL path [/v2/api-docs] onto method [springfox.documentation.swagger2.web.Swagger2Controller#getDocumentation(String, HttpServletRequest)]
2021-04-27 00:49:52.737 [INFO ] org.springframework.scheduling.concurrent.ThreadPoolTaskExecutor - Initializing ExecutorService 'applicationTaskExecutor'
2021-04-27 00:49:52.917 [INFO ] org.apache.coyote.http11.Http11NioProtocol - Starting ProtocolHandler ["http-nio-8090"]
2021-04-27 00:49:52.948 [INFO ] org.springframework.boot.web.embedded.tomcat.TomcatWebServer - Tomcat started on port(s): 8090 (http) with context path ''
2021-04-27 00:49:52.949 [INFO ] springfox.documentation.spring.web.plugins.DocumentationPluginsBootstrapper - Context refreshed
2021-04-27 00:49:52.963 [INFO ] springfox.documentation.spring.web.plugins.DocumentationPluginsBootstrapper - Found 1 custom documentation plugin(s)
2021-04-27 00:49:52.986 [INFO ] springfox.documentation.spring.web.scanners.ApiListingReferenceScanner - Scanning for api listing references
2021-04-27 00:49:53.003 [INFO ] com.ling.LingApplication - Started LingApplication in 4.985 seconds (JVM running for 5.779)
2021-04-27 00:50:18.859 [INFO ] org.apache.catalina.core.ContainerBase.[Tomcat].[localhost].[/] - Initializing Spring DispatcherServlet 'dispatcherServlet'
2021-04-27 23:10:11.142 [INFO ] com.ling.LingApplication - Starting LingApplication using Java 14.0.1 on DESKTOP-RMQ6CGU with PID 4512 (D:\Application\project\JAVA_PROJECT\separate\background\jpa_blog\target\classes started by FEET in D:\Application\project\JAVA_PROJECT\separate\background\jpa_blog)
2021-04-27 23:10:11.202 [INFO ] com.ling.LingApplication - No active profile set, falling back to default profiles: default
2021-04-27 23:10:11.245 [INFO ] org.springframework.boot.devtools.env.DevToolsPropertyDefaultsPostProcessor - Devtools property defaults active! Set 'spring.devtools.add-properties' to 'false' to disable
2021-04-27 23:10:11.245 [INFO ] org.springframework.boot.devtools.env.DevToolsPropertyDefaultsPostProcessor - For additional web related logging consider setting the 'logging.level.web' property to 'DEBUG'
2021-04-27 23:10:13.425 [INFO ] org.springframework.data.repository.config.RepositoryConfigurationDelegate - Multiple Spring Data modules found, entering strict repository configuration mode!
2021-04-27 23:10:13.426 [INFO ] org.springframework.data.repository.config.RepositoryConfigurationDelegate - Bootstrapping Spring Data JPA repositories in DEFAULT mode.
2021-04-27 23:10:13.512 [INFO ] org.springframework.data.repository.config.RepositoryConfigurationDelegate - Finished Spring Data repository scanning in 77 ms. Found 3 JPA repository interfaces.
2021-04-27 23:10:13.537 [INFO ] org.springframework.data.repository.config.RepositoryConfigurationDelegate - Multiple Spring Data modules found, entering strict repository configuration mode!
2021-04-27 23:10:13.538 [INFO ] org.springframework.data.repository.config.RepositoryConfigurationDelegate - Bootstrapping Spring Data Redis repositories in DEFAULT mode.
2021-04-27 23:10:13.555 [INFO ] org.springframework.data.repository.config.RepositoryConfigurationExtensionSupport - Spring Data Redis - Could not safely identify store assignment for repository candidate interface com.ling.dao.MenuRepositry. If you want this repository to be a Redis repository, consider annotating your entities with one of these annotations: org.springframework.data.redis.core.RedisHash (preferred), or consider extending one of the following types with your repository: org.springframework.data.keyvalue.repository.KeyValueRepository.
2021-04-27 23:10:13.556 [INFO ] org.springframework.data.repository.config.RepositoryConfigurationExtensionSupport - Spring Data Redis - Could not safely identify store assignment for repository candidate interface com.ling.dao.RoleRepositry. If you want this repository to be a Redis repository, consider annotating your entities with one of these annotations: org.springframework.data.redis.core.RedisHash (preferred), or consider extending one of the following types with your repository: org.springframework.data.keyvalue.repository.KeyValueRepository.
2021-04-27 23:10:13.557 [INFO ] org.springframework.data.repository.config.RepositoryConfigurationExtensionSupport - Spring Data Redis - Could not safely identify store assignment for repository candidate interface com.ling.dao.UserRepositry. If you want this repository to be a Redis repository, consider annotating your entities with one of these annotations: org.springframework.data.redis.core.RedisHash (preferred), or consider extending one of the following types with your repository: org.springframework.data.keyvalue.repository.KeyValueRepository.
2021-04-27 23:10:13.557 [INFO ] org.springframework.data.repository.config.RepositoryConfigurationDelegate - Finished Spring Data repository scanning in 10 ms. Found 0 Redis repository interfaces.
2021-04-27 23:10:14.333 [INFO ] org.springframework.boot.web.embedded.tomcat.TomcatWebServer - Tomcat initialized with port(s): 8090 (http)
2021-04-27 23:10:14.341 [INFO ] org.apache.coyote.http11.Http11NioProtocol - Initializing ProtocolHandler ["http-nio-8090"]
2021-04-27 23:10:14.342 [INFO ] org.apache.catalina.core.StandardService - Starting service [Tomcat]
2021-04-27 23:10:14.342 [INFO ] org.apache.catalina.core.StandardEngine - Starting Servlet engine: [Apache Tomcat/9.0.44]
2021-04-27 23:10:14.344 [INFO ] org.apache.catalina.core.AprLifecycleListener - Loaded Apache Tomcat Native library [1.2.26] using APR version [1.7.0].
2021-04-27 23:10:14.344 [INFO ] org.apache.catalina.core.AprLifecycleListener - APR capabilities: IPv6 [true], sendfile [true], accept filters [false], random [true].
2021-04-27 23:10:14.345 [INFO ] org.apache.catalina.core.AprLifecycleListener - APR/OpenSSL configuration: useAprConnector [false], useOpenSSL [true]
2021-04-27 23:10:14.504 [INFO ] org.apache.catalina.core.AprLifecycleListener - OpenSSL successfully initialized [OpenSSL 1.1.1i  8 Dec 2020]
2021-04-27 23:10:14.597 [INFO ] org.apache.catalina.core.ContainerBase.[Tomcat].[localhost].[/] - Initializing Spring embedded WebApplicationContext
2021-04-27 23:10:14.598 [INFO ] org.springframework.boot.web.servlet.context.ServletWebServerApplicationContext - Root WebApplicationContext: initialization completed in 3352 ms
2021-04-27 23:10:14.802 [INFO ] org.hibernate.jpa.internal.util.LogHelper - HHH000204: Processing PersistenceUnitInfo [name: default]
2021-04-27 23:10:14.852 [INFO ] org.hibernate.Version - HHH000412: Hibernate ORM core version 5.4.29.Final
2021-04-27 23:10:14.973 [INFO ] org.hibernate.annotations.common.Version - HCANN000001: Hibernate Commons Annotations {5.1.2.Final}
2021-04-27 23:10:15.064 [INFO ] com.zaxxer.hikari.HikariDataSource - HikariPool-1 - Starting...
2021-04-27 23:10:15.483 [INFO ] com.zaxxer.hikari.HikariDataSource - HikariPool-1 - Start completed.
2021-04-27 23:10:15.497 [INFO ] org.hibernate.dialect.Dialect - HHH000400: Using dialect: org.hibernate.dialect.MySQL57Dialect
2021-04-27 23:10:16.163 [INFO ] org.hibernate.engine.transaction.jta.platform.internal.JtaPlatformInitiator - HHH000490: Using JtaPlatform implementation: [org.hibernate.engine.transaction.jta.platform.internal.NoJtaPlatform]
2021-04-27 23:10:16.171 [INFO ] org.springframework.orm.jpa.LocalContainerEntityManagerFactoryBean - Initialized JPA EntityManagerFactory for persistence unit 'default'
2021-04-27 23:10:16.883 [INFO ] org.springframework.boot.devtools.autoconfigure.OptionalLiveReloadServer - LiveReload server is running on port 35729
2021-04-27 23:10:17.222 [INFO ] org.springframework.security.web.DefaultSecurityFilterChain - Will secure any request with [org.springframework.security.web.context.request.async.WebAsyncManagerIntegrationFilter@58f43400, org.springframework.security.web.context.SecurityContextPersistenceFilter@3667b4f7, org.springframework.security.web.header.HeaderWriterFilter@2fb0557c, org.springframework.security.web.authentication.logout.LogoutFilter@76f8afce, com.ling.auth.MyUsernamePasswordAuthenticationFilter@22532e54, org.springframework.security.web.authentication.UsernamePasswordAuthenticationFilter@7efe2b73, org.springframework.security.web.savedrequest.RequestCacheAwareFilter@332c8fa, org.springframework.security.web.servletapi.SecurityContextHolderAwareRequestFilter@606afb37, org.springframework.security.web.authentication.AnonymousAuthenticationFilter@2f96a896, org.springframework.security.web.session.SessionManagementFilter@3e00c535, org.springframework.security.web.access.ExceptionTranslationFilter@14f57ae, org.springframework.security.web.access.intercept.FilterSecurityInterceptor@7533f402]
2021-04-27 23:10:17.240 [INFO ] springfox.documentation.spring.web.PropertySourcedRequestMappingHandlerMapping - Mapped URL path [/v2/api-docs] onto method [springfox.documentation.swagger2.web.Swagger2Controller#getDocumentation(String, HttpServletRequest)]
2021-04-27 23:10:17.311 [INFO ] org.springframework.scheduling.concurrent.ThreadPoolTaskExecutor - Initializing ExecutorService 'applicationTaskExecutor'
2021-04-27 23:10:17.504 [INFO ] org.apache.coyote.http11.Http11NioProtocol - Starting ProtocolHandler ["http-nio-8090"]
2021-04-27 23:10:17.526 [INFO ] org.springframework.boot.web.embedded.tomcat.TomcatWebServer - Tomcat started on port(s): 8090 (http) with context path ''
2021-04-27 23:10:17.527 [INFO ] springfox.documentation.spring.web.plugins.DocumentationPluginsBootstrapper - Context refreshed
2021-04-27 23:10:17.542 [INFO ] springfox.documentation.spring.web.plugins.DocumentationPluginsBootstrapper - Found 1 custom documentation plugin(s)
2021-04-27 23:10:17.566 [INFO ] springfox.documentation.spring.web.scanners.ApiListingReferenceScanner - Scanning for api listing references
2021-04-27 23:10:17.583 [INFO ] com.ling.LingApplication - Started LingApplication in 6.935 seconds (JVM running for 7.857)
2021-04-27 23:13:06.115 [INFO ] org.apache.catalina.core.ContainerBase.[Tomcat].[localhost].[/] - Initializing Spring DispatcherServlet 'dispatcherServlet'
