2021-05-26 16:10:06.905 [INFO ] com.ling.LingApplication - Starting LingApplication using Java 14.0.1 on DESKTOP-RMQ6CGU with PID 5656 (D:\Application\project\JAVA_PROJECT\separate\background\jpa_blog\target\classes started by FEET in D:\Application\project\JAVA_PROJECT\separate\background\jpa_blog)
2021-05-26 16:10:06.907 [INFO ] com.ling.LingApplication - No active profile set, falling back to default profiles: default
2021-05-26 16:10:06.956 [INFO ] org.springframework.boot.devtools.env.DevToolsPropertyDefaultsPostProcessor - Devtools property defaults active! Set 'spring.devtools.add-properties' to 'false' to disable
2021-05-26 16:10:06.956 [INFO ] org.springframework.boot.devtools.env.DevToolsPropertyDefaultsPostProcessor - For additional web related logging consider setting the 'logging.level.web' property to 'DEBUG'
2021-05-26 16:10:12.198 [INFO ] org.springframework.data.repository.config.RepositoryConfigurationDelegate - Multiple Spring Data modules found, entering strict repository configuration mode!
2021-05-26 16:10:12.199 [INFO ] org.springframework.data.repository.config.RepositoryConfigurationDelegate - Bootstrapping Spring Data JPA repositories in DEFAULT mode.
2021-05-26 16:10:12.325 [INFO ] org.springframework.data.repository.config.RepositoryConfigurationDelegate - Finished Spring Data repository scanning in 118 ms. Found 7 JPA repository interfaces.
2021-05-26 16:10:12.371 [INFO ] org.springframework.data.repository.config.RepositoryConfigurationDelegate - Multiple Spring Data modules found, entering strict repository configuration mode!
2021-05-26 16:10:12.373 [INFO ] org.springframework.data.repository.config.RepositoryConfigurationDelegate - Bootstrapping Spring Data Redis repositories in DEFAULT mode.
2021-05-26 16:10:12.391 [INFO ] org.springframework.data.repository.config.RepositoryConfigurationExtensionSupport - Spring Data Redis - Could not safely identify store assignment for repository candidate interface com.ling.dao.ApiRepositry. If you want this repository to be a Redis repository, consider annotating your entities with one of these annotations: org.springframework.data.redis.core.RedisHash (preferred), or consider extending one of the following types with your repository: org.springframework.data.keyvalue.repository.KeyValueRepository.
2021-05-26 16:10:12.392 [INFO ] org.springframework.data.repository.config.RepositoryConfigurationExtensionSupport - Spring Data Redis - Could not safely identify store assignment for repository candidate interface com.ling.dao.ArticleRepositry. If you want this repository to be a Redis repository, consider annotating your entities with one of these annotations: org.springframework.data.redis.core.RedisHash (preferred), or consider extending one of the following types with your repository: org.springframework.data.keyvalue.repository.KeyValueRepository.
2021-05-26 16:10:12.393 [INFO ] org.springframework.data.repository.config.RepositoryConfigurationExtensionSupport - Spring Data Redis - Could not safely identify store assignment for repository candidate interface com.ling.dao.CategoryRepositry. If you want this repository to be a Redis repository, consider annotating your entities with one of these annotations: org.springframework.data.redis.core.RedisHash (preferred), or consider extending one of the following types with your repository: org.springframework.data.keyvalue.repository.KeyValueRepository.
2021-05-26 16:10:12.394 [INFO ] org.springframework.data.repository.config.RepositoryConfigurationExtensionSupport - Spring Data Redis - Could not safely identify store assignment for repository candidate interface com.ling.dao.MenuRepositry. If you want this repository to be a Redis repository, consider annotating your entities with one of these annotations: org.springframework.data.redis.core.RedisHash (preferred), or consider extending one of the following types with your repository: org.springframework.data.keyvalue.repository.KeyValueRepository.
2021-05-26 16:10:12.395 [INFO ] org.springframework.data.repository.config.RepositoryConfigurationExtensionSupport - Spring Data Redis - Could not safely identify store assignment for repository candidate interface com.ling.dao.RoleRepositry. If you want this repository to be a Redis repository, consider annotating your entities with one of these annotations: org.springframework.data.redis.core.RedisHash (preferred), or consider extending one of the following types with your repository: org.springframework.data.keyvalue.repository.KeyValueRepository.
2021-05-26 16:10:12.396 [INFO ] org.springframework.data.repository.config.RepositoryConfigurationExtensionSupport - Spring Data Redis - Could not safely identify store assignment for repository candidate interface com.ling.dao.TagRepositry. If you want this repository to be a Redis repository, consider annotating your entities with one of these annotations: org.springframework.data.redis.core.RedisHash (preferred), or consider extending one of the following types with your repository: org.springframework.data.keyvalue.repository.KeyValueRepository.
2021-05-26 16:10:12.398 [INFO ] org.springframework.data.repository.config.RepositoryConfigurationExtensionSupport - Spring Data Redis - Could not safely identify store assignment for repository candidate interface com.ling.dao.UserRepositry. If you want this repository to be a Redis repository, consider annotating your entities with one of these annotations: org.springframework.data.redis.core.RedisHash (preferred), or consider extending one of the following types with your repository: org.springframework.data.keyvalue.repository.KeyValueRepository.
2021-05-26 16:10:12.398 [INFO ] org.springframework.data.repository.config.RepositoryConfigurationDelegate - Finished Spring Data repository scanning in 16 ms. Found 0 Redis repository interfaces.
2021-05-26 16:10:13.531 [INFO ] org.springframework.boot.web.embedded.tomcat.TomcatWebServer - Tomcat initialized with port(s): 8090 (http)
2021-05-26 16:10:13.542 [INFO ] org.apache.coyote.http11.Http11NioProtocol - Initializing ProtocolHandler ["http-nio-8090"]
2021-05-26 16:10:13.543 [INFO ] org.apache.catalina.core.StandardService - Starting service [Tomcat]
2021-05-26 16:10:13.543 [INFO ] org.apache.catalina.core.StandardEngine - Starting Servlet engine: [Apache Tomcat/9.0.44]
2021-05-26 16:10:13.545 [INFO ] org.apache.catalina.core.AprLifecycleListener - Loaded Apache Tomcat Native library [1.2.26] using APR version [1.7.0].
2021-05-26 16:10:13.545 [INFO ] org.apache.catalina.core.AprLifecycleListener - APR capabilities: IPv6 [true], sendfile [true], accept filters [false], random [true].
2021-05-26 16:10:13.545 [INFO ] org.apache.catalina.core.AprLifecycleListener - APR/OpenSSL configuration: useAprConnector [false], useOpenSSL [true]
2021-05-26 16:10:14.089 [INFO ] org.apache.catalina.core.AprLifecycleListener - OpenSSL successfully initialized [OpenSSL 1.1.1i  8 Dec 2020]
2021-05-26 16:10:14.191 [INFO ] org.apache.catalina.core.ContainerBase.[Tomcat].[localhost].[/] - Initializing Spring embedded WebApplicationContext
2021-05-26 16:10:14.191 [INFO ] org.springframework.boot.web.servlet.context.ServletWebServerApplicationContext - Root WebApplicationContext: initialization completed in 7227 ms
2021-05-26 16:10:14.430 [INFO ] org.hibernate.jpa.internal.util.LogHelper - HHH000204: Processing PersistenceUnitInfo [name: default]
2021-05-26 16:10:14.489 [INFO ] org.hibernate.Version - HHH000412: Hibernate ORM core version 5.4.29.Final
2021-05-26 16:10:14.631 [INFO ] org.hibernate.annotations.common.Version - HCANN000001: Hibernate Commons Annotations {5.1.2.Final}
2021-05-26 16:10:14.741 [INFO ] com.zaxxer.hikari.HikariDataSource - HikariPool-1 - Starting...
2021-05-26 16:10:15.150 [INFO ] com.zaxxer.hikari.HikariDataSource - HikariPool-1 - Start completed.
2021-05-26 16:10:15.176 [INFO ] org.hibernate.dialect.Dialect - HHH000400: Using dialect: org.hibernate.dialect.MySQL57Dialect
2021-05-26 16:10:16.070 [INFO ] org.hibernate.engine.transaction.jta.platform.internal.JtaPlatformInitiator - HHH000490: Using JtaPlatform implementation: [org.hibernate.engine.transaction.jta.platform.internal.NoJtaPlatform]
2021-05-26 16:10:16.080 [INFO ] org.springframework.orm.jpa.LocalContainerEntityManagerFactoryBean - Initialized JPA EntityManagerFactory for persistence unit 'default'
2021-05-26 16:10:17.026 [INFO ] org.springframework.boot.devtools.autoconfigure.OptionalLiveReloadServer - LiveReload server is running on port 35729
2021-05-26 16:10:17.636 [INFO ] org.springframework.security.web.DefaultSecurityFilterChain - Will secure any request with [org.springframework.security.web.context.request.async.WebAsyncManagerIntegrationFilter@4ed512af, org.springframework.security.web.context.SecurityContextPersistenceFilter@7910955, org.springframework.security.web.header.HeaderWriterFilter@101c860, org.springframework.security.web.authentication.logout.LogoutFilter@117b6bf, com.ling.auth.MyUsernamePasswordAuthenticationFilter@3fa68318, org.springframework.security.web.authentication.UsernamePasswordAuthenticationFilter@17b9c523, org.springframework.security.web.savedrequest.RequestCacheAwareFilter@34e1fc89, org.springframework.security.web.servletapi.SecurityContextHolderAwareRequestFilter@6bc5175d, org.springframework.security.web.authentication.AnonymousAuthenticationFilter@8d83bf5, org.springframework.security.web.session.SessionManagementFilter@4b59376a, org.springframework.security.web.access.ExceptionTranslationFilter@560dfeab, org.springframework.security.web.access.intercept.FilterSecurityInterceptor@37ee34b8]
2021-05-26 16:10:17.658 [INFO ] springfox.documentation.spring.web.PropertySourcedRequestMappingHandlerMapping - Mapped URL path [/v2/api-docs] onto method [springfox.documentation.swagger2.web.Swagger2Controller#getDocumentation(String, HttpServletRequest)]
2021-05-26 16:10:17.747 [INFO ] org.springframework.scheduling.concurrent.ThreadPoolTaskExecutor - Initializing ExecutorService 'applicationTaskExecutor'
2021-05-26 16:10:18.010 [INFO ] org.apache.coyote.http11.Http11NioProtocol - Starting ProtocolHandler ["http-nio-8090"]
2021-05-26 16:10:18.038 [INFO ] org.springframework.boot.web.embedded.tomcat.TomcatWebServer - Tomcat started on port(s): 8090 (http) with context path ''
2021-05-26 16:10:18.039 [INFO ] springfox.documentation.spring.web.plugins.DocumentationPluginsBootstrapper - Context refreshed
2021-05-26 16:10:18.059 [INFO ] springfox.documentation.spring.web.plugins.DocumentationPluginsBootstrapper - Found 1 custom documentation plugin(s)
2021-05-26 16:10:18.098 [INFO ] springfox.documentation.spring.web.scanners.ApiListingReferenceScanner - Scanning for api listing references
2021-05-26 16:10:18.130 [INFO ] com.ling.LingApplication - Started LingApplication in 12.036 seconds (JVM running for 13.159)
2021-05-26 16:14:53.444 [INFO ] org.apache.catalina.core.ContainerBase.[Tomcat].[localhost].[/] - Initializing Spring DispatcherServlet 'dispatcherServlet'
2021-05-26 19:54:24.924 [INFO ] com.ling.LingApplication - Starting LingApplication using Java 14.0.1 on DESKTOP-RMQ6CGU with PID 17412 (D:\Application\project\JAVA_PROJECT\separate\background\jpa_blog\target\classes started by FEET in D:\Application\project\JAVA_PROJECT\separate\background\jpa_blog)
2021-05-26 19:54:24.927 [INFO ] com.ling.LingApplication - No active profile set, falling back to default profiles: default
2021-05-26 19:54:24.989 [INFO ] org.springframework.boot.devtools.env.DevToolsPropertyDefaultsPostProcessor - Devtools property defaults active! Set 'spring.devtools.add-properties' to 'false' to disable
2021-05-26 19:54:24.989 [INFO ] org.springframework.boot.devtools.env.DevToolsPropertyDefaultsPostProcessor - For additional web related logging consider setting the 'logging.level.web' property to 'DEBUG'
2021-05-26 19:54:26.304 [INFO ] org.springframework.data.repository.config.RepositoryConfigurationDelegate - Multiple Spring Data modules found, entering strict repository configuration mode!
2021-05-26 19:54:26.304 [INFO ] org.springframework.data.repository.config.RepositoryConfigurationDelegate - Bootstrapping Spring Data JPA repositories in DEFAULT mode.
2021-05-26 19:54:26.409 [INFO ] org.springframework.data.repository.config.RepositoryConfigurationDelegate - Finished Spring Data repository scanning in 97 ms. Found 7 JPA repository interfaces.
2021-05-26 19:54:26.428 [INFO ] org.springframework.data.repository.config.RepositoryConfigurationDelegate - Multiple Spring Data modules found, entering strict repository configuration mode!
2021-05-26 19:54:26.429 [INFO ] org.springframework.data.repository.config.RepositoryConfigurationDelegate - Bootstrapping Spring Data Redis repositories in DEFAULT mode.
2021-05-26 19:54:26.447 [INFO ] org.springframework.data.repository.config.RepositoryConfigurationExtensionSupport - Spring Data Redis - Could not safely identify store assignment for repository candidate interface com.ling.dao.ApiRepositry. If you want this repository to be a Redis repository, consider annotating your entities with one of these annotations: org.springframework.data.redis.core.RedisHash (preferred), or consider extending one of the following types with your repository: org.springframework.data.keyvalue.repository.KeyValueRepository.
2021-05-26 19:54:26.449 [INFO ] org.springframework.data.repository.config.RepositoryConfigurationExtensionSupport - Spring Data Redis - Could not safely identify store assignment for repository candidate interface com.ling.dao.ArticleRepositry. If you want this repository to be a Redis repository, consider annotating your entities with one of these annotations: org.springframework.data.redis.core.RedisHash (preferred), or consider extending one of the following types with your repository: org.springframework.data.keyvalue.repository.KeyValueRepository.
2021-05-26 19:54:26.449 [INFO ] org.springframework.data.repository.config.RepositoryConfigurationExtensionSupport - Spring Data Redis - Could not safely identify store assignment for repository candidate interface com.ling.dao.CategoryRepositry. If you want this repository to be a Redis repository, consider annotating your entities with one of these annotations: org.springframework.data.redis.core.RedisHash (preferred), or consider extending one of the following types with your repository: org.springframework.data.keyvalue.repository.KeyValueRepository.
2021-05-26 19:54:26.450 [INFO ] org.springframework.data.repository.config.RepositoryConfigurationExtensionSupport - Spring Data Redis - Could not safely identify store assignment for repository candidate interface com.ling.dao.MenuRepositry. If you want this repository to be a Redis repository, consider annotating your entities with one of these annotations: org.springframework.data.redis.core.RedisHash (preferred), or consider extending one of the following types with your repository: org.springframework.data.keyvalue.repository.KeyValueRepository.
2021-05-26 19:54:26.450 [INFO ] org.springframework.data.repository.config.RepositoryConfigurationExtensionSupport - Spring Data Redis - Could not safely identify store assignment for repository candidate interface com.ling.dao.RoleRepositry. If you want this repository to be a Redis repository, consider annotating your entities with one of these annotations: org.springframework.data.redis.core.RedisHash (preferred), or consider extending one of the following types with your repository: org.springframework.data.keyvalue.repository.KeyValueRepository.
2021-05-26 19:54:26.451 [INFO ] org.springframework.data.repository.config.RepositoryConfigurationExtensionSupport - Spring Data Redis - Could not safely identify store assignment for repository candidate interface com.ling.dao.TagRepositry. If you want this repository to be a Redis repository, consider annotating your entities with one of these annotations: org.springframework.data.redis.core.RedisHash (preferred), or consider extending one of the following types with your repository: org.springframework.data.keyvalue.repository.KeyValueRepository.
2021-05-26 19:54:26.452 [INFO ] org.springframework.data.repository.config.RepositoryConfigurationExtensionSupport - Spring Data Redis - Could not safely identify store assignment for repository candidate interface com.ling.dao.UserRepositry. If you want this repository to be a Redis repository, consider annotating your entities with one of these annotations: org.springframework.data.redis.core.RedisHash (preferred), or consider extending one of the following types with your repository: org.springframework.data.keyvalue.repository.KeyValueRepository.
2021-05-26 19:54:26.454 [INFO ] org.springframework.data.repository.config.RepositoryConfigurationDelegate - Finished Spring Data repository scanning in 17 ms. Found 0 Redis repository interfaces.
2021-05-26 19:54:27.134 [INFO ] org.springframework.boot.web.embedded.tomcat.TomcatWebServer - Tomcat initialized with port(s): 8090 (http)
2021-05-26 19:54:27.143 [INFO ] org.apache.coyote.http11.Http11NioProtocol - Initializing ProtocolHandler ["http-nio-8090"]
2021-05-26 19:54:27.144 [INFO ] org.apache.catalina.core.StandardService - Starting service [Tomcat]
2021-05-26 19:54:27.144 [INFO ] org.apache.catalina.core.StandardEngine - Starting Servlet engine: [Apache Tomcat/9.0.44]
2021-05-26 19:54:27.146 [INFO ] org.apache.catalina.core.AprLifecycleListener - Loaded Apache Tomcat Native library [1.2.26] using APR version [1.7.0].
2021-05-26 19:54:27.146 [INFO ] org.apache.catalina.core.AprLifecycleListener - APR capabilities: IPv6 [true], sendfile [true], accept filters [false], random [true].
2021-05-26 19:54:27.146 [INFO ] org.apache.catalina.core.AprLifecycleListener - APR/OpenSSL configuration: useAprConnector [false], useOpenSSL [true]
2021-05-26 19:54:27.150 [INFO ] org.apache.catalina.core.AprLifecycleListener - OpenSSL successfully initialized [OpenSSL 1.1.1i  8 Dec 2020]
2021-05-26 19:54:27.243 [INFO ] org.apache.catalina.core.ContainerBase.[Tomcat].[localhost].[/] - Initializing Spring embedded WebApplicationContext
2021-05-26 19:54:27.243 [INFO ] org.springframework.boot.web.servlet.context.ServletWebServerApplicationContext - Root WebApplicationContext: initialization completed in 2252 ms
2021-05-26 19:54:27.450 [INFO ] org.hibernate.jpa.internal.util.LogHelper - HHH000204: Processing PersistenceUnitInfo [name: default]
2021-05-26 19:54:27.503 [INFO ] org.hibernate.Version - HHH000412: Hibernate ORM core version 5.4.29.Final
2021-05-26 19:54:27.641 [INFO ] org.hibernate.annotations.common.Version - HCANN000001: Hibernate Commons Annotations {5.1.2.Final}
2021-05-26 19:54:27.743 [INFO ] com.zaxxer.hikari.HikariDataSource - HikariPool-1 - Starting...
2021-05-26 19:54:28.079 [INFO ] com.zaxxer.hikari.HikariDataSource - HikariPool-1 - Start completed.
2021-05-26 19:54:28.091 [INFO ] org.hibernate.dialect.Dialect - HHH000400: Using dialect: org.hibernate.dialect.MySQL57Dialect
2021-05-26 19:54:28.926 [INFO ] org.hibernate.engine.transaction.jta.platform.internal.JtaPlatformInitiator - HHH000490: Using JtaPlatform implementation: [org.hibernate.engine.transaction.jta.platform.internal.NoJtaPlatform]
2021-05-26 19:54:28.933 [INFO ] org.springframework.orm.jpa.LocalContainerEntityManagerFactoryBean - Initialized JPA EntityManagerFactory for persistence unit 'default'
2021-05-26 19:54:29.659 [INFO ] org.springframework.boot.devtools.autoconfigure.OptionalLiveReloadServer - LiveReload server is running on port 35729
2021-05-26 19:54:30.179 [INFO ] org.springframework.security.web.DefaultSecurityFilterChain - Will secure any request with [org.springframework.security.web.context.request.async.WebAsyncManagerIntegrationFilter@69c9ddaf, org.springframework.security.web.context.SecurityContextPersistenceFilter@153846eb, org.springframework.security.web.header.HeaderWriterFilter@3d430ece, org.springframework.security.web.authentication.logout.LogoutFilter@3e12c8d1, com.ling.auth.MyUsernamePasswordAuthenticationFilter@54a03bdc, org.springframework.security.web.authentication.UsernamePasswordAuthenticationFilter@668d8a75, org.springframework.security.web.savedrequest.RequestCacheAwareFilter@12079199, org.springframework.security.web.servletapi.SecurityContextHolderAwareRequestFilter@5b91c5c9, org.springframework.security.web.authentication.AnonymousAuthenticationFilter@3e0c5a35, org.springframework.security.web.session.SessionManagementFilter@448a9c5b, org.springframework.security.web.access.ExceptionTranslationFilter@432fc0b4, org.springframework.security.web.access.intercept.FilterSecurityInterceptor@35899a91]
2021-05-26 19:54:30.198 [INFO ] springfox.documentation.spring.web.PropertySourcedRequestMappingHandlerMapping - Mapped URL path [/v2/api-docs] onto method [springfox.documentation.swagger2.web.Swagger2Controller#getDocumentation(String, HttpServletRequest)]
2021-05-26 19:54:30.279 [INFO ] org.springframework.scheduling.concurrent.ThreadPoolTaskExecutor - Initializing ExecutorService 'applicationTaskExecutor'
2021-05-26 19:54:30.521 [INFO ] org.apache.coyote.http11.Http11NioProtocol - Starting ProtocolHandler ["http-nio-8090"]
2021-05-26 19:54:30.545 [INFO ] org.springframework.boot.web.embedded.tomcat.TomcatWebServer - Tomcat started on port(s): 8090 (http) with context path ''
2021-05-26 19:54:30.547 [INFO ] springfox.documentation.spring.web.plugins.DocumentationPluginsBootstrapper - Context refreshed
2021-05-26 19:54:30.560 [INFO ] springfox.documentation.spring.web.plugins.DocumentationPluginsBootstrapper - Found 1 custom documentation plugin(s)
2021-05-26 19:54:30.586 [INFO ] springfox.documentation.spring.web.scanners.ApiListingReferenceScanner - Scanning for api listing references
2021-05-26 19:54:30.602 [INFO ] com.ling.LingApplication - Started LingApplication in 6.527 seconds (JVM running for 7.544)
2021-05-26 19:55:06.762 [INFO ] org.apache.catalina.core.ContainerBase.[Tomcat].[localhost].[/] - Initializing Spring DispatcherServlet 'dispatcherServlet'
2021-05-26 20:42:24.224 [INFO ] com.ling.LingApplication - Starting LingApplication using Java 14.0.1 on DESKTOP-RMQ6CGU with PID 17608 (D:\Application\project\JAVA_PROJECT\separate\background\jpa_blog\target\classes started by FEET in D:\Application\project\JAVA_PROJECT\separate\background\jpa_blog)
2021-05-26 20:42:24.228 [INFO ] com.ling.LingApplication - No active profile set, falling back to default profiles: default
2021-05-26 20:42:24.303 [INFO ] org.springframework.boot.devtools.env.DevToolsPropertyDefaultsPostProcessor - Devtools property defaults active! Set 'spring.devtools.add-properties' to 'false' to disable
2021-05-26 20:42:24.304 [INFO ] org.springframework.boot.devtools.env.DevToolsPropertyDefaultsPostProcessor - For additional web related logging consider setting the 'logging.level.web' property to 'DEBUG'
2021-05-26 20:42:25.513 [INFO ] org.springframework.data.repository.config.RepositoryConfigurationDelegate - Multiple Spring Data modules found, entering strict repository configuration mode!
2021-05-26 20:42:25.515 [INFO ] org.springframework.data.repository.config.RepositoryConfigurationDelegate - Bootstrapping Spring Data JPA repositories in DEFAULT mode.
2021-05-26 20:42:25.788 [INFO ] org.springframework.data.repository.config.RepositoryConfigurationDelegate - Finished Spring Data repository scanning in 252 ms. Found 7 JPA repository interfaces.
2021-05-26 20:42:25.819 [INFO ] org.springframework.data.repository.config.RepositoryConfigurationDelegate - Multiple Spring Data modules found, entering strict repository configuration mode!
2021-05-26 20:42:25.821 [INFO ] org.springframework.data.repository.config.RepositoryConfigurationDelegate - Bootstrapping Spring Data Redis repositories in DEFAULT mode.
2021-05-26 20:42:25.863 [INFO ] org.springframework.data.repository.config.RepositoryConfigurationExtensionSupport - Spring Data Redis - Could not safely identify store assignment for repository candidate interface com.ling.dao.ApiRepositry. If you want this repository to be a Redis repository, consider annotating your entities with one of these annotations: org.springframework.data.redis.core.RedisHash (preferred), or consider extending one of the following types with your repository: org.springframework.data.keyvalue.repository.KeyValueRepository.
2021-05-26 20:42:25.880 [INFO ] org.springframework.data.repository.config.RepositoryConfigurationExtensionSupport - Spring Data Redis - Could not safely identify store assignment for repository candidate interface com.ling.dao.ArticleRepositry. If you want this repository to be a Redis repository, consider annotating your entities with one of these annotations: org.springframework.data.redis.core.RedisHash (preferred), or consider extending one of the following types with your repository: org.springframework.data.keyvalue.repository.KeyValueRepository.
2021-05-26 20:42:25.882 [INFO ] org.springframework.data.repository.config.RepositoryConfigurationExtensionSupport - Spring Data Redis - Could not safely identify store assignment for repository candidate interface com.ling.dao.CategoryRepositry. If you want this repository to be a Redis repository, consider annotating your entities with one of these annotations: org.springframework.data.redis.core.RedisHash (preferred), or consider extending one of the following types with your repository: org.springframework.data.keyvalue.repository.KeyValueRepository.
2021-05-26 20:42:25.884 [INFO ] org.springframework.data.repository.config.RepositoryConfigurationExtensionSupport - Spring Data Redis - Could not safely identify store assignment for repository candidate interface com.ling.dao.MenuRepositry. If you want this repository to be a Redis repository, consider annotating your entities with one of these annotations: org.springframework.data.redis.core.RedisHash (preferred), or consider extending one of the following types with your repository: org.springframework.data.keyvalue.repository.KeyValueRepository.
2021-05-26 20:42:25.886 [INFO ] org.springframework.data.repository.config.RepositoryConfigurationExtensionSupport - Spring Data Redis - Could not safely identify store assignment for repository candidate interface com.ling.dao.RoleRepositry. If you want this repository to be a Redis repository, consider annotating your entities with one of these annotations: org.springframework.data.redis.core.RedisHash (preferred), or consider extending one of the following types with your repository: org.springframework.data.keyvalue.repository.KeyValueRepository.
2021-05-26 20:42:25.888 [INFO ] org.springframework.data.repository.config.RepositoryConfigurationExtensionSupport - Spring Data Redis - Could not safely identify store assignment for repository candidate interface com.ling.dao.TagRepositry. If you want this repository to be a Redis repository, consider annotating your entities with one of these annotations: org.springframework.data.redis.core.RedisHash (preferred), or consider extending one of the following types with your repository: org.springframework.data.keyvalue.repository.KeyValueRepository.
2021-05-26 20:42:25.890 [INFO ] org.springframework.data.repository.config.RepositoryConfigurationExtensionSupport - Spring Data Redis - Could not safely identify store assignment for repository candidate interface com.ling.dao.UserRepositry. If you want this repository to be a Redis repository, consider annotating your entities with one of these annotations: org.springframework.data.redis.core.RedisHash (preferred), or consider extending one of the following types with your repository: org.springframework.data.keyvalue.repository.KeyValueRepository.
2021-05-26 20:42:25.895 [INFO ] org.springframework.data.repository.config.RepositoryConfigurationDelegate - Finished Spring Data repository scanning in 61 ms. Found 0 Redis repository interfaces.
2021-05-26 20:42:27.033 [INFO ] org.springframework.boot.web.embedded.tomcat.TomcatWebServer - Tomcat initialized with port(s): 8090 (http)
2021-05-26 20:42:27.060 [INFO ] org.apache.coyote.http11.Http11NioProtocol - Initializing ProtocolHandler ["http-nio-8090"]
2021-05-26 20:42:27.062 [INFO ] org.apache.catalina.core.StandardService - Starting service [Tomcat]
2021-05-26 20:42:27.062 [INFO ] org.apache.catalina.core.StandardEngine - Starting Servlet engine: [Apache Tomcat/9.0.44]
2021-05-26 20:42:27.071 [INFO ] org.apache.catalina.core.AprLifecycleListener - Loaded Apache Tomcat Native library [1.2.26] using APR version [1.7.0].
2021-05-26 20:42:27.072 [INFO ] org.apache.catalina.core.AprLifecycleListener - APR capabilities: IPv6 [true], sendfile [true], accept filters [false], random [true].
2021-05-26 20:42:27.072 [INFO ] org.apache.catalina.core.AprLifecycleListener - APR/OpenSSL configuration: useAprConnector [false], useOpenSSL [true]
2021-05-26 20:42:27.083 [INFO ] org.apache.catalina.core.AprLifecycleListener - OpenSSL successfully initialized [OpenSSL 1.1.1i  8 Dec 2020]
2021-05-26 20:42:27.311 [INFO ] org.apache.catalina.core.ContainerBase.[Tomcat].[localhost].[/] - Initializing Spring embedded WebApplicationContext
2021-05-26 20:42:27.311 [INFO ] org.springframework.boot.web.servlet.context.ServletWebServerApplicationContext - Root WebApplicationContext: initialization completed in 3006 ms
2021-05-26 20:42:27.767 [INFO ] org.hibernate.jpa.internal.util.LogHelper - HHH000204: Processing PersistenceUnitInfo [name: default]
2021-05-26 20:42:27.868 [INFO ] org.hibernate.Version - HHH000412: Hibernate ORM core version 5.4.29.Final
2021-05-26 20:42:28.105 [INFO ] org.hibernate.annotations.common.Version - HCANN000001: Hibernate Commons Annotations {5.1.2.Final}
2021-05-26 20:42:28.297 [INFO ] com.zaxxer.hikari.HikariDataSource - HikariPool-1 - Starting...
2021-05-26 20:42:29.028 [INFO ] com.zaxxer.hikari.HikariDataSource - HikariPool-1 - Start completed.
2021-05-26 20:42:29.064 [INFO ] org.hibernate.dialect.Dialect - HHH000400: Using dialect: org.hibernate.dialect.MySQL57Dialect
2021-05-26 20:42:30.368 [INFO ] org.hibernate.engine.transaction.jta.platform.internal.JtaPlatformInitiator - HHH000490: Using JtaPlatform implementation: [org.hibernate.engine.transaction.jta.platform.internal.NoJtaPlatform]
2021-05-26 20:42:30.382 [INFO ] org.springframework.orm.jpa.LocalContainerEntityManagerFactoryBean - Initialized JPA EntityManagerFactory for persistence unit 'default'
2021-05-26 20:42:31.818 [INFO ] org.springframework.boot.devtools.autoconfigure.OptionalLiveReloadServer - LiveReload server is running on port 35729
2021-05-26 20:42:32.594 [INFO ] org.springframework.security.web.DefaultSecurityFilterChain - Will secure any request with [org.springframework.security.web.context.request.async.WebAsyncManagerIntegrationFilter@3d916e23, org.springframework.security.web.context.SecurityContextPersistenceFilter@62dd64bb, org.springframework.security.web.header.HeaderWriterFilter@26f996d9, org.springframework.security.web.authentication.logout.LogoutFilter@dcb3714, com.ling.auth.MyUsernamePasswordAuthenticationFilter@7251905d, org.springframework.security.web.authentication.UsernamePasswordAuthenticationFilter@5b91c5c9, org.springframework.security.web.savedrequest.RequestCacheAwareFilter@f8090fe, org.springframework.security.web.servletapi.SecurityContextHolderAwareRequestFilter@30280b5e, org.springframework.security.web.authentication.AnonymousAuthenticationFilter@57a9534f, org.springframework.security.web.session.SessionManagementFilter@19ba6e40, org.springframework.security.web.access.ExceptionTranslationFilter@46565235, org.springframework.security.web.access.intercept.FilterSecurityInterceptor@4e607e87]
2021-05-26 20:42:32.656 [INFO ] springfox.documentation.spring.web.PropertySourcedRequestMappingHandlerMapping - Mapped URL path [/v2/api-docs] onto method [springfox.documentation.swagger2.web.Swagger2Controller#getDocumentation(String, HttpServletRequest)]
2021-05-26 20:42:32.762 [INFO ] org.springframework.scheduling.concurrent.ThreadPoolTaskExecutor - Initializing ExecutorService 'applicationTaskExecutor'
2021-05-26 20:42:33.315 [INFO ] org.apache.coyote.http11.Http11NioProtocol - Starting ProtocolHandler ["http-nio-8090"]
2021-05-26 20:42:33.408 [INFO ] org.springframework.boot.web.embedded.tomcat.TomcatWebServer - Tomcat started on port(s): 8090 (http) with context path ''
2021-05-26 20:42:33.411 [INFO ] springfox.documentation.spring.web.plugins.DocumentationPluginsBootstrapper - Context refreshed
2021-05-26 20:42:33.453 [INFO ] springfox.documentation.spring.web.plugins.DocumentationPluginsBootstrapper - Found 1 custom documentation plugin(s)
2021-05-26 20:42:33.543 [INFO ] springfox.documentation.spring.web.scanners.ApiListingReferenceScanner - Scanning for api listing references
2021-05-26 20:42:33.594 [INFO ] com.ling.LingApplication - Started LingApplication in 10.05 seconds (JVM running for 10.983)
2021-05-26 20:43:18.223 [INFO ] org.apache.catalina.core.ContainerBase.[Tomcat].[localhost].[/] - Initializing Spring DispatcherServlet 'dispatcherServlet'
2021-05-26 20:46:38.916 [INFO ] com.ling.LingApplication - Starting LingApplication using Java 14.0.1 on DESKTOP-RMQ6CGU with PID 3504 (D:\Application\project\JAVA_PROJECT\separate\background\jpa_blog\target\classes started by FEET in D:\Application\project\JAVA_PROJECT\separate\background\jpa_blog)
2021-05-26 20:46:38.920 [INFO ] com.ling.LingApplication - No active profile set, falling back to default profiles: default
2021-05-26 20:46:38.984 [INFO ] org.springframework.boot.devtools.env.DevToolsPropertyDefaultsPostProcessor - Devtools property defaults active! Set 'spring.devtools.add-properties' to 'false' to disable
2021-05-26 20:46:38.984 [INFO ] org.springframework.boot.devtools.env.DevToolsPropertyDefaultsPostProcessor - For additional web related logging consider setting the 'logging.level.web' property to 'DEBUG'
2021-05-26 20:46:39.999 [INFO ] org.springframework.data.repository.config.RepositoryConfigurationDelegate - Multiple Spring Data modules found, entering strict repository configuration mode!
2021-05-26 20:46:40.000 [INFO ] org.springframework.data.repository.config.RepositoryConfigurationDelegate - Bootstrapping Spring Data JPA repositories in DEFAULT mode.
2021-05-26 20:46:40.097 [INFO ] org.springframework.data.repository.config.RepositoryConfigurationDelegate - Finished Spring Data repository scanning in 90 ms. Found 7 JPA repository interfaces.
2021-05-26 20:46:40.112 [INFO ] org.springframework.data.repository.config.RepositoryConfigurationDelegate - Multiple Spring Data modules found, entering strict repository configuration mode!
2021-05-26 20:46:40.113 [INFO ] org.springframework.data.repository.config.RepositoryConfigurationDelegate - Bootstrapping Spring Data Redis repositories in DEFAULT mode.
2021-05-26 20:46:40.128 [INFO ] org.springframework.data.repository.config.RepositoryConfigurationExtensionSupport - Spring Data Redis - Could not safely identify store assignment for repository candidate interface com.ling.dao.ApiRepositry. If you want this repository to be a Redis repository, consider annotating your entities with one of these annotations: org.springframework.data.redis.core.RedisHash (preferred), or consider extending one of the following types with your repository: org.springframework.data.keyvalue.repository.KeyValueRepository.
2021-05-26 20:46:40.129 [INFO ] org.springframework.data.repository.config.RepositoryConfigurationExtensionSupport - Spring Data Redis - Could not safely identify store assignment for repository candidate interface com.ling.dao.ArticleRepositry. If you want this repository to be a Redis repository, consider annotating your entities with one of these annotations: org.springframework.data.redis.core.RedisHash (preferred), or consider extending one of the following types with your repository: org.springframework.data.keyvalue.repository.KeyValueRepository.
2021-05-26 20:46:40.130 [INFO ] org.springframework.data.repository.config.RepositoryConfigurationExtensionSupport - Spring Data Redis - Could not safely identify store assignment for repository candidate interface com.ling.dao.CategoryRepositry. If you want this repository to be a Redis repository, consider annotating your entities with one of these annotations: org.springframework.data.redis.core.RedisHash (preferred), or consider extending one of the following types with your repository: org.springframework.data.keyvalue.repository.KeyValueRepository.
2021-05-26 20:46:40.131 [INFO ] org.springframework.data.repository.config.RepositoryConfigurationExtensionSupport - Spring Data Redis - Could not safely identify store assignment for repository candidate interface com.ling.dao.MenuRepositry. If you want this repository to be a Redis repository, consider annotating your entities with one of these annotations: org.springframework.data.redis.core.RedisHash (preferred), or consider extending one of the following types with your repository: org.springframework.data.keyvalue.repository.KeyValueRepository.
2021-05-26 20:46:40.131 [INFO ] org.springframework.data.repository.config.RepositoryConfigurationExtensionSupport - Spring Data Redis - Could not safely identify store assignment for repository candidate interface com.ling.dao.RoleRepositry. If you want this repository to be a Redis repository, consider annotating your entities with one of these annotations: org.springframework.data.redis.core.RedisHash (preferred), or consider extending one of the following types with your repository: org.springframework.data.keyvalue.repository.KeyValueRepository.
2021-05-26 20:46:40.132 [INFO ] org.springframework.data.repository.config.RepositoryConfigurationExtensionSupport - Spring Data Redis - Could not safely identify store assignment for repository candidate interface com.ling.dao.TagRepositry. If you want this repository to be a Redis repository, consider annotating your entities with one of these annotations: org.springframework.data.redis.core.RedisHash (preferred), or consider extending one of the following types with your repository: org.springframework.data.keyvalue.repository.KeyValueRepository.
2021-05-26 20:46:40.132 [INFO ] org.springframework.data.repository.config.RepositoryConfigurationExtensionSupport - Spring Data Redis - Could not safely identify store assignment for repository candidate interface com.ling.dao.UserRepositry. If you want this repository to be a Redis repository, consider annotating your entities with one of these annotations: org.springframework.data.redis.core.RedisHash (preferred), or consider extending one of the following types with your repository: org.springframework.data.keyvalue.repository.KeyValueRepository.
2021-05-26 20:46:40.133 [INFO ] org.springframework.data.repository.config.RepositoryConfigurationDelegate - Finished Spring Data repository scanning in 12 ms. Found 0 Redis repository interfaces.
2021-05-26 20:46:40.701 [INFO ] org.springframework.boot.web.embedded.tomcat.TomcatWebServer - Tomcat initialized with port(s): 8090 (http)
2021-05-26 20:46:40.708 [INFO ] org.apache.coyote.http11.Http11NioProtocol - Initializing ProtocolHandler ["http-nio-8090"]
2021-05-26 20:46:40.709 [INFO ] org.apache.catalina.core.StandardService - Starting service [Tomcat]
2021-05-26 20:46:40.709 [INFO ] org.apache.catalina.core.StandardEngine - Starting Servlet engine: [Apache Tomcat/9.0.44]
2021-05-26 20:46:40.711 [INFO ] org.apache.catalina.core.AprLifecycleListener - Loaded Apache Tomcat Native library [1.2.26] using APR version [1.7.0].
2021-05-26 20:46:40.712 [INFO ] org.apache.catalina.core.AprLifecycleListener - APR capabilities: IPv6 [true], sendfile [true], accept filters [false], random [true].
2021-05-26 20:46:40.712 [INFO ] org.apache.catalina.core.AprLifecycleListener - APR/OpenSSL configuration: useAprConnector [false], useOpenSSL [true]
2021-05-26 20:46:40.714 [INFO ] org.apache.catalina.core.AprLifecycleListener - OpenSSL successfully initialized [OpenSSL 1.1.1i  8 Dec 2020]
2021-05-26 20:46:40.790 [INFO ] org.apache.catalina.core.ContainerBase.[Tomcat].[localhost].[/] - Initializing Spring embedded WebApplicationContext
2021-05-26 20:46:40.790 [INFO ] org.springframework.boot.web.servlet.context.ServletWebServerApplicationContext - Root WebApplicationContext: initialization completed in 1804 ms
2021-05-26 20:46:40.968 [INFO ] org.hibernate.jpa.internal.util.LogHelper - HHH000204: Processing PersistenceUnitInfo [name: default]
2021-05-26 20:46:41.010 [INFO ] org.hibernate.Version - HHH000412: Hibernate ORM core version 5.4.29.Final
2021-05-26 20:46:41.113 [INFO ] org.hibernate.annotations.common.Version - HCANN000001: Hibernate Commons Annotations {5.1.2.Final}
2021-05-26 20:46:41.198 [INFO ] com.zaxxer.hikari.HikariDataSource - HikariPool-1 - Starting...
2021-05-26 20:46:41.510 [INFO ] com.zaxxer.hikari.HikariDataSource - HikariPool-1 - Start completed.
2021-05-26 20:46:41.520 [INFO ] org.hibernate.dialect.Dialect - HHH000400: Using dialect: org.hibernate.dialect.MySQL57Dialect
2021-05-26 20:46:42.178 [INFO ] org.hibernate.engine.transaction.jta.platform.internal.JtaPlatformInitiator - HHH000490: Using JtaPlatform implementation: [org.hibernate.engine.transaction.jta.platform.internal.NoJtaPlatform]
2021-05-26 20:46:42.185 [INFO ] org.springframework.orm.jpa.LocalContainerEntityManagerFactoryBean - Initialized JPA EntityManagerFactory for persistence unit 'default'
2021-05-26 20:46:42.847 [INFO ] org.springframework.boot.devtools.autoconfigure.OptionalLiveReloadServer - LiveReload server is running on port 35729
2021-05-26 20:46:43.374 [INFO ] org.springframework.security.web.DefaultSecurityFilterChain - Will secure any request with [org.springframework.security.web.context.request.async.WebAsyncManagerIntegrationFilter@55fe50a4, org.springframework.security.web.context.SecurityContextPersistenceFilter@38fd5b0c, org.springframework.security.web.header.HeaderWriterFilter@4a907829, org.springframework.security.web.authentication.logout.LogoutFilter@3c129dbe, com.ling.auth.MyUsernamePasswordAuthenticationFilter@767e99d8, org.springframework.security.web.authentication.UsernamePasswordAuthenticationFilter@4e5c6e35, org.springframework.security.web.savedrequest.RequestCacheAwareFilter@2d1735d9, org.springframework.security.web.servletapi.SecurityContextHolderAwareRequestFilter@2cc75052, org.springframework.security.web.authentication.AnonymousAuthenticationFilter@3197a357, org.springframework.security.web.session.SessionManagementFilter@4241fc81, org.springframework.security.web.access.ExceptionTranslationFilter@6b8232b8, org.springframework.security.web.access.intercept.FilterSecurityInterceptor@2b044848]
2021-05-26 20:46:43.391 [INFO ] springfox.documentation.spring.web.PropertySourcedRequestMappingHandlerMapping - Mapped URL path [/v2/api-docs] onto method [springfox.documentation.swagger2.web.Swagger2Controller#getDocumentation(String, HttpServletRequest)]
2021-05-26 20:46:43.461 [INFO ] org.springframework.scheduling.concurrent.ThreadPoolTaskExecutor - Initializing ExecutorService 'applicationTaskExecutor'
2021-05-26 20:46:43.654 [INFO ] org.apache.coyote.http11.Http11NioProtocol - Starting ProtocolHandler ["http-nio-8090"]
2021-05-26 20:46:43.686 [INFO ] org.springframework.boot.web.embedded.tomcat.TomcatWebServer - Tomcat started on port(s): 8090 (http) with context path ''
2021-05-26 20:46:43.687 [INFO ] springfox.documentation.spring.web.plugins.DocumentationPluginsBootstrapper - Context refreshed
2021-05-26 20:46:43.698 [INFO ] springfox.documentation.spring.web.plugins.DocumentationPluginsBootstrapper - Found 1 custom documentation plugin(s)
2021-05-26 20:46:43.724 [INFO ] springfox.documentation.spring.web.scanners.ApiListingReferenceScanner - Scanning for api listing references
2021-05-26 20:46:43.740 [INFO ] com.ling.LingApplication - Started LingApplication in 5.55 seconds (JVM running for 6.369)
2021-05-26 20:46:59.069 [INFO ] com.ling.LingApplication - Starting LingApplication using Java 14.0.1 on DESKTOP-RMQ6CGU with PID 7296 (D:\Application\project\JAVA_PROJECT\separate\background\jpa_blog\target\classes started by FEET in D:\Application\project\JAVA_PROJECT\separate\background\jpa_blog)
2021-05-26 20:46:59.073 [INFO ] com.ling.LingApplication - No active profile set, falling back to default profiles: default
2021-05-26 20:46:59.125 [INFO ] org.springframework.boot.devtools.env.DevToolsPropertyDefaultsPostProcessor - Devtools property defaults active! Set 'spring.devtools.add-properties' to 'false' to disable
2021-05-26 20:46:59.126 [INFO ] org.springframework.boot.devtools.env.DevToolsPropertyDefaultsPostProcessor - For additional web related logging consider setting the 'logging.level.web' property to 'DEBUG'
2021-05-26 20:47:00.086 [INFO ] org.springframework.data.repository.config.RepositoryConfigurationDelegate - Multiple Spring Data modules found, entering strict repository configuration mode!
2021-05-26 20:47:00.087 [INFO ] org.springframework.data.repository.config.RepositoryConfigurationDelegate - Bootstrapping Spring Data JPA repositories in DEFAULT mode.
2021-05-26 20:47:00.187 [INFO ] org.springframework.data.repository.config.RepositoryConfigurationDelegate - Finished Spring Data repository scanning in 92 ms. Found 7 JPA repository interfaces.
2021-05-26 20:47:00.203 [INFO ] org.springframework.data.repository.config.RepositoryConfigurationDelegate - Multiple Spring Data modules found, entering strict repository configuration mode!
2021-05-26 20:47:00.207 [INFO ] org.springframework.data.repository.config.RepositoryConfigurationDelegate - Bootstrapping Spring Data Redis repositories in DEFAULT mode.
2021-05-26 20:47:00.233 [INFO ] org.springframework.data.repository.config.RepositoryConfigurationExtensionSupport - Spring Data Redis - Could not safely identify store assignment for repository candidate interface com.ling.dao.ApiRepositry. If you want this repository to be a Redis repository, consider annotating your entities with one of these annotations: org.springframework.data.redis.core.RedisHash (preferred), or consider extending one of the following types with your repository: org.springframework.data.keyvalue.repository.KeyValueRepository.
2021-05-26 20:47:00.235 [INFO ] org.springframework.data.repository.config.RepositoryConfigurationExtensionSupport - Spring Data Redis - Could not safely identify store assignment for repository candidate interface com.ling.dao.ArticleRepositry. If you want this repository to be a Redis repository, consider annotating your entities with one of these annotations: org.springframework.data.redis.core.RedisHash (preferred), or consider extending one of the following types with your repository: org.springframework.data.keyvalue.repository.KeyValueRepository.
2021-05-26 20:47:00.236 [INFO ] org.springframework.data.repository.config.RepositoryConfigurationExtensionSupport - Spring Data Redis - Could not safely identify store assignment for repository candidate interface com.ling.dao.CategoryRepositry. If you want this repository to be a Redis repository, consider annotating your entities with one of these annotations: org.springframework.data.redis.core.RedisHash (preferred), or consider extending one of the following types with your repository: org.springframework.data.keyvalue.repository.KeyValueRepository.
2021-05-26 20:47:00.237 [INFO ] org.springframework.data.repository.config.RepositoryConfigurationExtensionSupport - Spring Data Redis - Could not safely identify store assignment for repository candidate interface com.ling.dao.MenuRepositry. If you want this repository to be a Redis repository, consider annotating your entities with one of these annotations: org.springframework.data.redis.core.RedisHash (preferred), or consider extending one of the following types with your repository: org.springframework.data.keyvalue.repository.KeyValueRepository.
2021-05-26 20:47:00.237 [INFO ] org.springframework.data.repository.config.RepositoryConfigurationExtensionSupport - Spring Data Redis - Could not safely identify store assignment for repository candidate interface com.ling.dao.RoleRepositry. If you want this repository to be a Redis repository, consider annotating your entities with one of these annotations: org.springframework.data.redis.core.RedisHash (preferred), or consider extending one of the following types with your repository: org.springframework.data.keyvalue.repository.KeyValueRepository.
2021-05-26 20:47:00.238 [INFO ] org.springframework.data.repository.config.RepositoryConfigurationExtensionSupport - Spring Data Redis - Could not safely identify store assignment for repository candidate interface com.ling.dao.TagRepositry. If you want this repository to be a Redis repository, consider annotating your entities with one of these annotations: org.springframework.data.redis.core.RedisHash (preferred), or consider extending one of the following types with your repository: org.springframework.data.keyvalue.repository.KeyValueRepository.
2021-05-26 20:47:00.239 [INFO ] org.springframework.data.repository.config.RepositoryConfigurationExtensionSupport - Spring Data Redis - Could not safely identify store assignment for repository candidate interface com.ling.dao.UserRepositry. If you want this repository to be a Redis repository, consider annotating your entities with one of these annotations: org.springframework.data.redis.core.RedisHash (preferred), or consider extending one of the following types with your repository: org.springframework.data.keyvalue.repository.KeyValueRepository.
2021-05-26 20:47:00.240 [INFO ] org.springframework.data.repository.config.RepositoryConfigurationDelegate - Finished Spring Data repository scanning in 20 ms. Found 0 Redis repository interfaces.
2021-05-26 20:47:01.036 [INFO ] org.springframework.boot.web.embedded.tomcat.TomcatWebServer - Tomcat initialized with port(s): 8090 (http)
2021-05-26 20:47:01.044 [INFO ] org.apache.coyote.http11.Http11NioProtocol - Initializing ProtocolHandler ["http-nio-8090"]
2021-05-26 20:47:01.045 [INFO ] org.apache.catalina.core.StandardService - Starting service [Tomcat]
2021-05-26 20:47:01.046 [INFO ] org.apache.catalina.core.StandardEngine - Starting Servlet engine: [Apache Tomcat/9.0.44]
2021-05-26 20:47:01.048 [INFO ] org.apache.catalina.core.AprLifecycleListener - Loaded Apache Tomcat Native library [1.2.26] using APR version [1.7.0].
2021-05-26 20:47:01.048 [INFO ] org.apache.catalina.core.AprLifecycleListener - APR capabilities: IPv6 [true], sendfile [true], accept filters [false], random [true].
2021-05-26 20:47:01.048 [INFO ] org.apache.catalina.core.AprLifecycleListener - APR/OpenSSL configuration: useAprConnector [false], useOpenSSL [true]
2021-05-26 20:47:01.051 [INFO ] org.apache.catalina.core.AprLifecycleListener - OpenSSL successfully initialized [OpenSSL 1.1.1i  8 Dec 2020]
2021-05-26 20:47:01.133 [INFO ] org.apache.catalina.core.ContainerBase.[Tomcat].[localhost].[/] - Initializing Spring embedded WebApplicationContext
2021-05-26 20:47:01.133 [INFO ] org.springframework.boot.web.servlet.context.ServletWebServerApplicationContext - Root WebApplicationContext: initialization completed in 2005 ms
2021-05-26 20:47:01.328 [INFO ] org.hibernate.jpa.internal.util.LogHelper - HHH000204: Processing PersistenceUnitInfo [name: default]
2021-05-26 20:47:01.395 [INFO ] org.hibernate.Version - HHH000412: Hibernate ORM core version 5.4.29.Final
2021-05-26 20:47:01.506 [INFO ] org.hibernate.annotations.common.Version - HCANN000001: Hibernate Commons Annotations {5.1.2.Final}
2021-05-26 20:47:01.586 [INFO ] com.zaxxer.hikari.HikariDataSource - HikariPool-1 - Starting...
2021-05-26 20:47:01.882 [INFO ] com.zaxxer.hikari.HikariDataSource - HikariPool-1 - Start completed.
2021-05-26 20:47:01.892 [INFO ] org.hibernate.dialect.Dialect - HHH000400: Using dialect: org.hibernate.dialect.MySQL57Dialect
2021-05-26 20:47:02.830 [INFO ] org.hibernate.engine.transaction.jta.platform.internal.JtaPlatformInitiator - HHH000490: Using JtaPlatform implementation: [org.hibernate.engine.transaction.jta.platform.internal.NoJtaPlatform]
2021-05-26 20:47:02.839 [INFO ] org.springframework.orm.jpa.LocalContainerEntityManagerFactoryBean - Initialized JPA EntityManagerFactory for persistence unit 'default'
2021-05-26 20:47:03.524 [INFO ] org.springframework.boot.devtools.autoconfigure.OptionalLiveReloadServer - LiveReload server is running on port 35729
2021-05-26 20:47:04.019 [INFO ] org.springframework.security.web.DefaultSecurityFilterChain - Will secure any request with [org.springframework.security.web.context.request.async.WebAsyncManagerIntegrationFilter@33eb2267, org.springframework.security.web.context.SecurityContextPersistenceFilter@2ec7979d, org.springframework.security.web.header.HeaderWriterFilter@4b8444a3, org.springframework.security.web.authentication.logout.LogoutFilter@309bbdb7, com.ling.auth.MyUsernamePasswordAuthenticationFilter@4b61512a, org.springframework.security.web.authentication.UsernamePasswordAuthenticationFilter@79a5d227, org.springframework.security.web.savedrequest.RequestCacheAwareFilter@1c382f16, org.springframework.security.web.servletapi.SecurityContextHolderAwareRequestFilter@3f317cac, org.springframework.security.web.authentication.AnonymousAuthenticationFilter@23998814, org.springframework.security.web.session.SessionManagementFilter@7a563db, org.springframework.security.web.access.ExceptionTranslationFilter@5da5151e, org.springframework.security.web.access.intercept.FilterSecurityInterceptor@725d769a]
2021-05-26 20:47:04.037 [INFO ] springfox.documentation.spring.web.PropertySourcedRequestMappingHandlerMapping - Mapped URL path [/v2/api-docs] onto method [springfox.documentation.swagger2.web.Swagger2Controller#getDocumentation(String, HttpServletRequest)]
2021-05-26 20:47:04.120 [INFO ] org.springframework.scheduling.concurrent.ThreadPoolTaskExecutor - Initializing ExecutorService 'applicationTaskExecutor'
2021-05-26 20:47:04.311 [INFO ] org.apache.coyote.http11.Http11NioProtocol - Starting ProtocolHandler ["http-nio-8090"]
2021-05-26 20:47:04.337 [INFO ] org.springframework.boot.web.embedded.tomcat.TomcatWebServer - Tomcat started on port(s): 8090 (http) with context path ''
2021-05-26 20:47:04.338 [INFO ] springfox.documentation.spring.web.plugins.DocumentationPluginsBootstrapper - Context refreshed
2021-05-26 20:47:04.350 [INFO ] springfox.documentation.spring.web.plugins.DocumentationPluginsBootstrapper - Found 1 custom documentation plugin(s)
2021-05-26 20:47:04.375 [INFO ] springfox.documentation.spring.web.scanners.ApiListingReferenceScanner - Scanning for api listing references
2021-05-26 20:47:04.390 [INFO ] com.ling.LingApplication - Started LingApplication in 5.979 seconds (JVM running for 6.762)
2021-05-26 20:47:37.238 [INFO ] com.ling.LingApplication - Starting LingApplication using Java 14.0.1 on DESKTOP-RMQ6CGU with PID 2412 (D:\Application\project\JAVA_PROJECT\separate\background\jpa_blog\target\classes started by FEET in D:\Application\project\JAVA_PROJECT\separate\background\jpa_blog)
2021-05-26 20:47:37.240 [INFO ] com.ling.LingApplication - No active profile set, falling back to default profiles: default
2021-05-26 20:47:37.296 [INFO ] org.springframework.boot.devtools.env.DevToolsPropertyDefaultsPostProcessor - Devtools property defaults active! Set 'spring.devtools.add-properties' to 'false' to disable
2021-05-26 20:47:37.297 [INFO ] org.springframework.boot.devtools.env.DevToolsPropertyDefaultsPostProcessor - For additional web related logging consider setting the 'logging.level.web' property to 'DEBUG'
2021-05-26 20:47:38.215 [INFO ] org.springframework.data.repository.config.RepositoryConfigurationDelegate - Multiple Spring Data modules found, entering strict repository configuration mode!
2021-05-26 20:47:38.215 [INFO ] org.springframework.data.repository.config.RepositoryConfigurationDelegate - Bootstrapping Spring Data JPA repositories in DEFAULT mode.
2021-05-26 20:47:38.314 [INFO ] org.springframework.data.repository.config.RepositoryConfigurationDelegate - Finished Spring Data repository scanning in 93 ms. Found 7 JPA repository interfaces.
2021-05-26 20:47:38.329 [INFO ] org.springframework.data.repository.config.RepositoryConfigurationDelegate - Multiple Spring Data modules found, entering strict repository configuration mode!
2021-05-26 20:47:38.330 [INFO ] org.springframework.data.repository.config.RepositoryConfigurationDelegate - Bootstrapping Spring Data Redis repositories in DEFAULT mode.
2021-05-26 20:47:38.346 [INFO ] org.springframework.data.repository.config.RepositoryConfigurationExtensionSupport - Spring Data Redis - Could not safely identify store assignment for repository candidate interface com.ling.dao.ApiRepositry. If you want this repository to be a Redis repository, consider annotating your entities with one of these annotations: org.springframework.data.redis.core.RedisHash (preferred), or consider extending one of the following types with your repository: org.springframework.data.keyvalue.repository.KeyValueRepository.
2021-05-26 20:47:38.347 [INFO ] org.springframework.data.repository.config.RepositoryConfigurationExtensionSupport - Spring Data Redis - Could not safely identify store assignment for repository candidate interface com.ling.dao.ArticleRepositry. If you want this repository to be a Redis repository, consider annotating your entities with one of these annotations: org.springframework.data.redis.core.RedisHash (preferred), or consider extending one of the following types with your repository: org.springframework.data.keyvalue.repository.KeyValueRepository.
2021-05-26 20:47:38.348 [INFO ] org.springframework.data.repository.config.RepositoryConfigurationExtensionSupport - Spring Data Redis - Could not safely identify store assignment for repository candidate interface com.ling.dao.CategoryRepositry. If you want this repository to be a Redis repository, consider annotating your entities with one of these annotations: org.springframework.data.redis.core.RedisHash (preferred), or consider extending one of the following types with your repository: org.springframework.data.keyvalue.repository.KeyValueRepository.
2021-05-26 20:47:38.348 [INFO ] org.springframework.data.repository.config.RepositoryConfigurationExtensionSupport - Spring Data Redis - Could not safely identify store assignment for repository candidate interface com.ling.dao.MenuRepositry. If you want this repository to be a Redis repository, consider annotating your entities with one of these annotations: org.springframework.data.redis.core.RedisHash (preferred), or consider extending one of the following types with your repository: org.springframework.data.keyvalue.repository.KeyValueRepository.
2021-05-26 20:47:38.349 [INFO ] org.springframework.data.repository.config.RepositoryConfigurationExtensionSupport - Spring Data Redis - Could not safely identify store assignment for repository candidate interface com.ling.dao.RoleRepositry. If you want this repository to be a Redis repository, consider annotating your entities with one of these annotations: org.springframework.data.redis.core.RedisHash (preferred), or consider extending one of the following types with your repository: org.springframework.data.keyvalue.repository.KeyValueRepository.
2021-05-26 20:47:38.349 [INFO ] org.springframework.data.repository.config.RepositoryConfigurationExtensionSupport - Spring Data Redis - Could not safely identify store assignment for repository candidate interface com.ling.dao.TagRepositry. If you want this repository to be a Redis repository, consider annotating your entities with one of these annotations: org.springframework.data.redis.core.RedisHash (preferred), or consider extending one of the following types with your repository: org.springframework.data.keyvalue.repository.KeyValueRepository.
2021-05-26 20:47:38.351 [INFO ] org.springframework.data.repository.config.RepositoryConfigurationExtensionSupport - Spring Data Redis - Could not safely identify store assignment for repository candidate interface com.ling.dao.UserRepositry. If you want this repository to be a Redis repository, consider annotating your entities with one of these annotations: org.springframework.data.redis.core.RedisHash (preferred), or consider extending one of the following types with your repository: org.springframework.data.keyvalue.repository.KeyValueRepository.
2021-05-26 20:47:38.351 [INFO ] org.springframework.data.repository.config.RepositoryConfigurationDelegate - Finished Spring Data repository scanning in 13 ms. Found 0 Redis repository interfaces.
2021-05-26 20:47:38.902 [INFO ] org.springframework.boot.web.embedded.tomcat.TomcatWebServer - Tomcat initialized with port(s): 8090 (http)
2021-05-26 20:47:38.909 [INFO ] org.apache.coyote.http11.Http11NioProtocol - Initializing ProtocolHandler ["http-nio-8090"]
2021-05-26 20:47:38.909 [INFO ] org.apache.catalina.core.StandardService - Starting service [Tomcat]
2021-05-26 20:47:38.909 [INFO ] org.apache.catalina.core.StandardEngine - Starting Servlet engine: [Apache Tomcat/9.0.44]
2021-05-26 20:47:38.911 [INFO ] org.apache.catalina.core.AprLifecycleListener - Loaded Apache Tomcat Native library [1.2.26] using APR version [1.7.0].
2021-05-26 20:47:38.912 [INFO ] org.apache.catalina.core.AprLifecycleListener - APR capabilities: IPv6 [true], sendfile [true], accept filters [false], random [true].
2021-05-26 20:47:38.912 [INFO ] org.apache.catalina.core.AprLifecycleListener - APR/OpenSSL configuration: useAprConnector [false], useOpenSSL [true]
2021-05-26 20:47:38.915 [INFO ] org.apache.catalina.core.AprLifecycleListener - OpenSSL successfully initialized [OpenSSL 1.1.1i  8 Dec 2020]
2021-05-26 20:47:38.998 [INFO ] org.apache.catalina.core.ContainerBase.[Tomcat].[localhost].[/] - Initializing Spring embedded WebApplicationContext
2021-05-26 20:47:38.998 [INFO ] org.springframework.boot.web.servlet.context.ServletWebServerApplicationContext - Root WebApplicationContext: initialization completed in 1700 ms
2021-05-26 20:47:39.171 [INFO ] org.hibernate.jpa.internal.util.LogHelper - HHH000204: Processing PersistenceUnitInfo [name: default]
2021-05-26 20:47:39.208 [INFO ] org.hibernate.Version - HHH000412: Hibernate ORM core version 5.4.29.Final
2021-05-26 20:47:39.311 [INFO ] org.hibernate.annotations.common.Version - HCANN000001: Hibernate Commons Annotations {5.1.2.Final}
2021-05-26 20:47:39.387 [INFO ] com.zaxxer.hikari.HikariDataSource - HikariPool-1 - Starting...
2021-05-26 20:47:39.645 [INFO ] com.zaxxer.hikari.HikariDataSource - HikariPool-1 - Start completed.
2021-05-26 20:47:39.656 [INFO ] org.hibernate.dialect.Dialect - HHH000400: Using dialect: org.hibernate.dialect.MySQL57Dialect
2021-05-26 20:47:40.280 [INFO ] org.hibernate.engine.transaction.jta.platform.internal.JtaPlatformInitiator - HHH000490: Using JtaPlatform implementation: [org.hibernate.engine.transaction.jta.platform.internal.NoJtaPlatform]
2021-05-26 20:47:40.288 [INFO ] org.springframework.orm.jpa.LocalContainerEntityManagerFactoryBean - Initialized JPA EntityManagerFactory for persistence unit 'default'
2021-05-26 20:47:40.945 [INFO ] org.springframework.boot.devtools.autoconfigure.OptionalLiveReloadServer - LiveReload server is running on port 35729
2021-05-26 20:47:41.388 [INFO ] org.springframework.security.web.DefaultSecurityFilterChain - Will secure any request with [org.springframework.security.web.context.request.async.WebAsyncManagerIntegrationFilter@33eb2267, org.springframework.security.web.context.SecurityContextPersistenceFilter@2ec7979d, org.springframework.security.web.header.HeaderWriterFilter@4b8444a3, org.springframework.security.web.authentication.logout.LogoutFilter@309bbdb7, com.ling.auth.MyUsernamePasswordAuthenticationFilter@4b61512a, org.springframework.security.web.authentication.UsernamePasswordAuthenticationFilter@79a5d227, org.springframework.security.web.savedrequest.RequestCacheAwareFilter@1c382f16, org.springframework.security.web.servletapi.SecurityContextHolderAwareRequestFilter@3f317cac, org.springframework.security.web.authentication.AnonymousAuthenticationFilter@23998814, org.springframework.security.web.session.SessionManagementFilter@7a563db, org.springframework.security.web.access.ExceptionTranslationFilter@5da5151e, org.springframework.security.web.access.intercept.FilterSecurityInterceptor@725d769a]
2021-05-26 20:47:41.404 [INFO ] springfox.documentation.spring.web.PropertySourcedRequestMappingHandlerMapping - Mapped URL path [/v2/api-docs] onto method [springfox.documentation.swagger2.web.Swagger2Controller#getDocumentation(String, HttpServletRequest)]
2021-05-26 20:47:41.480 [INFO ] org.springframework.scheduling.concurrent.ThreadPoolTaskExecutor - Initializing ExecutorService 'applicationTaskExecutor'
2021-05-26 20:47:41.659 [INFO ] org.apache.coyote.http11.Http11NioProtocol - Starting ProtocolHandler ["http-nio-8090"]
2021-05-26 20:47:41.682 [INFO ] org.springframework.boot.web.embedded.tomcat.TomcatWebServer - Tomcat started on port(s): 8090 (http) with context path ''
2021-05-26 20:47:41.683 [INFO ] springfox.documentation.spring.web.plugins.DocumentationPluginsBootstrapper - Context refreshed
2021-05-26 20:47:41.696 [INFO ] springfox.documentation.spring.web.plugins.DocumentationPluginsBootstrapper - Found 1 custom documentation plugin(s)
2021-05-26 20:47:41.721 [INFO ] springfox.documentation.spring.web.scanners.ApiListingReferenceScanner - Scanning for api listing references
2021-05-26 20:47:41.736 [INFO ] com.ling.LingApplication - Started LingApplication in 5.099 seconds (JVM running for 5.871)
2021-05-26 20:48:25.537 [INFO ] org.apache.catalina.core.ContainerBase.[Tomcat].[localhost].[/] - Initializing Spring DispatcherServlet 'dispatcherServlet'
2021-05-26 20:49:41.653 [INFO ] com.ling.LingApplication - Starting LingApplication using Java 14.0.1 on DESKTOP-RMQ6CGU with PID 13748 (D:\Application\project\JAVA_PROJECT\separate\background\jpa_blog\target\classes started by FEET in D:\Application\project\JAVA_PROJECT\separate\background\jpa_blog)
2021-05-26 20:49:41.656 [INFO ] com.ling.LingApplication - No active profile set, falling back to default profiles: default
2021-05-26 20:49:41.727 [INFO ] org.springframework.boot.devtools.env.DevToolsPropertyDefaultsPostProcessor - Devtools property defaults active! Set 'spring.devtools.add-properties' to 'false' to disable
2021-05-26 20:49:41.727 [INFO ] org.springframework.boot.devtools.env.DevToolsPropertyDefaultsPostProcessor - For additional web related logging consider setting the 'logging.level.web' property to 'DEBUG'
2021-05-26 20:49:42.649 [INFO ] org.springframework.data.repository.config.RepositoryConfigurationDelegate - Multiple Spring Data modules found, entering strict repository configuration mode!
2021-05-26 20:49:42.650 [INFO ] org.springframework.data.repository.config.RepositoryConfigurationDelegate - Bootstrapping Spring Data JPA repositories in DEFAULT mode.
2021-05-26 20:49:42.743 [INFO ] org.springframework.data.repository.config.RepositoryConfigurationDelegate - Finished Spring Data repository scanning in 87 ms. Found 7 JPA repository interfaces.
2021-05-26 20:49:42.758 [INFO ] org.springframework.data.repository.config.RepositoryConfigurationDelegate - Multiple Spring Data modules found, entering strict repository configuration mode!
2021-05-26 20:49:42.759 [INFO ] org.springframework.data.repository.config.RepositoryConfigurationDelegate - Bootstrapping Spring Data Redis repositories in DEFAULT mode.
2021-05-26 20:49:42.775 [INFO ] org.springframework.data.repository.config.RepositoryConfigurationExtensionSupport - Spring Data Redis - Could not safely identify store assignment for repository candidate interface com.ling.dao.ApiRepositry. If you want this repository to be a Redis repository, consider annotating your entities with one of these annotations: org.springframework.data.redis.core.RedisHash (preferred), or consider extending one of the following types with your repository: org.springframework.data.keyvalue.repository.KeyValueRepository.
2021-05-26 20:49:42.776 [INFO ] org.springframework.data.repository.config.RepositoryConfigurationExtensionSupport - Spring Data Redis - Could not safely identify store assignment for repository candidate interface com.ling.dao.ArticleRepositry. If you want this repository to be a Redis repository, consider annotating your entities with one of these annotations: org.springframework.data.redis.core.RedisHash (preferred), or consider extending one of the following types with your repository: org.springframework.data.keyvalue.repository.KeyValueRepository.
2021-05-26 20:49:42.776 [INFO ] org.springframework.data.repository.config.RepositoryConfigurationExtensionSupport - Spring Data Redis - Could not safely identify store assignment for repository candidate interface com.ling.dao.CategoryRepositry. If you want this repository to be a Redis repository, consider annotating your entities with one of these annotations: org.springframework.data.redis.core.RedisHash (preferred), or consider extending one of the following types with your repository: org.springframework.data.keyvalue.repository.KeyValueRepository.
2021-05-26 20:49:42.777 [INFO ] org.springframework.data.repository.config.RepositoryConfigurationExtensionSupport - Spring Data Redis - Could not safely identify store assignment for repository candidate interface com.ling.dao.MenuRepositry. If you want this repository to be a Redis repository, consider annotating your entities with one of these annotations: org.springframework.data.redis.core.RedisHash (preferred), or consider extending one of the following types with your repository: org.springframework.data.keyvalue.repository.KeyValueRepository.
2021-05-26 20:49:42.778 [INFO ] org.springframework.data.repository.config.RepositoryConfigurationExtensionSupport - Spring Data Redis - Could not safely identify store assignment for repository candidate interface com.ling.dao.RoleRepositry. If you want this repository to be a Redis repository, consider annotating your entities with one of these annotations: org.springframework.data.redis.core.RedisHash (preferred), or consider extending one of the following types with your repository: org.springframework.data.keyvalue.repository.KeyValueRepository.
2021-05-26 20:49:42.779 [INFO ] org.springframework.data.repository.config.RepositoryConfigurationExtensionSupport - Spring Data Redis - Could not safely identify store assignment for repository candidate interface com.ling.dao.TagRepositry. If you want this repository to be a Redis repository, consider annotating your entities with one of these annotations: org.springframework.data.redis.core.RedisHash (preferred), or consider extending one of the following types with your repository: org.springframework.data.keyvalue.repository.KeyValueRepository.
2021-05-26 20:49:42.780 [INFO ] org.springframework.data.repository.config.RepositoryConfigurationExtensionSupport - Spring Data Redis - Could not safely identify store assignment for repository candidate interface com.ling.dao.UserRepositry. If you want this repository to be a Redis repository, consider annotating your entities with one of these annotations: org.springframework.data.redis.core.RedisHash (preferred), or consider extending one of the following types with your repository: org.springframework.data.keyvalue.repository.KeyValueRepository.
2021-05-26 20:49:42.780 [INFO ] org.springframework.data.repository.config.RepositoryConfigurationDelegate - Finished Spring Data repository scanning in 15 ms. Found 0 Redis repository interfaces.
2021-05-26 20:49:43.354 [INFO ] org.springframework.boot.web.embedded.tomcat.TomcatWebServer - Tomcat initialized with port(s): 8090 (http)
2021-05-26 20:49:43.360 [INFO ] org.apache.coyote.http11.Http11NioProtocol - Initializing ProtocolHandler ["http-nio-8090"]
2021-05-26 20:49:43.361 [INFO ] org.apache.catalina.core.StandardService - Starting service [Tomcat]
2021-05-26 20:49:43.361 [INFO ] org.apache.catalina.core.StandardEngine - Starting Servlet engine: [Apache Tomcat/9.0.44]
2021-05-26 20:49:43.363 [INFO ] org.apache.catalina.core.AprLifecycleListener - Loaded Apache Tomcat Native library [1.2.26] using APR version [1.7.0].
2021-05-26 20:49:43.363 [INFO ] org.apache.catalina.core.AprLifecycleListener - APR capabilities: IPv6 [true], sendfile [true], accept filters [false], random [true].
2021-05-26 20:49:43.363 [INFO ] org.apache.catalina.core.AprLifecycleListener - APR/OpenSSL configuration: useAprConnector [false], useOpenSSL [true]
2021-05-26 20:49:43.367 [INFO ] org.apache.catalina.core.AprLifecycleListener - OpenSSL successfully initialized [OpenSSL 1.1.1i  8 Dec 2020]
2021-05-26 20:49:43.443 [INFO ] org.apache.catalina.core.ContainerBase.[Tomcat].[localhost].[/] - Initializing Spring embedded WebApplicationContext
2021-05-26 20:49:43.444 [INFO ] org.springframework.boot.web.servlet.context.ServletWebServerApplicationContext - Root WebApplicationContext: initialization completed in 1715 ms
2021-05-26 20:49:43.626 [INFO ] org.hibernate.jpa.internal.util.LogHelper - HHH000204: Processing PersistenceUnitInfo [name: default]
2021-05-26 20:49:43.744 [INFO ] org.hibernate.Version - HHH000412: Hibernate ORM core version 5.4.29.Final
2021-05-26 20:49:43.852 [INFO ] org.hibernate.annotations.common.Version - HCANN000001: Hibernate Commons Annotations {5.1.2.Final}
2021-05-26 20:49:43.923 [INFO ] com.zaxxer.hikari.HikariDataSource - HikariPool-1 - Starting...
2021-05-26 20:49:44.182 [INFO ] com.zaxxer.hikari.HikariDataSource - HikariPool-1 - Start completed.
2021-05-26 20:49:44.192 [INFO ] org.hibernate.dialect.Dialect - HHH000400: Using dialect: org.hibernate.dialect.MySQL57Dialect
2021-05-26 20:49:44.877 [INFO ] org.hibernate.engine.transaction.jta.platform.internal.JtaPlatformInitiator - HHH000490: Using JtaPlatform implementation: [org.hibernate.engine.transaction.jta.platform.internal.NoJtaPlatform]
2021-05-26 20:49:44.885 [INFO ] org.springframework.orm.jpa.LocalContainerEntityManagerFactoryBean - Initialized JPA EntityManagerFactory for persistence unit 'default'
2021-05-26 20:49:45.575 [INFO ] org.springframework.boot.devtools.autoconfigure.OptionalLiveReloadServer - LiveReload server is running on port 35729
2021-05-26 20:49:46.015 [INFO ] org.springframework.security.web.DefaultSecurityFilterChain - Will secure any request with [org.springframework.security.web.context.request.async.WebAsyncManagerIntegrationFilter@7a190daf, org.springframework.security.web.context.SecurityContextPersistenceFilter@1ffe7cfc, org.springframework.security.web.header.HeaderWriterFilter@87e61c9, org.springframework.security.web.authentication.logout.LogoutFilter@3eda1982, com.ling.auth.MyUsernamePasswordAuthenticationFilter@2db22bbc, org.springframework.security.web.authentication.UsernamePasswordAuthenticationFilter@9d2d058, org.springframework.security.web.savedrequest.RequestCacheAwareFilter@2dcb1234, org.springframework.security.web.servletapi.SecurityContextHolderAwareRequestFilter@57e5da91, org.springframework.security.web.authentication.AnonymousAuthenticationFilter@431ecbd5, org.springframework.security.web.session.SessionManagementFilter@29b349e8, org.springframework.security.web.access.ExceptionTranslationFilter@5b62ac65, org.springframework.security.web.access.intercept.FilterSecurityInterceptor@592d6b17]
2021-05-26 20:49:46.033 [INFO ] springfox.documentation.spring.web.PropertySourcedRequestMappingHandlerMapping - Mapped URL path [/v2/api-docs] onto method [springfox.documentation.swagger2.web.Swagger2Controller#getDocumentation(String, HttpServletRequest)]
2021-05-26 20:49:46.109 [INFO ] org.springframework.scheduling.concurrent.ThreadPoolTaskExecutor - Initializing ExecutorService 'applicationTaskExecutor'
2021-05-26 20:49:46.311 [INFO ] org.apache.coyote.http11.Http11NioProtocol - Starting ProtocolHandler ["http-nio-8090"]
2021-05-26 20:49:46.335 [INFO ] org.springframework.boot.web.embedded.tomcat.TomcatWebServer - Tomcat started on port(s): 8090 (http) with context path ''
2021-05-26 20:49:46.337 [INFO ] springfox.documentation.spring.web.plugins.DocumentationPluginsBootstrapper - Context refreshed
2021-05-26 20:49:46.350 [INFO ] springfox.documentation.spring.web.plugins.DocumentationPluginsBootstrapper - Found 1 custom documentation plugin(s)
2021-05-26 20:49:46.377 [INFO ] springfox.documentation.spring.web.scanners.ApiListingReferenceScanner - Scanning for api listing references
2021-05-26 20:49:46.395 [INFO ] com.ling.LingApplication - Started LingApplication in 5.389 seconds (JVM running for 6.2)
2021-05-26 20:49:49.819 [INFO ] org.apache.catalina.core.ContainerBase.[Tomcat].[localhost].[/] - Initializing Spring DispatcherServlet 'dispatcherServlet'
2021-05-26 22:56:07.370 [INFO ] com.ling.LingApplication - Starting LingApplication using Java 14.0.1 on DESKTOP-RMQ6CGU with PID 6116 (D:\Application\project\JAVA_PROJECT\separate\background\jpa_blog\target\classes started by FEET in D:\Application\project\JAVA_PROJECT\separate\background\jpa_blog)
2021-05-26 22:56:07.373 [INFO ] com.ling.LingApplication - No active profile set, falling back to default profiles: default
2021-05-26 22:56:07.414 [INFO ] org.springframework.boot.devtools.env.DevToolsPropertyDefaultsPostProcessor - Devtools property defaults active! Set 'spring.devtools.add-properties' to 'false' to disable
2021-05-26 22:56:07.415 [INFO ] org.springframework.boot.devtools.env.DevToolsPropertyDefaultsPostProcessor - For additional web related logging consider setting the 'logging.level.web' property to 'DEBUG'
2021-05-26 22:56:09.931 [INFO ] org.springframework.data.repository.config.RepositoryConfigurationDelegate - Multiple Spring Data modules found, entering strict repository configuration mode!
2021-05-26 22:56:09.932 [INFO ] org.springframework.data.repository.config.RepositoryConfigurationDelegate - Bootstrapping Spring Data JPA repositories in DEFAULT mode.
2021-05-26 22:56:10.068 [INFO ] org.springframework.data.repository.config.RepositoryConfigurationDelegate - Finished Spring Data repository scanning in 128 ms. Found 7 JPA repository interfaces.
2021-05-26 22:56:10.090 [INFO ] org.springframework.data.repository.config.RepositoryConfigurationDelegate - Multiple Spring Data modules found, entering strict repository configuration mode!
2021-05-26 22:56:10.091 [INFO ] org.springframework.data.repository.config.RepositoryConfigurationDelegate - Bootstrapping Spring Data Redis repositories in DEFAULT mode.
2021-05-26 22:56:10.112 [INFO ] org.springframework.data.repository.config.RepositoryConfigurationExtensionSupport - Spring Data Redis - Could not safely identify store assignment for repository candidate interface com.ling.dao.ApiRepositry. If you want this repository to be a Redis repository, consider annotating your entities with one of these annotations: org.springframework.data.redis.core.RedisHash (preferred), or consider extending one of the following types with your repository: org.springframework.data.keyvalue.repository.KeyValueRepository.
2021-05-26 22:56:10.113 [INFO ] org.springframework.data.repository.config.RepositoryConfigurationExtensionSupport - Spring Data Redis - Could not safely identify store assignment for repository candidate interface com.ling.dao.ArticleRepositry. If you want this repository to be a Redis repository, consider annotating your entities with one of these annotations: org.springframework.data.redis.core.RedisHash (preferred), or consider extending one of the following types with your repository: org.springframework.data.keyvalue.repository.KeyValueRepository.
2021-05-26 22:56:10.114 [INFO ] org.springframework.data.repository.config.RepositoryConfigurationExtensionSupport - Spring Data Redis - Could not safely identify store assignment for repository candidate interface com.ling.dao.CategoryRepositry. If you want this repository to be a Redis repository, consider annotating your entities with one of these annotations: org.springframework.data.redis.core.RedisHash (preferred), or consider extending one of the following types with your repository: org.springframework.data.keyvalue.repository.KeyValueRepository.
2021-05-26 22:56:10.114 [INFO ] org.springframework.data.repository.config.RepositoryConfigurationExtensionSupport - Spring Data Redis - Could not safely identify store assignment for repository candidate interface com.ling.dao.MenuRepositry. If you want this repository to be a Redis repository, consider annotating your entities with one of these annotations: org.springframework.data.redis.core.RedisHash (preferred), or consider extending one of the following types with your repository: org.springframework.data.keyvalue.repository.KeyValueRepository.
2021-05-26 22:56:10.115 [INFO ] org.springframework.data.repository.config.RepositoryConfigurationExtensionSupport - Spring Data Redis - Could not safely identify store assignment for repository candidate interface com.ling.dao.RoleRepositry. If you want this repository to be a Redis repository, consider annotating your entities with one of these annotations: org.springframework.data.redis.core.RedisHash (preferred), or consider extending one of the following types with your repository: org.springframework.data.keyvalue.repository.KeyValueRepository.
2021-05-26 22:56:10.116 [INFO ] org.springframework.data.repository.config.RepositoryConfigurationExtensionSupport - Spring Data Redis - Could not safely identify store assignment for repository candidate interface com.ling.dao.TagRepositry. If you want this repository to be a Redis repository, consider annotating your entities with one of these annotations: org.springframework.data.redis.core.RedisHash (preferred), or consider extending one of the following types with your repository: org.springframework.data.keyvalue.repository.KeyValueRepository.
2021-05-26 22:56:10.117 [INFO ] org.springframework.data.repository.config.RepositoryConfigurationExtensionSupport - Spring Data Redis - Could not safely identify store assignment for repository candidate interface com.ling.dao.UserRepositry. If you want this repository to be a Redis repository, consider annotating your entities with one of these annotations: org.springframework.data.redis.core.RedisHash (preferred), or consider extending one of the following types with your repository: org.springframework.data.keyvalue.repository.KeyValueRepository.
2021-05-26 22:56:10.117 [INFO ] org.springframework.data.repository.config.RepositoryConfigurationDelegate - Finished Spring Data repository scanning in 15 ms. Found 0 Redis repository interfaces.
2021-05-26 22:56:11.013 [INFO ] org.springframework.boot.web.embedded.tomcat.TomcatWebServer - Tomcat initialized with port(s): 8090 (http)
2021-05-26 22:56:11.025 [INFO ] org.apache.coyote.http11.Http11NioProtocol - Initializing ProtocolHandler ["http-nio-8090"]
2021-05-26 22:56:11.025 [INFO ] org.apache.catalina.core.StandardService - Starting service [Tomcat]
2021-05-26 22:56:11.027 [INFO ] org.apache.catalina.core.StandardEngine - Starting Servlet engine: [Apache Tomcat/9.0.44]
2021-05-26 22:56:11.029 [INFO ] org.apache.catalina.core.AprLifecycleListener - Loaded Apache Tomcat Native library [1.2.26] using APR version [1.7.0].
2021-05-26 22:56:11.030 [INFO ] org.apache.catalina.core.AprLifecycleListener - APR capabilities: IPv6 [true], sendfile [true], accept filters [false], random [true].
2021-05-26 22:56:11.030 [INFO ] org.apache.catalina.core.AprLifecycleListener - APR/OpenSSL configuration: useAprConnector [false], useOpenSSL [true]
2021-05-26 22:56:11.438 [INFO ] org.apache.catalina.core.AprLifecycleListener - OpenSSL successfully initialized [OpenSSL 1.1.1i  8 Dec 2020]
2021-05-26 22:56:11.590 [INFO ] org.apache.catalina.core.ContainerBase.[Tomcat].[localhost].[/] - Initializing Spring embedded WebApplicationContext
2021-05-26 22:56:11.590 [INFO ] org.springframework.boot.web.servlet.context.ServletWebServerApplicationContext - Root WebApplicationContext: initialization completed in 4174 ms
2021-05-26 22:56:11.919 [INFO ] org.hibernate.jpa.internal.util.LogHelper - HHH000204: Processing PersistenceUnitInfo [name: default]
2021-05-26 22:56:11.990 [INFO ] org.hibernate.Version - HHH000412: Hibernate ORM core version 5.4.29.Final
2021-05-26 22:56:12.139 [INFO ] org.hibernate.annotations.common.Version - HCANN000001: Hibernate Commons Annotations {5.1.2.Final}
2021-05-26 22:56:12.237 [INFO ] com.zaxxer.hikari.HikariDataSource - HikariPool-1 - Starting...
2021-05-26 22:56:12.651 [INFO ] com.zaxxer.hikari.HikariDataSource - HikariPool-1 - Start completed.
2021-05-26 22:56:12.665 [INFO ] org.hibernate.dialect.Dialect - HHH000400: Using dialect: org.hibernate.dialect.MySQL57Dialect
2021-05-26 22:56:13.675 [INFO ] org.hibernate.engine.transaction.jta.platform.internal.JtaPlatformInitiator - HHH000490: Using JtaPlatform implementation: [org.hibernate.engine.transaction.jta.platform.internal.NoJtaPlatform]
2021-05-26 22:56:13.683 [INFO ] org.springframework.orm.jpa.LocalContainerEntityManagerFactoryBean - Initialized JPA EntityManagerFactory for persistence unit 'default'
2021-05-26 22:56:14.798 [INFO ] org.springframework.boot.devtools.autoconfigure.OptionalLiveReloadServer - LiveReload server is running on port 35729
2021-05-26 22:56:15.490 [INFO ] org.springframework.security.web.DefaultSecurityFilterChain - Will secure any request with [org.springframework.security.web.context.request.async.WebAsyncManagerIntegrationFilter@44cceee6, org.springframework.security.web.context.SecurityContextPersistenceFilter@7247761d, org.springframework.security.web.header.HeaderWriterFilter@20b51205, org.springframework.security.web.authentication.logout.LogoutFilter@76c6d643, com.ling.auth.MyUsernamePasswordAuthenticationFilter@5a1f86e8, org.springframework.security.web.authentication.UsernamePasswordAuthenticationFilter@32603e12, org.springframework.security.web.savedrequest.RequestCacheAwareFilter@196bf97b, org.springframework.security.web.servletapi.SecurityContextHolderAwareRequestFilter@6ec9a7e5, org.springframework.security.web.authentication.AnonymousAuthenticationFilter@4193f5d, org.springframework.security.web.session.SessionManagementFilter@280c916b, org.springframework.security.web.access.ExceptionTranslationFilter@50260ce7, org.springframework.security.web.access.intercept.FilterSecurityInterceptor@4141c484]
2021-05-26 22:56:15.521 [INFO ] springfox.documentation.spring.web.PropertySourcedRequestMappingHandlerMapping - Mapped URL path [/v2/api-docs] onto method [springfox.documentation.swagger2.web.Swagger2Controller#getDocumentation(String, HttpServletRequest)]
2021-05-26 22:56:15.663 [INFO ] org.springframework.scheduling.concurrent.ThreadPoolTaskExecutor - Initializing ExecutorService 'applicationTaskExecutor'
2021-05-26 22:56:15.937 [INFO ] org.apache.coyote.http11.Http11NioProtocol - Starting ProtocolHandler ["http-nio-8090"]
2021-05-26 22:56:15.965 [INFO ] org.springframework.boot.web.embedded.tomcat.TomcatWebServer - Tomcat started on port(s): 8090 (http) with context path ''
2021-05-26 22:56:15.966 [INFO ] springfox.documentation.spring.web.plugins.DocumentationPluginsBootstrapper - Context refreshed
2021-05-26 22:56:15.988 [INFO ] springfox.documentation.spring.web.plugins.DocumentationPluginsBootstrapper - Found 1 custom documentation plugin(s)
2021-05-26 22:56:16.040 [INFO ] springfox.documentation.spring.web.scanners.ApiListingReferenceScanner - Scanning for api listing references
2021-05-26 22:56:16.060 [INFO ] com.ling.LingApplication - Started LingApplication in 9.238 seconds (JVM running for 10.347)
2021-05-26 23:03:09.748 [INFO ] org.apache.catalina.core.ContainerBase.[Tomcat].[localhost].[/] - Initializing Spring DispatcherServlet 'dispatcherServlet'
2021-05-26 23:45:47.524 [INFO ] com.ling.LingApplication - Starting LingApplication using Java 14.0.1 on DESKTOP-RMQ6CGU with PID 19096 (D:\Application\project\JAVA_PROJECT\separate\background\jpa_blog\target\classes started by FEET in D:\Application\project\JAVA_PROJECT\separate\background\jpa_blog)
2021-05-26 23:45:47.526 [INFO ] com.ling.LingApplication - No active profile set, falling back to default profiles: default
2021-05-26 23:45:47.578 [INFO ] org.springframework.boot.devtools.env.DevToolsPropertyDefaultsPostProcessor - Devtools property defaults active! Set 'spring.devtools.add-properties' to 'false' to disable
2021-05-26 23:45:47.579 [INFO ] org.springframework.boot.devtools.env.DevToolsPropertyDefaultsPostProcessor - For additional web related logging consider setting the 'logging.level.web' property to 'DEBUG'
2021-05-26 23:45:48.511 [INFO ] org.springframework.data.repository.config.RepositoryConfigurationDelegate - Multiple Spring Data modules found, entering strict repository configuration mode!
2021-05-26 23:45:48.512 [INFO ] org.springframework.data.repository.config.RepositoryConfigurationDelegate - Bootstrapping Spring Data JPA repositories in DEFAULT mode.
2021-05-26 23:45:48.606 [INFO ] org.springframework.data.repository.config.RepositoryConfigurationDelegate - Finished Spring Data repository scanning in 88 ms. Found 7 JPA repository interfaces.
2021-05-26 23:45:48.621 [INFO ] org.springframework.data.repository.config.RepositoryConfigurationDelegate - Multiple Spring Data modules found, entering strict repository configuration mode!
2021-05-26 23:45:48.622 [INFO ] org.springframework.data.repository.config.RepositoryConfigurationDelegate - Bootstrapping Spring Data Redis repositories in DEFAULT mode.
2021-05-26 23:45:48.637 [INFO ] org.springframework.data.repository.config.RepositoryConfigurationExtensionSupport - Spring Data Redis - Could not safely identify store assignment for repository candidate interface com.ling.dao.ApiRepositry. If you want this repository to be a Redis repository, consider annotating your entities with one of these annotations: org.springframework.data.redis.core.RedisHash (preferred), or consider extending one of the following types with your repository: org.springframework.data.keyvalue.repository.KeyValueRepository.
2021-05-26 23:45:48.639 [INFO ] org.springframework.data.repository.config.RepositoryConfigurationExtensionSupport - Spring Data Redis - Could not safely identify store assignment for repository candidate interface com.ling.dao.ArticleRepositry. If you want this repository to be a Redis repository, consider annotating your entities with one of these annotations: org.springframework.data.redis.core.RedisHash (preferred), or consider extending one of the following types with your repository: org.springframework.data.keyvalue.repository.KeyValueRepository.
2021-05-26 23:45:48.639 [INFO ] org.springframework.data.repository.config.RepositoryConfigurationExtensionSupport - Spring Data Redis - Could not safely identify store assignment for repository candidate interface com.ling.dao.CategoryRepositry. If you want this repository to be a Redis repository, consider annotating your entities with one of these annotations: org.springframework.data.redis.core.RedisHash (preferred), or consider extending one of the following types with your repository: org.springframework.data.keyvalue.repository.KeyValueRepository.
2021-05-26 23:45:48.640 [INFO ] org.springframework.data.repository.config.RepositoryConfigurationExtensionSupport - Spring Data Redis - Could not safely identify store assignment for repository candidate interface com.ling.dao.MenuRepositry. If you want this repository to be a Redis repository, consider annotating your entities with one of these annotations: org.springframework.data.redis.core.RedisHash (preferred), or consider extending one of the following types with your repository: org.springframework.data.keyvalue.repository.KeyValueRepository.
2021-05-26 23:45:48.640 [INFO ] org.springframework.data.repository.config.RepositoryConfigurationExtensionSupport - Spring Data Redis - Could not safely identify store assignment for repository candidate interface com.ling.dao.RoleRepositry. If you want this repository to be a Redis repository, consider annotating your entities with one of these annotations: org.springframework.data.redis.core.RedisHash (preferred), or consider extending one of the following types with your repository: org.springframework.data.keyvalue.repository.KeyValueRepository.
2021-05-26 23:45:48.640 [INFO ] org.springframework.data.repository.config.RepositoryConfigurationExtensionSupport - Spring Data Redis - Could not safely identify store assignment for repository candidate interface com.ling.dao.TagRepositry. If you want this repository to be a Redis repository, consider annotating your entities with one of these annotations: org.springframework.data.redis.core.RedisHash (preferred), or consider extending one of the following types with your repository: org.springframework.data.keyvalue.repository.KeyValueRepository.
2021-05-26 23:45:48.641 [INFO ] org.springframework.data.repository.config.RepositoryConfigurationExtensionSupport - Spring Data Redis - Could not safely identify store assignment for repository candidate interface com.ling.dao.UserRepositry. If you want this repository to be a Redis repository, consider annotating your entities with one of these annotations: org.springframework.data.redis.core.RedisHash (preferred), or consider extending one of the following types with your repository: org.springframework.data.keyvalue.repository.KeyValueRepository.
2021-05-26 23:45:48.641 [INFO ] org.springframework.data.repository.config.RepositoryConfigurationDelegate - Finished Spring Data repository scanning in 12 ms. Found 0 Redis repository interfaces.
2021-05-26 23:45:49.211 [INFO ] org.springframework.boot.web.embedded.tomcat.TomcatWebServer - Tomcat initialized with port(s): 8090 (http)
2021-05-26 23:45:49.217 [INFO ] org.apache.coyote.http11.Http11NioProtocol - Initializing ProtocolHandler ["http-nio-8090"]
2021-05-26 23:45:49.218 [INFO ] org.apache.catalina.core.StandardService - Starting service [Tomcat]
2021-05-26 23:45:49.219 [INFO ] org.apache.catalina.core.StandardEngine - Starting Servlet engine: [Apache Tomcat/9.0.44]
2021-05-26 23:45:49.220 [INFO ] org.apache.catalina.core.AprLifecycleListener - Loaded Apache Tomcat Native library [1.2.26] using APR version [1.7.0].
2021-05-26 23:45:49.220 [INFO ] org.apache.catalina.core.AprLifecycleListener - APR capabilities: IPv6 [true], sendfile [true], accept filters [false], random [true].
2021-05-26 23:45:49.220 [INFO ] org.apache.catalina.core.AprLifecycleListener - APR/OpenSSL configuration: useAprConnector [false], useOpenSSL [true]
2021-05-26 23:45:49.224 [INFO ] org.apache.catalina.core.AprLifecycleListener - OpenSSL successfully initialized [OpenSSL 1.1.1i  8 Dec 2020]
2021-05-26 23:45:49.298 [INFO ] org.apache.catalina.core.ContainerBase.[Tomcat].[localhost].[/] - Initializing Spring embedded WebApplicationContext
2021-05-26 23:45:49.298 [INFO ] org.springframework.boot.web.servlet.context.ServletWebServerApplicationContext - Root WebApplicationContext: initialization completed in 1717 ms
2021-05-26 23:45:49.511 [INFO ] org.hibernate.jpa.internal.util.LogHelper - HHH000204: Processing PersistenceUnitInfo [name: default]
2021-05-26 23:45:49.551 [INFO ] org.hibernate.Version - HHH000412: Hibernate ORM core version 5.4.29.Final
2021-05-26 23:45:49.681 [INFO ] org.hibernate.annotations.common.Version - HCANN000001: Hibernate Commons Annotations {5.1.2.Final}
2021-05-26 23:45:49.765 [INFO ] com.zaxxer.hikari.HikariDataSource - HikariPool-1 - Starting...
2021-05-26 23:45:50.042 [INFO ] com.zaxxer.hikari.HikariDataSource - HikariPool-1 - Start completed.
2021-05-26 23:45:50.052 [INFO ] org.hibernate.dialect.Dialect - HHH000400: Using dialect: org.hibernate.dialect.MySQL57Dialect
2021-05-26 23:45:50.847 [INFO ] org.hibernate.engine.transaction.jta.platform.internal.JtaPlatformInitiator - HHH000490: Using JtaPlatform implementation: [org.hibernate.engine.transaction.jta.platform.internal.NoJtaPlatform]
2021-05-26 23:45:50.855 [INFO ] org.springframework.orm.jpa.LocalContainerEntityManagerFactoryBean - Initialized JPA EntityManagerFactory for persistence unit 'default'
2021-05-26 23:45:51.611 [INFO ] org.springframework.boot.devtools.autoconfigure.OptionalLiveReloadServer - LiveReload server is running on port 35729
2021-05-26 23:45:52.108 [INFO ] org.springframework.security.web.DefaultSecurityFilterChain - Will secure any request with [org.springframework.security.web.context.request.async.WebAsyncManagerIntegrationFilter@1e6edc7e, org.springframework.security.web.context.SecurityContextPersistenceFilter@637cbe43, org.springframework.security.web.header.HeaderWriterFilter@5ce6b433, org.springframework.security.web.authentication.logout.LogoutFilter@169a3169, com.ling.auth.MyUsernamePasswordAuthenticationFilter@10765734, org.springframework.security.web.authentication.UsernamePasswordAuthenticationFilter@5c064c06, org.springframework.security.web.savedrequest.RequestCacheAwareFilter@651cbe5e, org.springframework.security.web.servletapi.SecurityContextHolderAwareRequestFilter@45db62cf, org.springframework.security.web.authentication.AnonymousAuthenticationFilter@26afeb33, org.springframework.security.web.session.SessionManagementFilter@ee78586, org.springframework.security.web.access.ExceptionTranslationFilter@35577711, org.springframework.security.web.access.intercept.FilterSecurityInterceptor@7440d247]
2021-05-26 23:45:52.138 [INFO ] springfox.documentation.spring.web.PropertySourcedRequestMappingHandlerMapping - Mapped URL path [/v2/api-docs] onto method [springfox.documentation.swagger2.web.Swagger2Controller#getDocumentation(String, HttpServletRequest)]
2021-05-26 23:45:52.245 [INFO ] org.springframework.scheduling.concurrent.ThreadPoolTaskExecutor - Initializing ExecutorService 'applicationTaskExecutor'
2021-05-26 23:45:52.522 [INFO ] org.apache.coyote.http11.Http11NioProtocol - Starting ProtocolHandler ["http-nio-8090"]
2021-05-26 23:45:52.549 [INFO ] org.springframework.boot.web.embedded.tomcat.TomcatWebServer - Tomcat started on port(s): 8090 (http) with context path ''
2021-05-26 23:45:52.550 [INFO ] springfox.documentation.spring.web.plugins.DocumentationPluginsBootstrapper - Context refreshed
2021-05-26 23:45:52.569 [INFO ] springfox.documentation.spring.web.plugins.DocumentationPluginsBootstrapper - Found 1 custom documentation plugin(s)
2021-05-26 23:45:52.605 [INFO ] springfox.documentation.spring.web.scanners.ApiListingReferenceScanner - Scanning for api listing references
2021-05-26 23:45:52.626 [INFO ] com.ling.LingApplication - Started LingApplication in 5.708 seconds (JVM running for 6.607)
2021-05-26 23:46:04.070 [INFO ] org.apache.catalina.core.ContainerBase.[Tomcat].[localhost].[/] - Initializing Spring DispatcherServlet 'dispatcherServlet'
