2021-04-26 13:00:42.199 [INFO ] com.ling.LingApplication - Starting LingApplication using Java 14.0.1 on DESKTOP-RMQ6CGU with PID 14012 (D:\Application\project\JAVA_PROJECT\separate\background\jpa_blog\target\classes started by FEET in D:\Application\project\JAVA_PROJECT\separate\background\jpa_blog)
2021-04-26 13:00:42.202 [INFO ] com.ling.LingApplication - No active profile set, falling back to default profiles: default
2021-04-26 13:00:42.251 [INFO ] org.springframework.boot.devtools.env.DevToolsPropertyDefaultsPostProcessor - Devtools property defaults active! Set 'spring.devtools.add-properties' to 'false' to disable
2021-04-26 13:00:42.252 [INFO ] org.springframework.boot.devtools.env.DevToolsPropertyDefaultsPostProcessor - For additional web related logging consider setting the 'logging.level.web' property to 'DEBUG'
2021-04-26 13:00:43.783 [INFO ] org.springframework.data.repository.config.RepositoryConfigurationDelegate - Multiple Spring Data modules found, entering strict repository configuration mode!
2021-04-26 13:00:43.783 [INFO ] org.springframework.data.repository.config.RepositoryConfigurationDelegate - Bootstrapping Spring Data JPA repositories in DEFAULT mode.
2021-04-26 13:00:43.890 [INFO ] org.springframework.data.repository.config.RepositoryConfigurationDelegate - Finished Spring Data repository scanning in 95 ms. Found 3 JPA repository interfaces.
2021-04-26 13:00:43.909 [INFO ] org.springframework.data.repository.config.RepositoryConfigurationDelegate - Multiple Spring Data modules found, entering strict repository configuration mode!
2021-04-26 13:00:43.910 [INFO ] org.springframework.data.repository.config.RepositoryConfigurationDelegate - Bootstrapping Spring Data Redis repositories in DEFAULT mode.
2021-04-26 13:00:43.926 [INFO ] org.springframework.data.repository.config.RepositoryConfigurationExtensionSupport - Spring Data Redis - Could not safely identify store assignment for repository candidate interface com.ling.dao.MenuRepositry. If you want this repository to be a Redis repository, consider annotating your entities with one of these annotations: org.springframework.data.redis.core.RedisHash (preferred), or consider extending one of the following types with your repository: org.springframework.data.keyvalue.repository.KeyValueRepository.
2021-04-26 13:00:43.927 [INFO ] org.springframework.data.repository.config.RepositoryConfigurationExtensionSupport - Spring Data Redis - Could not safely identify store assignment for repository candidate interface com.ling.dao.RoleRepositry. If you want this repository to be a Redis repository, consider annotating your entities with one of these annotations: org.springframework.data.redis.core.RedisHash (preferred), or consider extending one of the following types with your repository: org.springframework.data.keyvalue.repository.KeyValueRepository.
2021-04-26 13:00:43.928 [INFO ] org.springframework.data.repository.config.RepositoryConfigurationExtensionSupport - Spring Data Redis - Could not safely identify store assignment for repository candidate interface com.ling.dao.UserRepositry. If you want this repository to be a Redis repository, consider annotating your entities with one of these annotations: org.springframework.data.redis.core.RedisHash (preferred), or consider extending one of the following types with your repository: org.springframework.data.keyvalue.repository.KeyValueRepository.
2021-04-26 13:00:43.929 [INFO ] org.springframework.data.repository.config.RepositoryConfigurationDelegate - Finished Spring Data repository scanning in 10 ms. Found 0 Redis repository interfaces.
2021-04-26 13:00:44.783 [INFO ] org.springframework.boot.web.embedded.tomcat.TomcatWebServer - Tomcat initialized with port(s): 8090 (http)
2021-04-26 13:00:44.793 [INFO ] org.apache.coyote.http11.Http11NioProtocol - Initializing ProtocolHandler ["http-nio-8090"]
2021-04-26 13:00:44.793 [INFO ] org.apache.catalina.core.StandardService - Starting service [Tomcat]
2021-04-26 13:00:44.794 [INFO ] org.apache.catalina.core.StandardEngine - Starting Servlet engine: [Apache Tomcat/9.0.44]
2021-04-26 13:00:44.796 [INFO ] org.apache.catalina.core.AprLifecycleListener - Loaded Apache Tomcat Native library [1.2.26] using APR version [1.7.0].
2021-04-26 13:00:44.796 [INFO ] org.apache.catalina.core.AprLifecycleListener - APR capabilities: IPv6 [true], sendfile [true], accept filters [false], random [true].
2021-04-26 13:00:44.796 [INFO ] org.apache.catalina.core.AprLifecycleListener - APR/OpenSSL configuration: useAprConnector [false], useOpenSSL [true]
2021-04-26 13:00:44.823 [INFO ] org.apache.catalina.core.AprLifecycleListener - OpenSSL successfully initialized [OpenSSL 1.1.1i  8 Dec 2020]
2021-04-26 13:00:44.931 [INFO ] org.apache.catalina.core.ContainerBase.[Tomcat].[localhost].[/] - Initializing Spring embedded WebApplicationContext
2021-04-26 13:00:44.931 [INFO ] org.springframework.boot.web.servlet.context.ServletWebServerApplicationContext - Root WebApplicationContext: initialization completed in 2678 ms
2021-04-26 13:00:45.145 [INFO ] org.hibernate.jpa.internal.util.LogHelper - HHH000204: Processing PersistenceUnitInfo [name: default]
2021-04-26 13:00:45.191 [INFO ] org.hibernate.Version - HHH000412: Hibernate ORM core version 5.4.29.Final
2021-04-26 13:00:45.336 [INFO ] org.hibernate.annotations.common.Version - HCANN000001: Hibernate Commons Annotations {5.1.2.Final}
2021-04-26 13:00:45.435 [INFO ] com.zaxxer.hikari.HikariDataSource - HikariPool-1 - Starting...
2021-04-26 13:00:45.829 [INFO ] com.zaxxer.hikari.HikariDataSource - HikariPool-1 - Start completed.
2021-04-26 13:00:45.842 [INFO ] org.hibernate.dialect.Dialect - HHH000400: Using dialect: org.hibernate.dialect.MySQL57Dialect
2021-04-26 13:00:46.695 [INFO ] org.hibernate.engine.transaction.jta.platform.internal.JtaPlatformInitiator - HHH000490: Using JtaPlatform implementation: [org.hibernate.engine.transaction.jta.platform.internal.NoJtaPlatform]
2021-04-26 13:00:46.714 [INFO ] org.springframework.orm.jpa.LocalContainerEntityManagerFactoryBean - Initialized JPA EntityManagerFactory for persistence unit 'default'
2021-04-26 13:00:47.392 [INFO ] org.springframework.boot.devtools.autoconfigure.OptionalLiveReloadServer - LiveReload server is running on port 35729
2021-04-26 13:00:47.706 [INFO ] org.springframework.security.web.DefaultSecurityFilterChain - Will secure any request with [org.springframework.security.web.context.request.async.WebAsyncManagerIntegrationFilter@542e8447, org.springframework.security.web.context.SecurityContextPersistenceFilter@61c0f9b9, org.springframework.security.web.header.HeaderWriterFilter@7b733dc2, org.springframework.security.web.authentication.logout.LogoutFilter@4473666d, com.ling.auth.MyUsernamePasswordAuthenticationFilter@478417fb, org.springframework.security.web.authentication.UsernamePasswordAuthenticationFilter@675b4af2, org.springframework.security.web.savedrequest.RequestCacheAwareFilter@7f50bb1f, org.springframework.security.web.servletapi.SecurityContextHolderAwareRequestFilter@5ed74ef9, org.springframework.security.web.authentication.AnonymousAuthenticationFilter@27c28021, org.springframework.security.web.session.SessionManagementFilter@13180d78, org.springframework.security.web.access.ExceptionTranslationFilter@1331d98b, org.springframework.security.web.access.intercept.FilterSecurityInterceptor@70373ce2]
2021-04-26 13:00:47.724 [INFO ] springfox.documentation.spring.web.PropertySourcedRequestMappingHandlerMapping - Mapped URL path [/v2/api-docs] onto method [springfox.documentation.swagger2.web.Swagger2Controller#getDocumentation(String, HttpServletRequest)]
2021-04-26 13:00:47.793 [INFO ] org.springframework.scheduling.concurrent.ThreadPoolTaskExecutor - Initializing ExecutorService 'applicationTaskExecutor'
2021-04-26 13:00:47.970 [INFO ] org.apache.coyote.http11.Http11NioProtocol - Starting ProtocolHandler ["http-nio-8090"]
2021-04-26 13:00:47.993 [INFO ] org.springframework.boot.web.embedded.tomcat.TomcatWebServer - Tomcat started on port(s): 8090 (http) with context path ''
2021-04-26 13:00:47.994 [INFO ] springfox.documentation.spring.web.plugins.DocumentationPluginsBootstrapper - Context refreshed
2021-04-26 13:00:48.008 [INFO ] springfox.documentation.spring.web.plugins.DocumentationPluginsBootstrapper - Found 1 custom documentation plugin(s)
2021-04-26 13:00:48.033 [INFO ] springfox.documentation.spring.web.scanners.ApiListingReferenceScanner - Scanning for api listing references
2021-04-26 13:00:48.048 [INFO ] com.ling.LingApplication - Started LingApplication in 6.463 seconds (JVM running for 7.349)
2021-04-26 13:00:50.444 [INFO ] org.apache.catalina.core.ContainerBase.[Tomcat].[localhost].[/] - Initializing Spring DispatcherServlet 'dispatcherServlet'
2021-04-26 23:45:09.070 [INFO ] com.ling.LingApplication - Starting LingApplication using Java 14.0.1 on DESKTOP-RMQ6CGU with PID 17912 (D:\Application\project\JAVA_PROJECT\separate\background\jpa_blog\target\classes started by FEET in D:\Application\project\JAVA_PROJECT\separate\background\jpa_blog)
2021-04-26 23:45:09.071 [INFO ] com.ling.LingApplication - No active profile set, falling back to default profiles: default
2021-04-26 23:45:09.117 [INFO ] org.springframework.boot.devtools.env.DevToolsPropertyDefaultsPostProcessor - Devtools property defaults active! Set 'spring.devtools.add-properties' to 'false' to disable
2021-04-26 23:45:09.117 [INFO ] org.springframework.boot.devtools.env.DevToolsPropertyDefaultsPostProcessor - For additional web related logging consider setting the 'logging.level.web' property to 'DEBUG'
2021-04-26 23:45:10.711 [INFO ] org.springframework.data.repository.config.RepositoryConfigurationDelegate - Multiple Spring Data modules found, entering strict repository configuration mode!
2021-04-26 23:45:10.712 [INFO ] org.springframework.data.repository.config.RepositoryConfigurationDelegate - Bootstrapping Spring Data JPA repositories in DEFAULT mode.
2021-04-26 23:45:10.797 [INFO ] org.springframework.data.repository.config.RepositoryConfigurationDelegate - Finished Spring Data repository scanning in 78 ms. Found 3 JPA repository interfaces.
2021-04-26 23:45:10.821 [INFO ] org.springframework.data.repository.config.RepositoryConfigurationDelegate - Multiple Spring Data modules found, entering strict repository configuration mode!
2021-04-26 23:45:10.822 [INFO ] org.springframework.data.repository.config.RepositoryConfigurationDelegate - Bootstrapping Spring Data Redis repositories in DEFAULT mode.
2021-04-26 23:45:10.839 [INFO ] org.springframework.data.repository.config.RepositoryConfigurationExtensionSupport - Spring Data Redis - Could not safely identify store assignment for repository candidate interface com.ling.dao.MenuRepositry. If you want this repository to be a Redis repository, consider annotating your entities with one of these annotations: org.springframework.data.redis.core.RedisHash (preferred), or consider extending one of the following types with your repository: org.springframework.data.keyvalue.repository.KeyValueRepository.
2021-04-26 23:45:10.840 [INFO ] org.springframework.data.repository.config.RepositoryConfigurationExtensionSupport - Spring Data Redis - Could not safely identify store assignment for repository candidate interface com.ling.dao.RoleRepositry. If you want this repository to be a Redis repository, consider annotating your entities with one of these annotations: org.springframework.data.redis.core.RedisHash (preferred), or consider extending one of the following types with your repository: org.springframework.data.keyvalue.repository.KeyValueRepository.
2021-04-26 23:45:10.842 [INFO ] org.springframework.data.repository.config.RepositoryConfigurationExtensionSupport - Spring Data Redis - Could not safely identify store assignment for repository candidate interface com.ling.dao.UserRepositry. If you want this repository to be a Redis repository, consider annotating your entities with one of these annotations: org.springframework.data.redis.core.RedisHash (preferred), or consider extending one of the following types with your repository: org.springframework.data.keyvalue.repository.KeyValueRepository.
2021-04-26 23:45:10.842 [INFO ] org.springframework.data.repository.config.RepositoryConfigurationDelegate - Finished Spring Data repository scanning in 9 ms. Found 0 Redis repository interfaces.
2021-04-26 23:45:11.514 [INFO ] org.springframework.boot.web.embedded.tomcat.TomcatWebServer - Tomcat initialized with port(s): 8090 (http)
2021-04-26 23:45:11.523 [INFO ] org.apache.coyote.http11.Http11NioProtocol - Initializing ProtocolHandler ["http-nio-8090"]
2021-04-26 23:45:11.524 [INFO ] org.apache.catalina.core.StandardService - Starting service [Tomcat]
2021-04-26 23:45:11.524 [INFO ] org.apache.catalina.core.StandardEngine - Starting Servlet engine: [Apache Tomcat/9.0.44]
2021-04-26 23:45:11.526 [INFO ] org.apache.catalina.core.AprLifecycleListener - Loaded Apache Tomcat Native library [1.2.26] using APR version [1.7.0].
2021-04-26 23:45:11.526 [INFO ] org.apache.catalina.core.AprLifecycleListener - APR capabilities: IPv6 [true], sendfile [true], accept filters [false], random [true].
2021-04-26 23:45:11.526 [INFO ] org.apache.catalina.core.AprLifecycleListener - APR/OpenSSL configuration: useAprConnector [false], useOpenSSL [true]
2021-04-26 23:45:11.589 [INFO ] org.apache.catalina.core.AprLifecycleListener - OpenSSL successfully initialized [OpenSSL 1.1.1i  8 Dec 2020]
2021-04-26 23:45:11.679 [INFO ] org.apache.catalina.core.ContainerBase.[Tomcat].[localhost].[/] - Initializing Spring embedded WebApplicationContext
2021-04-26 23:45:11.679 [INFO ] org.springframework.boot.web.servlet.context.ServletWebServerApplicationContext - Root WebApplicationContext: initialization completed in 2560 ms
2021-04-26 23:45:11.902 [INFO ] org.hibernate.jpa.internal.util.LogHelper - HHH000204: Processing PersistenceUnitInfo [name: default]
2021-04-26 23:45:11.956 [INFO ] org.hibernate.Version - HHH000412: Hibernate ORM core version 5.4.29.Final
2021-04-26 23:45:12.083 [INFO ] org.hibernate.annotations.common.Version - HCANN000001: Hibernate Commons Annotations {5.1.2.Final}
2021-04-26 23:45:12.179 [INFO ] com.zaxxer.hikari.HikariDataSource - HikariPool-1 - Starting...
2021-04-26 23:45:12.515 [INFO ] com.zaxxer.hikari.HikariDataSource - HikariPool-1 - Start completed.
2021-04-26 23:45:12.529 [INFO ] org.hibernate.dialect.Dialect - HHH000400: Using dialect: org.hibernate.dialect.MySQL57Dialect
2021-04-26 23:45:13.170 [INFO ] org.hibernate.engine.transaction.jta.platform.internal.JtaPlatformInitiator - HHH000490: Using JtaPlatform implementation: [org.hibernate.engine.transaction.jta.platform.internal.NoJtaPlatform]
2021-04-26 23:45:13.177 [INFO ] org.springframework.orm.jpa.LocalContainerEntityManagerFactoryBean - Initialized JPA EntityManagerFactory for persistence unit 'default'
2021-04-26 23:45:13.837 [INFO ] org.springframework.boot.devtools.autoconfigure.OptionalLiveReloadServer - LiveReload server is running on port 35729
2021-04-26 23:45:14.178 [INFO ] org.springframework.security.web.DefaultSecurityFilterChain - Will secure any request with [org.springframework.security.web.context.request.async.WebAsyncManagerIntegrationFilter@f0bd0c0, org.springframework.security.web.context.SecurityContextPersistenceFilter@34ddbb71, org.springframework.security.web.header.HeaderWriterFilter@5452bed8, org.springframework.security.web.authentication.logout.LogoutFilter@248da95f, com.ling.auth.MyUsernamePasswordAuthenticationFilter@78a2fe40, org.springframework.security.web.authentication.UsernamePasswordAuthenticationFilter@79fe35e2, org.springframework.security.web.savedrequest.RequestCacheAwareFilter@7491c04, org.springframework.security.web.servletapi.SecurityContextHolderAwareRequestFilter@4ca33017, org.springframework.security.web.authentication.AnonymousAuthenticationFilter@407c8d13, org.springframework.security.web.session.SessionManagementFilter@6a02012e, org.springframework.security.web.access.ExceptionTranslationFilter@16ddb9f4, org.springframework.security.web.access.intercept.FilterSecurityInterceptor@7ea265af]
2021-04-26 23:45:14.197 [INFO ] springfox.documentation.spring.web.PropertySourcedRequestMappingHandlerMapping - Mapped URL path [/v2/api-docs] onto method [springfox.documentation.swagger2.web.Swagger2Controller#getDocumentation(String, HttpServletRequest)]
2021-04-26 23:45:14.273 [INFO ] org.springframework.scheduling.concurrent.ThreadPoolTaskExecutor - Initializing ExecutorService 'applicationTaskExecutor'
2021-04-26 23:45:14.459 [INFO ] org.apache.coyote.http11.Http11NioProtocol - Starting ProtocolHandler ["http-nio-8090"]
2021-04-26 23:45:14.482 [INFO ] org.springframework.boot.web.embedded.tomcat.TomcatWebServer - Tomcat started on port(s): 8090 (http) with context path ''
2021-04-26 23:45:14.483 [INFO ] springfox.documentation.spring.web.plugins.DocumentationPluginsBootstrapper - Context refreshed
2021-04-26 23:45:14.497 [INFO ] springfox.documentation.spring.web.plugins.DocumentationPluginsBootstrapper - Found 1 custom documentation plugin(s)
2021-04-26 23:45:14.521 [INFO ] springfox.documentation.spring.web.scanners.ApiListingReferenceScanner - Scanning for api listing references
2021-04-26 23:45:14.537 [INFO ] com.ling.LingApplication - Started LingApplication in 5.966 seconds (JVM running for 6.977)
2021-04-26 23:45:17.201 [INFO ] org.apache.catalina.core.ContainerBase.[Tomcat].[localhost].[/] - Initializing Spring DispatcherServlet 'dispatcherServlet'
